[0.021s] Invoking command in '/home/tedee/tb3_ws/build/turtlebot3_navigation2': CMAKE_PREFIX_PATH=/opt/ros/humble /usr/bin/cmake /home/tedee/tb3_ws/src/turtlebot3/turtlebot3_navigation2 -DAMENT_CMAKE_SYMLINK_INSTALL=1 -DCMAKE_INSTALL_PREFIX=/home/tedee/tb3_ws/install/turtlebot3_navigation2
[0.273s] -- The C compiler identification is GNU 11.4.0
[0.706s] -- The CXX compiler identification is GNU 11.4.0
[0.718s] -- Detecting C compiler ABI info
[0.828s] -- Detecting C compiler ABI info - done
[0.832s] -- Check for working C compiler: /usr/bin/cc - skipped
[0.833s] -- Detecting C compile features
[0.834s] -- Detecting C compile features - done
[0.837s] -- Detecting CXX compiler ABI info
[0.932s] -- Detecting CXX compiler ABI info - done
[0.937s] -- Check for working CXX compiler: /usr/bin/c++ - skipped
[0.937s] -- Detecting CXX compile features
[0.938s] -- Detecting CXX compile features - done
[0.940s] -- Found ament_cmake: 1.3.11 (/opt/ros/humble/share/ament_cmake/cmake)
[1.056s] -- Found Python3: /usr/bin/python3 (found version "3.10.12") found components: Interpreter 
[1.127s] -- Override CMake install command with custom implementation using symlinks instead of copying resources
[1.221s] -- Configuring done
[1.224s] -- Generating done
[1.225s] -- Build files have been written to: /home/tedee/tb3_ws/build/turtlebot3_navigation2
[1.232s] Invoked command in '/home/tedee/tb3_ws/build/turtlebot3_navigation2' returned '0': CMAKE_PREFIX_PATH=/opt/ros/humble /usr/bin/cmake /home/tedee/tb3_ws/src/turtlebot3/turtlebot3_navigation2 -DAMENT_CMAKE_SYMLINK_INSTALL=1 -DCMAKE_INSTALL_PREFIX=/home/tedee/tb3_ws/install/turtlebot3_navigation2
[1.233s] Invoking command in '/home/tedee/tb3_ws/build/turtlebot3_navigation2': CMAKE_PREFIX_PATH=/opt/ros/humble /usr/bin/cmake --build /home/tedee/tb3_ws/build/turtlebot3_navigation2 -- -j20 -l20
[1.267s] Invoked command in '/home/tedee/tb3_ws/build/turtlebot3_navigation2' returned '0': CMAKE_PREFIX_PATH=/opt/ros/humble /usr/bin/cmake --build /home/tedee/tb3_ws/build/turtlebot3_navigation2 -- -j20 -l20
[1.268s] Invoking command in '/home/tedee/tb3_ws/build/turtlebot3_navigation2': CMAKE_PREFIX_PATH=/opt/ros/humble /usr/bin/cmake --install /home/tedee/tb3_ws/build/turtlebot3_navigation2
[1.273s] -- Install configuration: ""
[1.273s] -- Execute custom install script
[1.274s] -- Symlinking: /home/tedee/tb3_ws/install/turtlebot3_navigation2/share/turtlebot3_navigation2/launch/navigation2.launch.py
[1.279s] -- Symlinking: /home/tedee/tb3_ws/install/turtlebot3_navigation2/share/turtlebot3_navigation2/map/map.pgm
[1.284s] -- Symlinking: /home/tedee/tb3_ws/install/turtlebot3_navigation2/share/turtlebot3_navigation2/map/map.yaml
[1.290s] -- Symlinking: /home/tedee/tb3_ws/install/turtlebot3_navigation2/share/turtlebot3_navigation2/param/burger.yaml
[1.298s] -- Symlinking: /home/tedee/tb3_ws/install/turtlebot3_navigation2/share/turtlebot3_navigation2/param/burger_cam.yaml
[1.304s] -- Symlinking: /home/tedee/tb3_ws/install/turtlebot3_navigation2/share/turtlebot3_navigation2/param/humble/burger.yaml
[1.311s] -- Symlinking: /home/tedee/tb3_ws/install/turtlebot3_navigation2/share/turtlebot3_navigation2/param/humble/burger_cam.yaml
[1.319s] -- Symlinking: /home/tedee/tb3_ws/install/turtlebot3_navigation2/share/turtlebot3_navigation2/param/humble/waffle.yaml
[1.327s] -- Symlinking: /home/tedee/tb3_ws/install/turtlebot3_navigation2/share/turtlebot3_navigation2/param/humble/waffle_pi.yaml
[1.333s] -- Symlinking: /home/tedee/tb3_ws/install/turtlebot3_navigation2/share/turtlebot3_navigation2/param/waffle.yaml
[1.339s] -- Symlinking: /home/tedee/tb3_ws/install/turtlebot3_navigation2/share/turtlebot3_navigation2/param/waffle_pi.yaml
[1.346s] -- Symlinking: /home/tedee/tb3_ws/install/turtlebot3_navigation2/share/turtlebot3_navigation2/rviz/tb3_navigation2.rviz
[1.354s] -- Symlinking: /home/tedee/tb3_ws/install/turtlebot3_navigation2/share/ament_index/resource_index/package_run_dependencies/turtlebot3_navigation2
[1.359s] -- Symlinking: /home/tedee/tb3_ws/install/turtlebot3_navigation2/share/ament_index/resource_index/parent_prefix_path/turtlebot3_navigation2
[1.365s] -- Symlinking: /home/tedee/tb3_ws/install/turtlebot3_navigation2/share/turtlebot3_navigation2/environment/ament_prefix_path.sh
[1.371s] -- Symlinking: /home/tedee/tb3_ws/install/turtlebot3_navigation2/share/turtlebot3_navigation2/environment/ament_prefix_path.dsv
[1.378s] -- Symlinking: /home/tedee/tb3_ws/install/turtlebot3_navigation2/share/turtlebot3_navigation2/environment/path.sh
[1.386s] -- Symlinking: /home/tedee/tb3_ws/install/turtlebot3_navigation2/share/turtlebot3_navigation2/environment/path.dsv
[1.393s] -- Symlinking: /home/tedee/tb3_ws/install/turtlebot3_navigation2/share/turtlebot3_navigation2/local_setup.bash
[1.401s] -- Symlinking: /home/tedee/tb3_ws/install/turtlebot3_navigation2/share/turtlebot3_navigation2/local_setup.sh
[1.408s] -- Symlinking: /home/tedee/tb3_ws/install/turtlebot3_navigation2/share/turtlebot3_navigation2/local_setup.zsh
[1.414s] -- Symlinking: /home/tedee/tb3_ws/install/turtlebot3_navigation2/share/turtlebot3_navigation2/local_setup.dsv
[1.421s] -- Symlinking: /home/tedee/tb3_ws/install/turtlebot3_navigation2/share/turtlebot3_navigation2/package.dsv
[1.427s] -- Symlinking: /home/tedee/tb3_ws/install/turtlebot3_navigation2/share/ament_index/resource_index/packages/turtlebot3_navigation2
[1.433s] -- Symlinking: /home/tedee/tb3_ws/install/turtlebot3_navigation2/share/turtlebot3_navigation2/cmake/turtlebot3_navigation2Config.cmake
[1.440s] -- Symlinking: /home/tedee/tb3_ws/install/turtlebot3_navigation2/share/turtlebot3_navigation2/cmake/turtlebot3_navigation2Config-version.cmake
[1.446s] -- Symlinking: /home/tedee/tb3_ws/install/turtlebot3_navigation2/share/turtlebot3_navigation2/package.xml
[1.454s] Invoked command in '/home/tedee/tb3_ws/build/turtlebot3_navigation2' returned '0': CMAKE_PREFIX_PATH=/opt/ros/humble /usr/bin/cmake --install /home/tedee/tb3_ws/build/turtlebot3_navigation2
