[0.019s] Invoking command in '/home/tedee/tb3_ws/build/turtlebot3_gazebo': CMAKE_PREFIX_PATH=${CMAKE_PREFIX_PATH}:/home/tedee/tb3_ws/install/tb3_fsm_patrol:/home/tedee/tb3_ws/install/turtlebot3_teleop:/home/tedee/tb3_ws/install/turtlebot3_example:/opt/ros/humble /usr/bin/cmake /home/tedee/tb3_ws/src/turtlebot3_simulations/turtlebot3_gazebo -DCMAKE_INSTALL_PREFIX=/home/tedee/tb3_ws/install/turtlebot3_gazebo
[0.257s] -- Found ament_cmake: 1.3.11 (/opt/ros/humble/share/ament_cmake/cmake)
[0.257s] -- Override CMake install command with custom implementation using symlinks instead of copying resources
[0.257s] -- Found DART: /usr/include (Required is at least version "6.6") found components: dart 
[0.257s] -- Found Protobuf: /usr/lib/x86_64-linux-gnu/libprotobuf.so (found version "3.12.4") 
[0.257s] -- Looking for ignition-math6 -- found version 6.15.1
[0.257s] -- Searching for dependencies of ignition-math6
[0.257s] -- Looking for OGRE...
[0.257s] -- Found Ogre Ghadamon (1.9.0)
[0.257s] -- Found OGRE: optimized;/usr/lib/x86_64-linux-gnu/libOgreMain.so;debug;/usr/lib/x86_64-linux-gnu/libOgreMain.so
[0.257s] -- Looking for OGRE_Paging...
[0.257s] -- Found OGRE_Paging: optimized;/usr/lib/x86_64-linux-gnu/libOgrePaging.so;debug;/usr/lib/x86_64-linux-gnu/libOgrePaging.so
[0.257s] -- Looking for OGRE_Terrain...
[0.257s] -- Found OGRE_Terrain: optimized;/usr/lib/x86_64-linux-gnu/libOgreTerrain.so;debug;/usr/lib/x86_64-linux-gnu/libOgreTerrain.so
[0.257s] -- Looking for OGRE_Property...
[0.257s] -- Found OGRE_Property: optimized;/usr/lib/x86_64-linux-gnu/libOgreProperty.so;debug;/usr/lib/x86_64-linux-gnu/libOgreProperty.so
[0.257s] -- Looking for OGRE_RTShaderSystem...
[0.257s] -- Found OGRE_RTShaderSystem: optimized;/usr/lib/x86_64-linux-gnu/libOgreRTShaderSystem.so;debug;/usr/lib/x86_64-linux-gnu/libOgreRTShaderSystem.so
[0.257s] -- Looking for OGRE_Volume...
[0.257s] -- Found OGRE_Volume: optimized;/usr/lib/x86_64-linux-gnu/libOgreVolume.so;debug;/usr/lib/x86_64-linux-gnu/libOgreVolume.so
[0.257s] -- Looking for OGRE_Overlay...
[0.257s] -- Found OGRE_Overlay: optimized;/usr/lib/x86_64-linux-gnu/libOgreOverlay.so;debug;/usr/lib/x86_64-linux-gnu/libOgreOverlay.so
[0.258s] -- Looking for ignition-math6 -- found version 6.15.1
[0.258s] -- Looking for ignition-transport8 -- found version 8.2.1
[0.258s] [33mCMake Warning (dev) at /usr/share/cmake-3.22/Modules/FindPackageHandleStandardArgs.cmake:438 (message):
[0.258s]   The package name passed to `find_package_handle_standard_args` (PkgConfig)
[0.258s]   does not match the name of the calling package (gazebo).  This can lead to
[0.258s]   problems in calling code that expects `find_package` result variables
[0.258s]   (e.g., `_FOUND`) to follow a certain pattern.
[0.258s] Call Stack (most recent call first):
[0.258s]   /usr/share/cmake-3.22/Modules/FindPkgConfig.cmake:99 (find_package_handle_standard_args)
[0.258s]   /usr/lib/x86_64-linux-gnu/cmake/gazebo/gazebo-config.cmake:72 (include)
[0.258s]   CMakeLists.txt:23 (find_package)
[0.258s] This warning is for project developers.  Use -Wno-dev to suppress it.
[0.258s] [0m
[0.258s] -- Searching for dependencies of ignition-transport8
[0.268s] -- Found Protobuf: /usr/lib/x86_64-linux-gnu/libprotobuf.so (found suitable version "3.12.4", minimum required is "3") 
[0.276s] -- Config-file not installed for ZeroMQ -- checking for pkg-config
[0.280s] -- Checking for module 'libzmq >= 4'
[0.291s] --   Found libzmq , version 4.3.4
[0.321s] -- Checking for module 'uuid'
[0.331s] --   Found uuid, version 2.37.2
[0.355s] -- Looking for ignition-msgs5 -- found version 5.8.1
[0.356s] -- Searching for dependencies of ignition-msgs5
[0.369s] -- Looking for ignition-math6 -- found version 6.15.1
[0.373s] -- Checking for module 'tinyxml2'
[0.383s] --   Found tinyxml2, version 9.0.0
[0.407s] -- Looking for ignition-msgs5 -- found version 5.8.1
[0.407s] -- Looking for ignition-common3 -- found version 3.14.0
[0.408s] -- Searching for dependencies of ignition-common3
[0.408s] -- Looking for dlfcn.h - found
[0.408s] -- Looking for libdl - found
[0.417s] -- Searching for <ignition-common3> component [graphics]
[0.417s] -- Looking for ignition-common3-graphics -- found version 3.14.0
[0.417s] -- Searching for dependencies of ignition-common3-graphics
[0.417s] -- Looking for ignition-math6 -- found version 6.15.1
[0.418s] -- Looking for ignition-fuel_tools4 -- found version 4.4.0
[0.418s] -- Searching for dependencies of ignition-fuel_tools4
[0.448s] -- Checking for module 'jsoncpp'
[0.459s] --   Found jsoncpp, version 1.9.5
[0.490s] -- Checking for module 'libzip'
[0.499s] --   Found libzip, version 1.7.3
[0.524s] -- Looking for ignition-common3 -- found version 3.14.0
[0.524s] -- Looking for ignition-math6 -- found version 6.15.1
[0.525s] -- Looking for ignition-msgs5 -- found version 5.8.1
[0.526s] -- Found gazebo_ros_pkgs: 3.9.0 (/opt/ros/humble/share/gazebo_ros_pkgs/cmake)
[0.526s] -- Found geometry_msgs: 4.8.0 (/opt/ros/humble/share/geometry_msgs/cmake)
[0.537s] -- Found rosidl_generator_c: 3.1.6 (/opt/ros/humble/share/rosidl_generator_c/cmake)
[0.538s] -- Found rosidl_adapter: 3.1.6 (/opt/ros/humble/share/rosidl_adapter/cmake)
[0.542s] -- Found rosidl_generator_cpp: 3.1.6 (/opt/ros/humble/share/rosidl_generator_cpp/cmake)
[0.548s] -- Using all available rosidl_typesupport_c: rosidl_typesupport_fastrtps_c;rosidl_typesupport_introspection_c
[0.555s] -- Using all available rosidl_typesupport_cpp: rosidl_typesupport_fastrtps_cpp;rosidl_typesupport_introspection_cpp
[0.576s] -- Found nav_msgs: 4.8.0 (/opt/ros/humble/share/nav_msgs/cmake)
[0.586s] -- Found rclcpp: 16.0.12 (/opt/ros/humble/share/rclcpp/cmake)
[0.602s] -- Found rmw_implementation_cmake: 6.1.2 (/opt/ros/humble/share/rmw_implementation_cmake/cmake)
[0.603s] -- Found rmw_fastrtps_cpp: 6.2.7 (/opt/ros/humble/share/rmw_fastrtps_cpp/cmake)
[0.679s] -- Using RMW implementation 'rmw_fastrtps_cpp' as default
[0.702s] -- Found sensor_msgs: 4.8.0 (/opt/ros/humble/share/sensor_msgs/cmake)
[0.713s] -- Found tf2: 0.25.12 (/opt/ros/humble/share/tf2/cmake)
[0.759s] -- Configuring done
[0.783s] -- Generating done
[0.788s] -- Build files have been written to: /home/tedee/tb3_ws/build/turtlebot3_gazebo
[0.796s] Invoked command in '/home/tedee/tb3_ws/build/turtlebot3_gazebo' returned '0': CMAKE_PREFIX_PATH=${CMAKE_PREFIX_PATH}:/home/tedee/tb3_ws/install/tb3_fsm_patrol:/home/tedee/tb3_ws/install/turtlebot3_teleop:/home/tedee/tb3_ws/install/turtlebot3_example:/opt/ros/humble /usr/bin/cmake /home/tedee/tb3_ws/src/turtlebot3_simulations/turtlebot3_gazebo -DCMAKE_INSTALL_PREFIX=/home/tedee/tb3_ws/install/turtlebot3_gazebo
[0.797s] Invoking command in '/home/tedee/tb3_ws/build/turtlebot3_gazebo': CMAKE_PREFIX_PATH=${CMAKE_PREFIX_PATH}:/home/tedee/tb3_ws/install/tb3_fsm_patrol:/home/tedee/tb3_ws/install/turtlebot3_teleop:/home/tedee/tb3_ws/install/turtlebot3_example:/opt/ros/humble /usr/bin/cmake --build /home/tedee/tb3_ws/build/turtlebot3_gazebo -- -j20 -l20
[0.830s] [35m[1mConsolidate compiler generated dependencies of target obstacles[0m
[0.830s] [35m[1mConsolidate compiler generated dependencies of target obstacle2[0m
[0.831s] [35m[1mConsolidate compiler generated dependencies of target turtlebot3_drive[0m
[0.832s] [35m[1mConsolidate compiler generated dependencies of target traffic_bar_plugin[0m
[0.832s] [35m[1mConsolidate compiler generated dependencies of target traffic_light_plugin[0m
[0.833s] [35m[1mConsolidate compiler generated dependencies of target obstacle1[0m
[0.848s] [ 16%] Built target turtlebot3_drive
[0.853s] [ 33%] Built target traffic_light_plugin
[0.853s] [ 50%] Built target obstacles
[0.855s] [ 66%] Built target obstacle2
[0.855s] [ 83%] Built target traffic_bar_plugin
[0.859s] [100%] Built target obstacle1
[0.867s] Invoked command in '/home/tedee/tb3_ws/build/turtlebot3_gazebo' returned '0': CMAKE_PREFIX_PATH=${CMAKE_PREFIX_PATH}:/home/tedee/tb3_ws/install/tb3_fsm_patrol:/home/tedee/tb3_ws/install/turtlebot3_teleop:/home/tedee/tb3_ws/install/turtlebot3_example:/opt/ros/humble /usr/bin/cmake --build /home/tedee/tb3_ws/build/turtlebot3_gazebo -- -j20 -l20
[0.868s] Invoking command in '/home/tedee/tb3_ws/build/turtlebot3_gazebo': CMAKE_PREFIX_PATH=${CMAKE_PREFIX_PATH}:/home/tedee/tb3_ws/install/tb3_fsm_patrol:/home/tedee/tb3_ws/install/turtlebot3_teleop:/home/tedee/tb3_ws/install/turtlebot3_example:/opt/ros/humble /usr/bin/cmake --install /home/tedee/tb3_ws/build/turtlebot3_gazebo
[0.872s] -- Install configuration: ""
[0.873s] -- Execute custom install script
[0.873s] -- Up-to-date symlink: /home/tedee/tb3_ws/install/turtlebot3_gazebo/lib/turtlebot3_gazebo/turtlebot3_drive
[0.873s] -- Up-to-date symlink: /home/tedee/tb3_ws/install/turtlebot3_gazebo/share/turtlebot3_gazebo//launch/empty_world.launch.py
[0.873s] -- Up-to-date symlink: /home/tedee/tb3_ws/install/turtlebot3_gazebo/share/turtlebot3_gazebo//launch/multi_robot.launch.py
[0.873s] -- Up-to-date symlink: /home/tedee/tb3_ws/install/turtlebot3_gazebo/share/turtlebot3_gazebo//launch/multi_spawn_turtlebot3.launch.py
[0.873s] -- Up-to-date symlink: /home/tedee/tb3_ws/install/turtlebot3_gazebo/share/turtlebot3_gazebo//launch/robot_state_publisher.launch.py
[0.873s] -- Up-to-date symlink: /home/tedee/tb3_ws/install/turtlebot3_gazebo/share/turtlebot3_gazebo//launch/spawn_turtlebot3.launch.py
[0.873s] -- Up-to-date symlink: /home/tedee/tb3_ws/install/turtlebot3_gazebo/share/turtlebot3_gazebo//launch/turtlebot3_autorace_2020.launch.py
[0.873s] -- Up-to-date symlink: /home/tedee/tb3_ws/install/turtlebot3_gazebo/share/turtlebot3_gazebo//launch/turtlebot3_dqn_stage1.launch.py
[0.874s] -- Up-to-date symlink: /home/tedee/tb3_ws/install/turtlebot3_gazebo/share/turtlebot3_gazebo//launch/turtlebot3_dqn_stage2.launch.py
[0.874s] -- Up-to-date symlink: /home/tedee/tb3_ws/install/turtlebot3_gazebo/share/turtlebot3_gazebo//launch/turtlebot3_dqn_stage3.launch.py
[0.874s] -- Up-to-date symlink: /home/tedee/tb3_ws/install/turtlebot3_gazebo/share/turtlebot3_gazebo//launch/turtlebot3_dqn_stage4.launch.py
[0.874s] -- Up-to-date symlink: /home/tedee/tb3_ws/install/turtlebot3_gazebo/share/turtlebot3_gazebo//launch/turtlebot3_house.launch.py
[0.874s] -- Up-to-date symlink: /home/tedee/tb3_ws/install/turtlebot3_gazebo/share/turtlebot3_gazebo//launch/turtlebot3_world.launch.py
[0.875s] -- Up-to-date symlink: /home/tedee/tb3_ws/install/turtlebot3_gazebo/share/turtlebot3_gazebo//models/turtlebot3_autorace_2020/checker/materials/checker.png
[0.875s] -- Up-to-date symlink: /home/tedee/tb3_ws/install/turtlebot3_gazebo/share/turtlebot3_gazebo//models/turtlebot3_autorace_2020/checker/materials/scripts/checker.material
[0.875s] -- Up-to-date symlink: /home/tedee/tb3_ws/install/turtlebot3_gazebo/share/turtlebot3_gazebo//models/turtlebot3_autorace_2020/checker/materials/textures/checker.png
[0.875s] -- Up-to-date symlink: /home/tedee/tb3_ws/install/turtlebot3_gazebo/share/turtlebot3_gazebo//models/turtlebot3_autorace_2020/checker/model.config
[0.875s] -- Up-to-date symlink: /home/tedee/tb3_ws/install/turtlebot3_gazebo/share/turtlebot3_gazebo//models/turtlebot3_autorace_2020/checker/model.sdf
[0.875s] -- Up-to-date symlink: /home/tedee/tb3_ws/install/turtlebot3_gazebo/share/turtlebot3_gazebo//models/turtlebot3_autorace_2020/course/materials/scripts/course.material
[0.875s] -- Up-to-date symlink: /home/tedee/tb3_ws/install/turtlebot3_gazebo/share/turtlebot3_gazebo//models/turtlebot3_autorace_2020/course/materials/textures/course.png
[0.875s] -- Up-to-date symlink: /home/tedee/tb3_ws/install/turtlebot3_gazebo/share/turtlebot3_gazebo//models/turtlebot3_autorace_2020/course/model.config
[0.875s] -- Up-to-date symlink: /home/tedee/tb3_ws/install/turtlebot3_gazebo/share/turtlebot3_gazebo//models/turtlebot3_autorace_2020/course/model.sdf
[0.875s] -- Up-to-date symlink: /home/tedee/tb3_ws/install/turtlebot3_gazebo/share/turtlebot3_gazebo//models/turtlebot3_autorace_2020/traffic_bar/materials/scripts/traffic_bar.material
[0.875s] -- Up-to-date symlink: /home/tedee/tb3_ws/install/turtlebot3_gazebo/share/turtlebot3_gazebo//models/turtlebot3_autorace_2020/traffic_bar/materials/textures/traffic_bar.png
[0.876s] -- Up-to-date symlink: /home/tedee/tb3_ws/install/turtlebot3_gazebo/share/turtlebot3_gazebo//models/turtlebot3_autorace_2020/traffic_bar/model.config
[0.876s] -- Up-to-date symlink: /home/tedee/tb3_ws/install/turtlebot3_gazebo/share/turtlebot3_gazebo//models/turtlebot3_autorace_2020/traffic_bar/model.sdf
[0.876s] -- Up-to-date symlink: /home/tedee/tb3_ws/install/turtlebot3_gazebo/share/turtlebot3_gazebo//models/turtlebot3_autorace_2020/traffic_construction/materials/scripts/traffic_construction.material
[0.876s] -- Up-to-date symlink: /home/tedee/tb3_ws/install/turtlebot3_gazebo/share/turtlebot3_gazebo//models/turtlebot3_autorace_2020/traffic_construction/materials/textures/traffic_construction.png
[0.876s] -- Up-to-date symlink: /home/tedee/tb3_ws/install/turtlebot3_gazebo/share/turtlebot3_gazebo//models/turtlebot3_autorace_2020/traffic_construction/model.config
[0.876s] -- Up-to-date symlink: /home/tedee/tb3_ws/install/turtlebot3_gazebo/share/turtlebot3_gazebo//models/turtlebot3_autorace_2020/traffic_construction/model.sdf
[0.876s] -- Up-to-date symlink: /home/tedee/tb3_ws/install/turtlebot3_gazebo/share/turtlebot3_gazebo//models/turtlebot3_autorace_2020/traffic_intersection/materials/scripts/traffic_intersection.material
[0.876s] -- Up-to-date symlink: /home/tedee/tb3_ws/install/turtlebot3_gazebo/share/turtlebot3_gazebo//models/turtlebot3_autorace_2020/traffic_intersection/materials/textures/traffic_intersection.png
[0.876s] -- Up-to-date symlink: /home/tedee/tb3_ws/install/turtlebot3_gazebo/share/turtlebot3_gazebo//models/turtlebot3_autorace_2020/traffic_intersection/model.config
[0.876s] -- Up-to-date symlink: /home/tedee/tb3_ws/install/turtlebot3_gazebo/share/turtlebot3_gazebo//models/turtlebot3_autorace_2020/traffic_intersection/model.sdf
[0.876s] -- Up-to-date symlink: /home/tedee/tb3_ws/install/turtlebot3_gazebo/share/turtlebot3_gazebo//models/turtlebot3_autorace_2020/traffic_left/materials/scripts/traffic_is_left.material
[0.876s] -- Up-to-date symlink: /home/tedee/tb3_ws/install/turtlebot3_gazebo/share/turtlebot3_gazebo//models/turtlebot3_autorace_2020/traffic_left/materials/textures/traffic_left.png
[0.876s] -- Up-to-date symlink: /home/tedee/tb3_ws/install/turtlebot3_gazebo/share/turtlebot3_gazebo//models/turtlebot3_autorace_2020/traffic_left/model.config
[0.876s] -- Up-to-date symlink: /home/tedee/tb3_ws/install/turtlebot3_gazebo/share/turtlebot3_gazebo//models/turtlebot3_autorace_2020/traffic_left/model.sdf
[0.877s] -- Up-to-date symlink: /home/tedee/tb3_ws/install/turtlebot3_gazebo/share/turtlebot3_gazebo//models/turtlebot3_autorace_2020/traffic_light/materials/scripts/traffic_light.material
[0.877s] -- Up-to-date symlink: /home/tedee/tb3_ws/install/turtlebot3_gazebo/share/turtlebot3_gazebo//models/turtlebot3_autorace_2020/traffic_light/materials/textures/traffic_light.png
[0.877s] -- Up-to-date symlink: /home/tedee/tb3_ws/install/turtlebot3_gazebo/share/turtlebot3_gazebo//models/turtlebot3_autorace_2020/traffic_light/materials/textures/traffic_light_green.png
[0.877s] -- Up-to-date symlink: /home/tedee/tb3_ws/install/turtlebot3_gazebo/share/turtlebot3_gazebo//models/turtlebot3_autorace_2020/traffic_light/materials/textures/traffic_light_red.png
[0.877s] -- Up-to-date symlink: /home/tedee/tb3_ws/install/turtlebot3_gazebo/share/turtlebot3_gazebo//models/turtlebot3_autorace_2020/traffic_light/materials/textures/traffic_light_yellow.png
[0.877s] -- Up-to-date symlink: /home/tedee/tb3_ws/install/turtlebot3_gazebo/share/turtlebot3_gazebo//models/turtlebot3_autorace_2020/traffic_light/model.config
[0.877s] -- Up-to-date symlink: /home/tedee/tb3_ws/install/turtlebot3_gazebo/share/turtlebot3_gazebo//models/turtlebot3_autorace_2020/traffic_light/model.sdf
[0.877s] -- Up-to-date symlink: /home/tedee/tb3_ws/install/turtlebot3_gazebo/share/turtlebot3_gazebo//models/turtlebot3_autorace_2020/traffic_noentry/materials/scripts/traffic_noentry.material
[0.877s] -- Up-to-date symlink: /home/tedee/tb3_ws/install/turtlebot3_gazebo/share/turtlebot3_gazebo//models/turtlebot3_autorace_2020/traffic_noentry/materials/textures/traffic_noentry.png
[0.877s] -- Up-to-date symlink: /home/tedee/tb3_ws/install/turtlebot3_gazebo/share/turtlebot3_gazebo//models/turtlebot3_autorace_2020/traffic_noentry/model.config
[0.877s] -- Up-to-date symlink: /home/tedee/tb3_ws/install/turtlebot3_gazebo/share/turtlebot3_gazebo//models/turtlebot3_autorace_2020/traffic_noentry/model.sdf
[0.877s] -- Up-to-date symlink: /home/tedee/tb3_ws/install/turtlebot3_gazebo/share/turtlebot3_gazebo//models/turtlebot3_autorace_2020/traffic_parking/materials/scripts/traffic_parking.material
[0.877s] -- Up-to-date symlink: /home/tedee/tb3_ws/install/turtlebot3_gazebo/share/turtlebot3_gazebo//models/turtlebot3_autorace_2020/traffic_parking/materials/textures/traffic_parking.png
[0.877s] -- Up-to-date symlink: /home/tedee/tb3_ws/install/turtlebot3_gazebo/share/turtlebot3_gazebo//models/turtlebot3_autorace_2020/traffic_parking/model.config
[0.878s] -- Up-to-date symlink: /home/tedee/tb3_ws/install/turtlebot3_gazebo/share/turtlebot3_gazebo//models/turtlebot3_autorace_2020/traffic_parking/model.sdf
[0.878s] -- Up-to-date symlink: /home/tedee/tb3_ws/install/turtlebot3_gazebo/share/turtlebot3_gazebo//models/turtlebot3_autorace_2020/traffic_pl_left/materials/scripts/traffic_pl_left.material
[0.878s] -- Up-to-date symlink: /home/tedee/tb3_ws/install/turtlebot3_gazebo/share/turtlebot3_gazebo//models/turtlebot3_autorace_2020/traffic_pl_left/materials/textures/traffic_pl_left.png
[0.878s] -- Up-to-date symlink: /home/tedee/tb3_ws/install/turtlebot3_gazebo/share/turtlebot3_gazebo//models/turtlebot3_autorace_2020/traffic_pl_left/model.config
[0.878s] -- Up-to-date symlink: /home/tedee/tb3_ws/install/turtlebot3_gazebo/share/turtlebot3_gazebo//models/turtlebot3_autorace_2020/traffic_pl_left/model.sdf
[0.878s] -- Up-to-date symlink: /home/tedee/tb3_ws/install/turtlebot3_gazebo/share/turtlebot3_gazebo//models/turtlebot3_autorace_2020/traffic_right/materials/scripts/traffic_right.material
[0.878s] -- Up-to-date symlink: /home/tedee/tb3_ws/install/turtlebot3_gazebo/share/turtlebot3_gazebo//models/turtlebot3_autorace_2020/traffic_right/materials/textures/traffic_right.png
[0.878s] -- Up-to-date symlink: /home/tedee/tb3_ws/install/turtlebot3_gazebo/share/turtlebot3_gazebo//models/turtlebot3_autorace_2020/traffic_right/model.config
[0.878s] -- Up-to-date symlink: /home/tedee/tb3_ws/install/turtlebot3_gazebo/share/turtlebot3_gazebo//models/turtlebot3_autorace_2020/traffic_right/model.sdf
[0.878s] -- Up-to-date symlink: /home/tedee/tb3_ws/install/turtlebot3_gazebo/share/turtlebot3_gazebo//models/turtlebot3_autorace_2020/traffic_stop/materials/scripts/traffic_stop.material
[0.878s] -- Up-to-date symlink: /home/tedee/tb3_ws/install/turtlebot3_gazebo/share/turtlebot3_gazebo//models/turtlebot3_autorace_2020/traffic_stop/materials/textures/traffic_stop.png
[0.878s] -- Up-to-date symlink: /home/tedee/tb3_ws/install/turtlebot3_gazebo/share/turtlebot3_gazebo//models/turtlebot3_autorace_2020/traffic_stop/model.config
[0.878s] -- Up-to-date symlink: /home/tedee/tb3_ws/install/turtlebot3_gazebo/share/turtlebot3_gazebo//models/turtlebot3_autorace_2020/traffic_stop/model.sdf
[0.878s] -- Up-to-date symlink: /home/tedee/tb3_ws/install/turtlebot3_gazebo/share/turtlebot3_gazebo//models/turtlebot3_autorace_2020/traffic_tunnel/materials/scripts/tunnel.material
[0.879s] -- Up-to-date symlink: /home/tedee/tb3_ws/install/turtlebot3_gazebo/share/turtlebot3_gazebo//models/turtlebot3_autorace_2020/traffic_tunnel/materials/textures/tunnel.png
[0.879s] -- Up-to-date symlink: /home/tedee/tb3_ws/install/turtlebot3_gazebo/share/turtlebot3_gazebo//models/turtlebot3_autorace_2020/traffic_tunnel/model.config
[0.879s] -- Up-to-date symlink: /home/tedee/tb3_ws/install/turtlebot3_gazebo/share/turtlebot3_gazebo//models/turtlebot3_autorace_2020/traffic_tunnel/model.sdf
[0.879s] -- Up-to-date symlink: /home/tedee/tb3_ws/install/turtlebot3_gazebo/share/turtlebot3_gazebo//models/turtlebot3_burger/model-1_4.sdf
[0.879s] -- Up-to-date symlink: /home/tedee/tb3_ws/install/turtlebot3_gazebo/share/turtlebot3_gazebo//models/turtlebot3_burger/model.config
[0.879s] -- Up-to-date symlink: /home/tedee/tb3_ws/install/turtlebot3_gazebo/share/turtlebot3_gazebo//models/turtlebot3_burger/model.sdf
[0.879s] -- Up-to-date symlink: /home/tedee/tb3_ws/install/turtlebot3_gazebo/share/turtlebot3_gazebo//models/turtlebot3_burger_cam/model-1_4.sdf
[0.879s] -- Up-to-date symlink: /home/tedee/tb3_ws/install/turtlebot3_gazebo/share/turtlebot3_gazebo//models/turtlebot3_burger_cam/model.config
[0.879s] -- Up-to-date symlink: /home/tedee/tb3_ws/install/turtlebot3_gazebo/share/turtlebot3_gazebo//models/turtlebot3_burger_cam/model.sdf
[0.879s] -- Up-to-date symlink: /home/tedee/tb3_ws/install/turtlebot3_gazebo/share/turtlebot3_gazebo//models/turtlebot3_common/meshes/bases/burger_base.stl
[0.879s] -- Up-to-date symlink: /home/tedee/tb3_ws/install/turtlebot3_gazebo/share/turtlebot3_gazebo//models/turtlebot3_common/meshes/bases/waffle_base.stl
[0.879s] -- Up-to-date symlink: /home/tedee/tb3_ws/install/turtlebot3_gazebo/share/turtlebot3_gazebo//models/turtlebot3_common/meshes/bases/waffle_pi_base.stl
[0.879s] -- Up-to-date symlink: /home/tedee/tb3_ws/install/turtlebot3_gazebo/share/turtlebot3_gazebo//models/turtlebot3_common/meshes/burger_base.dae
[0.879s] -- Up-to-date symlink: /home/tedee/tb3_ws/install/turtlebot3_gazebo/share/turtlebot3_gazebo//models/turtlebot3_common/meshes/lds.dae
[0.879s] -- Up-to-date symlink: /home/tedee/tb3_ws/install/turtlebot3_gazebo/share/turtlebot3_gazebo//models/turtlebot3_common/meshes/r200.dae
[0.880s] -- Up-to-date symlink: /home/tedee/tb3_ws/install/turtlebot3_gazebo/share/turtlebot3_gazebo//models/turtlebot3_common/meshes/sensors/astra.dae
[0.880s] -- Up-to-date symlink: /home/tedee/tb3_ws/install/turtlebot3_gazebo/share/turtlebot3_gazebo//models/turtlebot3_common/meshes/sensors/astra.jpg
[0.880s] -- Up-to-date symlink: /home/tedee/tb3_ws/install/turtlebot3_gazebo/share/turtlebot3_gazebo//models/turtlebot3_common/meshes/sensors/lds.stl
[0.880s] -- Up-to-date symlink: /home/tedee/tb3_ws/install/turtlebot3_gazebo/share/turtlebot3_gazebo//models/turtlebot3_common/meshes/sensors/r200.dae
[0.880s] -- Up-to-date symlink: /home/tedee/tb3_ws/install/turtlebot3_gazebo/share/turtlebot3_gazebo//models/turtlebot3_common/meshes/sensors/r200.jpg
[0.880s] -- Up-to-date symlink: /home/tedee/tb3_ws/install/turtlebot3_gazebo/share/turtlebot3_gazebo//models/turtlebot3_common/meshes/tire.dae
[0.880s] -- Up-to-date symlink: /home/tedee/tb3_ws/install/turtlebot3_gazebo/share/turtlebot3_gazebo//models/turtlebot3_common/meshes/waffle_base.dae
[0.880s] -- Up-to-date symlink: /home/tedee/tb3_ws/install/turtlebot3_gazebo/share/turtlebot3_gazebo//models/turtlebot3_common/meshes/waffle_pi_base.dae
[0.880s] -- Up-to-date symlink: /home/tedee/tb3_ws/install/turtlebot3_gazebo/share/turtlebot3_gazebo//models/turtlebot3_common/meshes/wheels/left_tire.stl
[0.880s] -- Up-to-date symlink: /home/tedee/tb3_ws/install/turtlebot3_gazebo/share/turtlebot3_gazebo//models/turtlebot3_common/meshes/wheels/right_tire.stl
[0.880s] -- Up-to-date symlink: /home/tedee/tb3_ws/install/turtlebot3_gazebo/share/turtlebot3_gazebo//models/turtlebot3_common/model.config
[0.880s] -- Up-to-date symlink: /home/tedee/tb3_ws/install/turtlebot3_gazebo/share/turtlebot3_gazebo//models/turtlebot3_dqn_world/goal_box/model.config
[0.880s] -- Up-to-date symlink: /home/tedee/tb3_ws/install/turtlebot3_gazebo/share/turtlebot3_gazebo//models/turtlebot3_dqn_world/goal_box/model.sdf
[0.880s] -- Up-to-date symlink: /home/tedee/tb3_ws/install/turtlebot3_gazebo/share/turtlebot3_gazebo//models/turtlebot3_dqn_world/inner_walls/model.config
[0.881s] -- Up-to-date symlink: /home/tedee/tb3_ws/install/turtlebot3_gazebo/share/turtlebot3_gazebo//models/turtlebot3_dqn_world/inner_walls/model.sdf
[0.881s] -- Up-to-date symlink: /home/tedee/tb3_ws/install/turtlebot3_gazebo/share/turtlebot3_gazebo//models/turtlebot3_dqn_world/model.config
[0.881s] -- Up-to-date symlink: /home/tedee/tb3_ws/install/turtlebot3_gazebo/share/turtlebot3_gazebo//models/turtlebot3_dqn_world/model.sdf
[0.881s] -- Up-to-date symlink: /home/tedee/tb3_ws/install/turtlebot3_gazebo/share/turtlebot3_gazebo//models/turtlebot3_dqn_world/obstacle1/model.config
[0.881s] -- Up-to-date symlink: /home/tedee/tb3_ws/install/turtlebot3_gazebo/share/turtlebot3_gazebo//models/turtlebot3_dqn_world/obstacle1/model.sdf
[0.881s] -- Up-to-date symlink: /home/tedee/tb3_ws/install/turtlebot3_gazebo/share/turtlebot3_gazebo//models/turtlebot3_dqn_world/obstacle2/model.config
[0.881s] -- Up-to-date symlink: /home/tedee/tb3_ws/install/turtlebot3_gazebo/share/turtlebot3_gazebo//models/turtlebot3_dqn_world/obstacle2/model.sdf
[0.881s] -- Up-to-date symlink: /home/tedee/tb3_ws/install/turtlebot3_gazebo/share/turtlebot3_gazebo//models/turtlebot3_dqn_world/obstacles/model.config
[0.881s] -- Up-to-date symlink: /home/tedee/tb3_ws/install/turtlebot3_gazebo/share/turtlebot3_gazebo//models/turtlebot3_dqn_world/obstacles/model.sdf
[0.881s] -- Up-to-date symlink: /home/tedee/tb3_ws/install/turtlebot3_gazebo/share/turtlebot3_gazebo//models/turtlebot3_house/model.config
[0.881s] -- Up-to-date symlink: /home/tedee/tb3_ws/install/turtlebot3_gazebo/share/turtlebot3_gazebo//models/turtlebot3_house/model.sdf
[0.881s] -- Up-to-date symlink: /home/tedee/tb3_ws/install/turtlebot3_gazebo/share/turtlebot3_gazebo//models/turtlebot3_waffle/model-1_4.sdf
[0.881s] -- Up-to-date symlink: /home/tedee/tb3_ws/install/turtlebot3_gazebo/share/turtlebot3_gazebo//models/turtlebot3_waffle/model.config
[0.881s] -- Up-to-date symlink: /home/tedee/tb3_ws/install/turtlebot3_gazebo/share/turtlebot3_gazebo//models/turtlebot3_waffle/model.sdf
[0.881s] -- Up-to-date symlink: /home/tedee/tb3_ws/install/turtlebot3_gazebo/share/turtlebot3_gazebo//models/turtlebot3_waffle_pi/model-1_4_.sdf
[0.882s] -- Up-to-date symlink: /home/tedee/tb3_ws/install/turtlebot3_gazebo/share/turtlebot3_gazebo//models/turtlebot3_waffle_pi/model.config
[0.882s] -- Up-to-date symlink: /home/tedee/tb3_ws/install/turtlebot3_gazebo/share/turtlebot3_gazebo//models/turtlebot3_waffle_pi/model.sdf
[0.882s] -- Up-to-date symlink: /home/tedee/tb3_ws/install/turtlebot3_gazebo/share/turtlebot3_gazebo//models/turtlebot3_world/meshes/hexagon.dae
[0.882s] -- Up-to-date symlink: /home/tedee/tb3_ws/install/turtlebot3_gazebo/share/turtlebot3_gazebo//models/turtlebot3_world/meshes/wall.dae
[0.882s] -- Up-to-date symlink: /home/tedee/tb3_ws/install/turtlebot3_gazebo/share/turtlebot3_gazebo//models/turtlebot3_world/model-1_4.sdf
[0.882s] -- Up-to-date symlink: /home/tedee/tb3_ws/install/turtlebot3_gazebo/share/turtlebot3_gazebo//models/turtlebot3_world/model.config
[0.882s] -- Up-to-date symlink: /home/tedee/tb3_ws/install/turtlebot3_gazebo/share/turtlebot3_gazebo//models/turtlebot3_world/model.sdf
[0.882s] -- Up-to-date symlink: /home/tedee/tb3_ws/install/turtlebot3_gazebo/share/turtlebot3_gazebo//rviz/tb3_gazebo.rviz
[0.882s] -- Up-to-date symlink: /home/tedee/tb3_ws/install/turtlebot3_gazebo/share/turtlebot3_gazebo//urdf/common_properties.urdf
[0.882s] -- Up-to-date symlink: /home/tedee/tb3_ws/install/turtlebot3_gazebo/share/turtlebot3_gazebo//urdf/turtlebot3_burger.urdf
[0.882s] -- Up-to-date symlink: /home/tedee/tb3_ws/install/turtlebot3_gazebo/share/turtlebot3_gazebo//urdf/turtlebot3_burger_cam.urdf
[0.882s] -- Up-to-date symlink: /home/tedee/tb3_ws/install/turtlebot3_gazebo/share/turtlebot3_gazebo//urdf/turtlebot3_waffle.urdf
[0.882s] -- Up-to-date symlink: /home/tedee/tb3_ws/install/turtlebot3_gazebo/share/turtlebot3_gazebo//urdf/turtlebot3_waffle_pi.urdf
[0.882s] -- Up-to-date symlink: /home/tedee/tb3_ws/install/turtlebot3_gazebo/share/turtlebot3_gazebo//worlds/empty_world.world
[0.882s] -- Up-to-date symlink: /home/tedee/tb3_ws/install/turtlebot3_gazebo/share/turtlebot3_gazebo//worlds/turtlebot3_autorace_2020.world
[0.882s] -- Up-to-date symlink: /home/tedee/tb3_ws/install/turtlebot3_gazebo/share/turtlebot3_gazebo//worlds/turtlebot3_dqn_stage1.world
[0.882s] -- Up-to-date symlink: /home/tedee/tb3_ws/install/turtlebot3_gazebo/share/turtlebot3_gazebo//worlds/turtlebot3_dqn_stage2.world
[0.883s] -- Up-to-date symlink: /home/tedee/tb3_ws/install/turtlebot3_gazebo/share/turtlebot3_gazebo//worlds/turtlebot3_dqn_stage3.world
[0.883s] -- Up-to-date symlink: /home/tedee/tb3_ws/install/turtlebot3_gazebo/share/turtlebot3_gazebo//worlds/turtlebot3_dqn_stage4.world
[0.883s] -- Up-to-date symlink: /home/tedee/tb3_ws/install/turtlebot3_gazebo/share/turtlebot3_gazebo//worlds/turtlebot3_house.world
[0.883s] -- Up-to-date symlink: /home/tedee/tb3_ws/install/turtlebot3_gazebo/share/turtlebot3_gazebo//worlds/turtlebot3_world.world
[0.883s] -- Up-to-date symlink: /home/tedee/tb3_ws/install/turtlebot3_gazebo/include//turtlebot3_gazebo/obstacle1.hpp
[0.883s] -- Up-to-date symlink: /home/tedee/tb3_ws/install/turtlebot3_gazebo/include//turtlebot3_gazebo/obstacle2.hpp
[0.883s] -- Up-to-date symlink: /home/tedee/tb3_ws/install/turtlebot3_gazebo/include//turtlebot3_gazebo/obstacles.hpp
[0.883s] -- Up-to-date symlink: /home/tedee/tb3_ws/install/turtlebot3_gazebo/include//turtlebot3_gazebo/traffic_bar_plugin.hpp
[0.883s] -- Up-to-date symlink: /home/tedee/tb3_ws/install/turtlebot3_gazebo/include//turtlebot3_gazebo/traffic_light_plugin.hpp
[0.883s] -- Up-to-date symlink: /home/tedee/tb3_ws/install/turtlebot3_gazebo/include//turtlebot3_gazebo/turtlebot3_drive.hpp
[0.883s] -- Up-to-date symlink: /home/tedee/tb3_ws/install/turtlebot3_gazebo/share/ament_index/resource_index/package_run_dependencies/turtlebot3_gazebo
[0.883s] -- Up-to-date symlink: /home/tedee/tb3_ws/install/turtlebot3_gazebo/share/ament_index/resource_index/parent_prefix_path/turtlebot3_gazebo
[0.883s] -- Up-to-date symlink: /home/tedee/tb3_ws/install/turtlebot3_gazebo/share/turtlebot3_gazebo/environment/ament_prefix_path.sh
[0.883s] -- Up-to-date symlink: /home/tedee/tb3_ws/install/turtlebot3_gazebo/share/turtlebot3_gazebo/environment/ament_prefix_path.dsv
[0.883s] -- Up-to-date symlink: /home/tedee/tb3_ws/install/turtlebot3_gazebo/share/turtlebot3_gazebo/environment/path.sh
[0.884s] -- Up-to-date symlink: /home/tedee/tb3_ws/install/turtlebot3_gazebo/share/turtlebot3_gazebo/environment/path.dsv
[0.884s] -- Up-to-date symlink: /home/tedee/tb3_ws/install/turtlebot3_gazebo/share/turtlebot3_gazebo/local_setup.bash
[0.884s] -- Up-to-date symlink: /home/tedee/tb3_ws/install/turtlebot3_gazebo/share/turtlebot3_gazebo/local_setup.sh
[0.884s] -- Up-to-date symlink: /home/tedee/tb3_ws/install/turtlebot3_gazebo/share/turtlebot3_gazebo/local_setup.zsh
[0.884s] -- Up-to-date symlink: /home/tedee/tb3_ws/install/turtlebot3_gazebo/share/turtlebot3_gazebo/local_setup.dsv
[0.884s] -- Symlinking: /home/tedee/tb3_ws/install/turtlebot3_gazebo/share/turtlebot3_gazebo/package.dsv
[0.889s] -- Up-to-date symlink: /home/tedee/tb3_ws/install/turtlebot3_gazebo/share/ament_index/resource_index/packages/turtlebot3_gazebo
[0.889s] -- Up-to-date symlink: /home/tedee/tb3_ws/install/turtlebot3_gazebo/share/turtlebot3_gazebo/cmake/ament_cmake_export_include_directories-extras.cmake
[0.889s] -- Up-to-date symlink: /home/tedee/tb3_ws/install/turtlebot3_gazebo/share/turtlebot3_gazebo/cmake/ament_cmake_export_dependencies-extras.cmake
[0.889s] -- Up-to-date symlink: /home/tedee/tb3_ws/install/turtlebot3_gazebo/share/turtlebot3_gazebo/cmake/turtlebot3_gazeboConfig.cmake
[0.889s] -- Up-to-date symlink: /home/tedee/tb3_ws/install/turtlebot3_gazebo/share/turtlebot3_gazebo/cmake/turtlebot3_gazeboConfig-version.cmake
[0.889s] -- Up-to-date symlink: /home/tedee/tb3_ws/install/turtlebot3_gazebo/share/turtlebot3_gazebo/package.xml
[0.891s] Invoked command in '/home/tedee/tb3_ws/build/turtlebot3_gazebo' returned '0': CMAKE_PREFIX_PATH=${CMAKE_PREFIX_PATH}:/home/tedee/tb3_ws/install/tb3_fsm_patrol:/home/tedee/tb3_ws/install/turtlebot3_teleop:/home/tedee/tb3_ws/install/turtlebot3_example:/opt/ros/humble /usr/bin/cmake --install /home/tedee/tb3_ws/build/turtlebot3_gazebo
