[0.831s] Invoking command in '/home/tedee/tb3_ws/src/turtlebot3/turtlebot3_teleop': PYTHONPATH=/home/tedee/tb3_ws/build/turtlebot3_teleop/prefix_override:/usr/lib/python3/dist-packages/colcon_core/task/python/colcon_distutils_commands:/home/tedee/tb3_ws/install/turtlebot3_teleop/lib/python3.10/site-packages:${PYTHONPATH} /usr/bin/python3 -W ignore:setup.py install is deprecated -W ignore:easy_install command is deprecated setup.py egg_info --egg-base ../../../build/turtlebot3_teleop build --build-base /home/tedee/tb3_ws/build/turtlebot3_teleop/build install --record /home/tedee/tb3_ws/build/turtlebot3_teleop/install.log --single-version-externally-managed install_data
[1.071s] running egg_info
[1.071s] writing ../../../build/turtlebot3_teleop/turtlebot3_teleop.egg-info/PKG-INFO
[1.072s] writing dependency_links to ../../../build/turtlebot3_teleop/turtlebot3_teleop.egg-info/dependency_links.txt
[1.072s] writing entry points to ../../../build/turtlebot3_teleop/turtlebot3_teleop.egg-info/entry_points.txt
[1.072s] writing requirements to ../../../build/turtlebot3_teleop/turtlebot3_teleop.egg-info/requires.txt
[1.072s] writing top-level names to ../../../build/turtlebot3_teleop/turtlebot3_teleop.egg-info/top_level.txt
[1.073s] reading manifest file '../../../build/turtlebot3_teleop/turtlebot3_teleop.egg-info/SOURCES.txt'
[1.074s] writing manifest file '../../../build/turtlebot3_teleop/turtlebot3_teleop.egg-info/SOURCES.txt'
[1.074s] running build
[1.074s] running build_py
[1.074s] running install
[1.074s] running install_lib
[1.075s] running install_data
[1.075s] running install_egg_info
[1.077s] removing '/home/tedee/tb3_ws/install/turtlebot3_teleop/lib/python3.10/site-packages/turtlebot3_teleop-2.3.6-py3.10.egg-info' (and everything under it)
[1.077s] Copying ../../../build/turtlebot3_teleop/turtlebot3_teleop.egg-info to /home/tedee/tb3_ws/install/turtlebot3_teleop/lib/python3.10/site-packages/turtlebot3_teleop-2.3.6-py3.10.egg-info
[1.077s] running install_scripts
[1.094s] Installing teleop_keyboard script to /home/tedee/tb3_ws/install/turtlebot3_teleop/lib/turtlebot3_teleop
[1.094s] writing list of installed files to '/home/tedee/tb3_ws/build/turtlebot3_teleop/install.log'
[1.119s] Invoked command in '/home/tedee/tb3_ws/src/turtlebot3/turtlebot3_teleop' returned '0': PYTHONPATH=/home/tedee/tb3_ws/build/turtlebot3_teleop/prefix_override:/usr/lib/python3/dist-packages/colcon_core/task/python/colcon_distutils_commands:/home/tedee/tb3_ws/install/turtlebot3_teleop/lib/python3.10/site-packages:${PYTHONPATH} /usr/bin/python3 -W ignore:setup.py install is deprecated -W ignore:easy_install command is deprecated setup.py egg_info --egg-base ../../../build/turtlebot3_teleop build --build-base /home/tedee/tb3_ws/build/turtlebot3_teleop/build install --record /home/tedee/tb3_ws/build/turtlebot3_teleop/install.log --single-version-externally-managed install_data
