[0.013s] Invoking command in '/home/tedee/tb3_ws/build/turtlebot3_node': CMAKE_PREFIX_PATH=/home/tedee/tb3_ws/install/turtlebot3_msgs:/home/tedee/tb3_ws/install/turtlebot3:/home/tedee/tb3_ws/install/turtlebot3_simulations:/home/tedee/tb3_ws/install/turtlebot3_bringup:/home/tedee/tb3_ws/install/turtlebot3_node:/home/tedee/tb3_ws/install/turtlebot3_navigation2:/home/tedee/tb3_ws/install/turtlebot3_fake_node:/home/tedee/tb3_ws/install/turtlebot3_manipulation_gazebo:/home/tedee/tb3_ws/install/turtlebot3_gazebo:/home/tedee/tb3_ws/install/turtlebot3_description:/home/tedee/tb3_ws/install/turtlebot3_cartographer:/home/tedee/tb3_ws/install/turtlebot3_teleop:/home/tedee/tb3_ws/install/turtlebot3_example:/home/tedee/tb3_ws/install/tb3_fsm_patrol:/opt/ros/humble /usr/bin/cmake --build /home/tedee/tb3_ws/build/turtlebot3_node -- -j20 -l20
[0.201s] [ 85%] Built target turtlebot3_node_lib
[0.202s] [100%] Built target turtlebot3_ros
[0.207s] Invoked command in '/home/tedee/tb3_ws/build/turtlebot3_node' returned '0': CMAKE_PREFIX_PATH=/home/tedee/tb3_ws/install/turtlebot3_msgs:/home/tedee/tb3_ws/install/turtlebot3:/home/tedee/tb3_ws/install/turtlebot3_simulations:/home/tedee/tb3_ws/install/turtlebot3_bringup:/home/tedee/tb3_ws/install/turtlebot3_node:/home/tedee/tb3_ws/install/turtlebot3_navigation2:/home/tedee/tb3_ws/install/turtlebot3_fake_node:/home/tedee/tb3_ws/install/turtlebot3_manipulation_gazebo:/home/tedee/tb3_ws/install/turtlebot3_gazebo:/home/tedee/tb3_ws/install/turtlebot3_description:/home/tedee/tb3_ws/install/turtlebot3_cartographer:/home/tedee/tb3_ws/install/turtlebot3_teleop:/home/tedee/tb3_ws/install/turtlebot3_example:/home/tedee/tb3_ws/install/tb3_fsm_patrol:/opt/ros/humble /usr/bin/cmake --build /home/tedee/tb3_ws/build/turtlebot3_node -- -j20 -l20
[0.207s] Invoking command in '/home/tedee/tb3_ws/build/turtlebot3_node': CMAKE_PREFIX_PATH=/home/tedee/tb3_ws/install/turtlebot3_msgs:/home/tedee/tb3_ws/install/turtlebot3:/home/tedee/tb3_ws/install/turtlebot3_simulations:/home/tedee/tb3_ws/install/turtlebot3_bringup:/home/tedee/tb3_ws/install/turtlebot3_node:/home/tedee/tb3_ws/install/turtlebot3_navigation2:/home/tedee/tb3_ws/install/turtlebot3_fake_node:/home/tedee/tb3_ws/install/turtlebot3_manipulation_gazebo:/home/tedee/tb3_ws/install/turtlebot3_gazebo:/home/tedee/tb3_ws/install/turtlebot3_description:/home/tedee/tb3_ws/install/turtlebot3_cartographer:/home/tedee/tb3_ws/install/turtlebot3_teleop:/home/tedee/tb3_ws/install/turtlebot3_example:/home/tedee/tb3_ws/install/tb3_fsm_patrol:/opt/ros/humble /usr/bin/cmake --install /home/tedee/tb3_ws/build/turtlebot3_node
[0.210s] -- Install configuration: ""
[0.211s] -- Execute custom install script
[0.211s] -- Up-to-date symlink: /home/tedee/tb3_ws/install/turtlebot3_node/share/turtlebot3_node/param/burger.yaml
[0.211s] -- Up-to-date symlink: /home/tedee/tb3_ws/install/turtlebot3_node/share/turtlebot3_node/param/waffle.yaml
[0.211s] -- Up-to-date symlink: /home/tedee/tb3_ws/install/turtlebot3_node/share/turtlebot3_node/param/waffle_pi.yaml
[0.212s] -- Up-to-date symlink: /home/tedee/tb3_ws/install/turtlebot3_node/lib/turtlebot3_node/turtlebot3_ros
[0.212s] -- Up-to-date symlink: /home/tedee/tb3_ws/install/turtlebot3_node/share/ament_index/resource_index/package_run_dependencies/turtlebot3_node
[0.212s] -- Up-to-date symlink: /home/tedee/tb3_ws/install/turtlebot3_node/share/ament_index/resource_index/parent_prefix_path/turtlebot3_node
[0.212s] -- Up-to-date symlink: /home/tedee/tb3_ws/install/turtlebot3_node/share/turtlebot3_node/environment/ament_prefix_path.sh
[0.212s] -- Up-to-date symlink: /home/tedee/tb3_ws/install/turtlebot3_node/share/turtlebot3_node/environment/ament_prefix_path.dsv
[0.213s] -- Up-to-date symlink: /home/tedee/tb3_ws/install/turtlebot3_node/share/turtlebot3_node/environment/path.sh
[0.213s] -- Up-to-date symlink: /home/tedee/tb3_ws/install/turtlebot3_node/share/turtlebot3_node/environment/path.dsv
[0.213s] -- Up-to-date symlink: /home/tedee/tb3_ws/install/turtlebot3_node/share/turtlebot3_node/local_setup.bash
[0.213s] -- Up-to-date symlink: /home/tedee/tb3_ws/install/turtlebot3_node/share/turtlebot3_node/local_setup.sh
[0.213s] -- Up-to-date symlink: /home/tedee/tb3_ws/install/turtlebot3_node/share/turtlebot3_node/local_setup.zsh
[0.213s] -- Up-to-date symlink: /home/tedee/tb3_ws/install/turtlebot3_node/share/turtlebot3_node/local_setup.dsv
[0.213s] -- Symlinking: /home/tedee/tb3_ws/install/turtlebot3_node/share/turtlebot3_node/package.dsv
[0.219s] -- Up-to-date symlink: /home/tedee/tb3_ws/install/turtlebot3_node/share/ament_index/resource_index/packages/turtlebot3_node
[0.219s] -- Up-to-date symlink: /home/tedee/tb3_ws/install/turtlebot3_node/share/turtlebot3_node/cmake/ament_cmake_export_dependencies-extras.cmake
[0.219s] -- Up-to-date symlink: /home/tedee/tb3_ws/install/turtlebot3_node/share/turtlebot3_node/cmake/ament_cmake_export_include_directories-extras.cmake
[0.220s] -- Up-to-date symlink: /home/tedee/tb3_ws/install/turtlebot3_node/share/turtlebot3_node/cmake/turtlebot3_nodeConfig.cmake
[0.220s] -- Up-to-date symlink: /home/tedee/tb3_ws/install/turtlebot3_node/share/turtlebot3_node/cmake/turtlebot3_nodeConfig-version.cmake
[0.220s] -- Up-to-date symlink: /home/tedee/tb3_ws/install/turtlebot3_node/share/turtlebot3_node/package.xml
[0.221s] Invoked command in '/home/tedee/tb3_ws/build/turtlebot3_node' returned '0': CMAKE_PREFIX_PATH=/home/tedee/tb3_ws/install/turtlebot3_msgs:/home/tedee/tb3_ws/install/turtlebot3:/home/tedee/tb3_ws/install/turtlebot3_simulations:/home/tedee/tb3_ws/install/turtlebot3_bringup:/home/tedee/tb3_ws/install/turtlebot3_node:/home/tedee/tb3_ws/install/turtlebot3_navigation2:/home/tedee/tb3_ws/install/turtlebot3_fake_node:/home/tedee/tb3_ws/install/turtlebot3_manipulation_gazebo:/home/tedee/tb3_ws/install/turtlebot3_gazebo:/home/tedee/tb3_ws/install/turtlebot3_description:/home/tedee/tb3_ws/install/turtlebot3_cartographer:/home/tedee/tb3_ws/install/turtlebot3_teleop:/home/tedee/tb3_ws/install/turtlebot3_example:/home/tedee/tb3_ws/install/tb3_fsm_patrol:/opt/ros/humble /usr/bin/cmake --install /home/tedee/tb3_ws/build/turtlebot3_node
