[0.023s] Invoking command in '/home/tedee/tb3_ws/build/turtlebot3_cartographer': CMAKE_PREFIX_PATH=/opt/ros/humble /usr/bin/cmake /home/tedee/tb3_ws/src/turtlebot3/turtlebot3_cartographer -DAMENT_CMAKE_SYMLINK_INSTALL=1 -DCMAKE_INSTALL_PREFIX=/home/tedee/tb3_ws/install/turtlebot3_cartographer
[0.279s] -- The C compiler identification is GNU 11.4.0
[0.714s] -- The CXX compiler identification is GNU 11.4.0
[0.724s] -- Detecting C compiler ABI info
[0.835s] -- Detecting C compiler ABI info - done
[0.843s] -- Check for working C compiler: /usr/bin/cc - skipped
[0.843s] -- Detecting C compile features
[0.844s] -- Detecting C compile features - done
[0.846s] -- Detecting CXX compiler ABI info
[0.941s] -- Detecting CXX compiler ABI info - done
[0.947s] -- Check for working CXX compiler: /usr/bin/c++ - skipped
[0.947s] -- Detecting CXX compile features
[0.947s] -- Detecting CXX compile features - done
[0.948s] -- Found ament_cmake: 1.3.11 (/opt/ros/humble/share/ament_cmake/cmake)
[1.099s] -- Found Python3: /usr/bin/python3 (found version "3.10.12") found components: Interpreter 
[1.155s] -- Override CMake install command with custom implementation using symlinks instead of copying resources
[1.226s] -- Configuring done
[1.228s] -- Generating done
[1.229s] -- Build files have been written to: /home/tedee/tb3_ws/build/turtlebot3_cartographer
[1.232s] Invoked command in '/home/tedee/tb3_ws/build/turtlebot3_cartographer' returned '0': CMAKE_PREFIX_PATH=/opt/ros/humble /usr/bin/cmake /home/tedee/tb3_ws/src/turtlebot3/turtlebot3_cartographer -DAMENT_CMAKE_SYMLINK_INSTALL=1 -DCMAKE_INSTALL_PREFIX=/home/tedee/tb3_ws/install/turtlebot3_cartographer
[1.235s] Invoking command in '/home/tedee/tb3_ws/build/turtlebot3_cartographer': CMAKE_PREFIX_PATH=/opt/ros/humble /usr/bin/cmake --build /home/tedee/tb3_ws/build/turtlebot3_cartographer -- -j20 -l20
[1.263s] Invoked command in '/home/tedee/tb3_ws/build/turtlebot3_cartographer' returned '0': CMAKE_PREFIX_PATH=/opt/ros/humble /usr/bin/cmake --build /home/tedee/tb3_ws/build/turtlebot3_cartographer -- -j20 -l20
[1.270s] Invoking command in '/home/tedee/tb3_ws/build/turtlebot3_cartographer': CMAKE_PREFIX_PATH=/opt/ros/humble /usr/bin/cmake --install /home/tedee/tb3_ws/build/turtlebot3_cartographer
[1.275s] -- Install configuration: ""
[1.275s] -- Execute custom install script
[1.275s] -- Symlinking: /home/tedee/tb3_ws/install/turtlebot3_cartographer/share/turtlebot3_cartographer/config/turtlebot3_lds_2d.lua
[1.281s] -- Symlinking: /home/tedee/tb3_ws/install/turtlebot3_cartographer/share/turtlebot3_cartographer/launch/cartographer.launch.py
[1.288s] -- Symlinking: /home/tedee/tb3_ws/install/turtlebot3_cartographer/share/turtlebot3_cartographer/launch/occupancy_grid.launch.py
[1.294s] -- Symlinking: /home/tedee/tb3_ws/install/turtlebot3_cartographer/share/turtlebot3_cartographer/rviz/tb3_cartographer.rviz
[1.301s] -- Symlinking: /home/tedee/tb3_ws/install/turtlebot3_cartographer/share/ament_index/resource_index/package_run_dependencies/turtlebot3_cartographer
[1.307s] -- Symlinking: /home/tedee/tb3_ws/install/turtlebot3_cartographer/share/ament_index/resource_index/parent_prefix_path/turtlebot3_cartographer
[1.314s] -- Symlinking: /home/tedee/tb3_ws/install/turtlebot3_cartographer/share/turtlebot3_cartographer/environment/ament_prefix_path.sh
[1.320s] -- Symlinking: /home/tedee/tb3_ws/install/turtlebot3_cartographer/share/turtlebot3_cartographer/environment/ament_prefix_path.dsv
[1.325s] -- Symlinking: /home/tedee/tb3_ws/install/turtlebot3_cartographer/share/turtlebot3_cartographer/environment/path.sh
[1.332s] -- Symlinking: /home/tedee/tb3_ws/install/turtlebot3_cartographer/share/turtlebot3_cartographer/environment/path.dsv
[1.338s] -- Symlinking: /home/tedee/tb3_ws/install/turtlebot3_cartographer/share/turtlebot3_cartographer/local_setup.bash
[1.344s] -- Symlinking: /home/tedee/tb3_ws/install/turtlebot3_cartographer/share/turtlebot3_cartographer/local_setup.sh
[1.352s] -- Symlinking: /home/tedee/tb3_ws/install/turtlebot3_cartographer/share/turtlebot3_cartographer/local_setup.zsh
[1.360s] -- Symlinking: /home/tedee/tb3_ws/install/turtlebot3_cartographer/share/turtlebot3_cartographer/local_setup.dsv
[1.368s] -- Symlinking: /home/tedee/tb3_ws/install/turtlebot3_cartographer/share/turtlebot3_cartographer/package.dsv
[1.376s] -- Symlinking: /home/tedee/tb3_ws/install/turtlebot3_cartographer/share/ament_index/resource_index/packages/turtlebot3_cartographer
[1.382s] -- Symlinking: /home/tedee/tb3_ws/install/turtlebot3_cartographer/share/turtlebot3_cartographer/cmake/turtlebot3_cartographerConfig.cmake
[1.389s] -- Symlinking: /home/tedee/tb3_ws/install/turtlebot3_cartographer/share/turtlebot3_cartographer/cmake/turtlebot3_cartographerConfig-version.cmake
[1.395s] -- Symlinking: /home/tedee/tb3_ws/install/turtlebot3_cartographer/share/turtlebot3_cartographer/package.xml
[1.403s] Invoked command in '/home/tedee/tb3_ws/build/turtlebot3_cartographer' returned '0': CMAKE_PREFIX_PATH=/opt/ros/humble /usr/bin/cmake --install /home/tedee/tb3_ws/build/turtlebot3_cartographer
