[0.018s] Invoking command in '/home/tedee/tb3_ws/build/turtlebot3_node': CMAKE_PREFIX_PATH=/home/tedee/tb3_ws/install/turtlebot3_msgs:/home/tedee/tb3_ws/install/turtlebot3:/home/tedee/tb3_ws/install/turtlebot3_simulations:/home/tedee/tb3_ws/install/turtlebot3_bringup:/home/tedee/tb3_ws/install/turtlebot3_node:/home/tedee/tb3_ws/install/turtlebot3_navigation2:/home/tedee/tb3_ws/install/turtlebot3_fake_node:/home/tedee/tb3_ws/install/turtlebot3_manipulation_gazebo:/home/tedee/tb3_ws/install/turtlebot3_gazebo:/home/tedee/tb3_ws/install/turtlebot3_description:/home/tedee/tb3_ws/install/turtlebot3_cartographer:/home/tedee/tb3_ws/install/tb3_fsm_patrol:/home/tedee/tb3_ws/install/turtlebot3_teleop:/home/tedee/tb3_ws/install/turtlebot3_example:/opt/ros/humble LD_LIBRARY_PATH=/home/tedee/tb3_ws/install/turtlebot3_msgs/lib:/usr/local/webots/lib/controller:/usr/lib/x86_64-linux-gnu/gazebo-11/plugins:/opt/ros/humble/opt/rviz_ogre_vendor/lib:/opt/ros/humble/lib/x86_64-linux-gnu:/opt/ros/humble/lib:/usr/lib/x86_64-linux-gnu/gazebo-11/plugins /usr/bin/cmake /home/tedee/tb3_ws/src/turtlebot3/turtlebot3_node -DCMAKE_INSTALL_PREFIX=/home/tedee/tb3_ws/install/turtlebot3_node
[0.197s] -- Found ament_cmake: 1.3.11 (/opt/ros/humble/share/ament_cmake/cmake)
[0.197s] -- Override CMake install command with custom implementation using symlinks instead of copying resources
[0.197s] -- Found dynamixel_sdk: 3.8.4 (/opt/ros/humble/share/dynamixel_sdk/cmake)
[0.197s] -- Found geometry_msgs: 4.8.0 (/opt/ros/humble/share/geometry_msgs/cmake)
[0.197s] -- Found rosidl_generator_c: 3.1.6 (/opt/ros/humble/share/rosidl_generator_c/cmake)
[0.197s] -- Found rosidl_adapter: 3.1.6 (/opt/ros/humble/share/rosidl_adapter/cmake)
[0.197s] -- Found rosidl_generator_cpp: 3.1.6 (/opt/ros/humble/share/rosidl_generator_cpp/cmake)
[0.197s] -- Using all available rosidl_typesupport_c: rosidl_typesupport_fastrtps_c;rosidl_typesupport_introspection_c
[0.198s] -- Using all available rosidl_typesupport_cpp: rosidl_typesupport_fastrtps_cpp;rosidl_typesupport_introspection_cpp
[0.198s] -- Found message_filters: 4.3.7 (/opt/ros/humble/share/message_filters/cmake)
[0.198s] -- Found rmw_implementation_cmake: 6.1.2 (/opt/ros/humble/share/rmw_implementation_cmake/cmake)
[0.198s] -- Found rmw_fastrtps_cpp: 6.2.7 (/opt/ros/humble/share/rmw_fastrtps_cpp/cmake)
[0.264s] -- Using RMW implementation 'rmw_fastrtps_cpp' as default
[0.287s] -- Found nav_msgs: 4.8.0 (/opt/ros/humble/share/nav_msgs/cmake)
[0.297s] -- Found sensor_msgs: 4.8.0 (/opt/ros/humble/share/sensor_msgs/cmake)
[0.307s] -- Found std_srvs: 4.8.0 (/opt/ros/humble/share/std_srvs/cmake)
[0.312s] -- Found tf2: 0.25.12 (/opt/ros/humble/share/tf2/cmake)
[0.315s] -- Found tf2_ros: 0.25.12 (/opt/ros/humble/share/tf2_ros/cmake)
[0.362s] -- Found turtlebot3_msgs: 2.4.0 (/home/tedee/tb3_ws/install/turtlebot3_msgs/share/turtlebot3_msgs/cmake)
[0.421s] -- Configuring done
[0.431s] -- Generating done
[0.435s] -- Build files have been written to: /home/tedee/tb3_ws/build/turtlebot3_node
[0.442s] Invoked command in '/home/tedee/tb3_ws/build/turtlebot3_node' returned '0': CMAKE_PREFIX_PATH=/home/tedee/tb3_ws/install/turtlebot3_msgs:/home/tedee/tb3_ws/install/turtlebot3:/home/tedee/tb3_ws/install/turtlebot3_simulations:/home/tedee/tb3_ws/install/turtlebot3_bringup:/home/tedee/tb3_ws/install/turtlebot3_node:/home/tedee/tb3_ws/install/turtlebot3_navigation2:/home/tedee/tb3_ws/install/turtlebot3_fake_node:/home/tedee/tb3_ws/install/turtlebot3_manipulation_gazebo:/home/tedee/tb3_ws/install/turtlebot3_gazebo:/home/tedee/tb3_ws/install/turtlebot3_description:/home/tedee/tb3_ws/install/turtlebot3_cartographer:/home/tedee/tb3_ws/install/tb3_fsm_patrol:/home/tedee/tb3_ws/install/turtlebot3_teleop:/home/tedee/tb3_ws/install/turtlebot3_example:/opt/ros/humble LD_LIBRARY_PATH=/home/tedee/tb3_ws/install/turtlebot3_msgs/lib:/usr/local/webots/lib/controller:/usr/lib/x86_64-linux-gnu/gazebo-11/plugins:/opt/ros/humble/opt/rviz_ogre_vendor/lib:/opt/ros/humble/lib/x86_64-linux-gnu:/opt/ros/humble/lib:/usr/lib/x86_64-linux-gnu/gazebo-11/plugins /usr/bin/cmake /home/tedee/tb3_ws/src/turtlebot3/turtlebot3_node -DCMAKE_INSTALL_PREFIX=/home/tedee/tb3_ws/install/turtlebot3_node
[0.443s] Invoking command in '/home/tedee/tb3_ws/build/turtlebot3_node': CMAKE_PREFIX_PATH=/home/tedee/tb3_ws/install/turtlebot3_msgs:/home/tedee/tb3_ws/install/turtlebot3:/home/tedee/tb3_ws/install/turtlebot3_simulations:/home/tedee/tb3_ws/install/turtlebot3_bringup:/home/tedee/tb3_ws/install/turtlebot3_node:/home/tedee/tb3_ws/install/turtlebot3_navigation2:/home/tedee/tb3_ws/install/turtlebot3_fake_node:/home/tedee/tb3_ws/install/turtlebot3_manipulation_gazebo:/home/tedee/tb3_ws/install/turtlebot3_gazebo:/home/tedee/tb3_ws/install/turtlebot3_description:/home/tedee/tb3_ws/install/turtlebot3_cartographer:/home/tedee/tb3_ws/install/tb3_fsm_patrol:/home/tedee/tb3_ws/install/turtlebot3_teleop:/home/tedee/tb3_ws/install/turtlebot3_example:/opt/ros/humble LD_LIBRARY_PATH=/home/tedee/tb3_ws/install/turtlebot3_msgs/lib:/usr/local/webots/lib/controller:/usr/lib/x86_64-linux-gnu/gazebo-11/plugins:/opt/ros/humble/opt/rviz_ogre_vendor/lib:/opt/ros/humble/lib/x86_64-linux-gnu:/opt/ros/humble/lib:/usr/lib/x86_64-linux-gnu/gazebo-11/plugins /usr/bin/cmake --build /home/tedee/tb3_ws/build/turtlebot3_node -- -j20 -l20
[0.480s] [35m[1mConsolidate compiler generated dependencies of target turtlebot3_node_lib[0m
[0.505s] [ 85%] Built target turtlebot3_node_lib
[0.514s] [35m[1mConsolidate compiler generated dependencies of target turtlebot3_ros[0m
[0.530s] [100%] Built target turtlebot3_ros
[0.539s] Invoked command in '/home/tedee/tb3_ws/build/turtlebot3_node' returned '0': CMAKE_PREFIX_PATH=/home/tedee/tb3_ws/install/turtlebot3_msgs:/home/tedee/tb3_ws/install/turtlebot3:/home/tedee/tb3_ws/install/turtlebot3_simulations:/home/tedee/tb3_ws/install/turtlebot3_bringup:/home/tedee/tb3_ws/install/turtlebot3_node:/home/tedee/tb3_ws/install/turtlebot3_navigation2:/home/tedee/tb3_ws/install/turtlebot3_fake_node:/home/tedee/tb3_ws/install/turtlebot3_manipulation_gazebo:/home/tedee/tb3_ws/install/turtlebot3_gazebo:/home/tedee/tb3_ws/install/turtlebot3_description:/home/tedee/tb3_ws/install/turtlebot3_cartographer:/home/tedee/tb3_ws/install/tb3_fsm_patrol:/home/tedee/tb3_ws/install/turtlebot3_teleop:/home/tedee/tb3_ws/install/turtlebot3_example:/opt/ros/humble LD_LIBRARY_PATH=/home/tedee/tb3_ws/install/turtlebot3_msgs/lib:/usr/local/webots/lib/controller:/usr/lib/x86_64-linux-gnu/gazebo-11/plugins:/opt/ros/humble/opt/rviz_ogre_vendor/lib:/opt/ros/humble/lib/x86_64-linux-gnu:/opt/ros/humble/lib:/usr/lib/x86_64-linux-gnu/gazebo-11/plugins /usr/bin/cmake --build /home/tedee/tb3_ws/build/turtlebot3_node -- -j20 -l20
[0.540s] Invoking command in '/home/tedee/tb3_ws/build/turtlebot3_node': CMAKE_PREFIX_PATH=/home/tedee/tb3_ws/install/turtlebot3_msgs:/home/tedee/tb3_ws/install/turtlebot3:/home/tedee/tb3_ws/install/turtlebot3_simulations:/home/tedee/tb3_ws/install/turtlebot3_bringup:/home/tedee/tb3_ws/install/turtlebot3_node:/home/tedee/tb3_ws/install/turtlebot3_navigation2:/home/tedee/tb3_ws/install/turtlebot3_fake_node:/home/tedee/tb3_ws/install/turtlebot3_manipulation_gazebo:/home/tedee/tb3_ws/install/turtlebot3_gazebo:/home/tedee/tb3_ws/install/turtlebot3_description:/home/tedee/tb3_ws/install/turtlebot3_cartographer:/home/tedee/tb3_ws/install/tb3_fsm_patrol:/home/tedee/tb3_ws/install/turtlebot3_teleop:/home/tedee/tb3_ws/install/turtlebot3_example:/opt/ros/humble LD_LIBRARY_PATH=/home/tedee/tb3_ws/install/turtlebot3_msgs/lib:/usr/local/webots/lib/controller:/usr/lib/x86_64-linux-gnu/gazebo-11/plugins:/opt/ros/humble/opt/rviz_ogre_vendor/lib:/opt/ros/humble/lib/x86_64-linux-gnu:/opt/ros/humble/lib:/usr/lib/x86_64-linux-gnu/gazebo-11/plugins /usr/bin/cmake --install /home/tedee/tb3_ws/build/turtlebot3_node
[0.545s] -- Install configuration: ""
[0.545s] -- Execute custom install script
[0.546s] -- Up-to-date symlink: /home/tedee/tb3_ws/install/turtlebot3_node/share/turtlebot3_node/param/burger.yaml
[0.546s] -- Up-to-date symlink: /home/tedee/tb3_ws/install/turtlebot3_node/share/turtlebot3_node/param/waffle.yaml
[0.546s] -- Up-to-date symlink: /home/tedee/tb3_ws/install/turtlebot3_node/share/turtlebot3_node/param/waffle_pi.yaml
[0.546s] -- Up-to-date symlink: /home/tedee/tb3_ws/install/turtlebot3_node/lib/turtlebot3_node/turtlebot3_ros
[0.546s] -- Up-to-date symlink: /home/tedee/tb3_ws/install/turtlebot3_node/share/ament_index/resource_index/package_run_dependencies/turtlebot3_node
[0.546s] -- Up-to-date symlink: /home/tedee/tb3_ws/install/turtlebot3_node/share/ament_index/resource_index/parent_prefix_path/turtlebot3_node
[0.546s] -- Up-to-date symlink: /home/tedee/tb3_ws/install/turtlebot3_node/share/turtlebot3_node/environment/ament_prefix_path.sh
[0.546s] -- Up-to-date symlink: /home/tedee/tb3_ws/install/turtlebot3_node/share/turtlebot3_node/environment/ament_prefix_path.dsv
[0.546s] -- Up-to-date symlink: /home/tedee/tb3_ws/install/turtlebot3_node/share/turtlebot3_node/environment/path.sh
[0.546s] -- Up-to-date symlink: /home/tedee/tb3_ws/install/turtlebot3_node/share/turtlebot3_node/environment/path.dsv
[0.546s] -- Up-to-date symlink: /home/tedee/tb3_ws/install/turtlebot3_node/share/turtlebot3_node/local_setup.bash
[0.547s] -- Up-to-date symlink: /home/tedee/tb3_ws/install/turtlebot3_node/share/turtlebot3_node/local_setup.sh
[0.547s] -- Up-to-date symlink: /home/tedee/tb3_ws/install/turtlebot3_node/share/turtlebot3_node/local_setup.zsh
[0.547s] -- Up-to-date symlink: /home/tedee/tb3_ws/install/turtlebot3_node/share/turtlebot3_node/local_setup.dsv
[0.547s] -- Symlinking: /home/tedee/tb3_ws/install/turtlebot3_node/share/turtlebot3_node/package.dsv
[0.554s] -- Up-to-date symlink: /home/tedee/tb3_ws/install/turtlebot3_node/share/ament_index/resource_index/packages/turtlebot3_node
[0.554s] -- Up-to-date symlink: /home/tedee/tb3_ws/install/turtlebot3_node/share/turtlebot3_node/cmake/ament_cmake_export_dependencies-extras.cmake
[0.554s] -- Up-to-date symlink: /home/tedee/tb3_ws/install/turtlebot3_node/share/turtlebot3_node/cmake/ament_cmake_export_include_directories-extras.cmake
[0.554s] -- Up-to-date symlink: /home/tedee/tb3_ws/install/turtlebot3_node/share/turtlebot3_node/cmake/turtlebot3_nodeConfig.cmake
[0.554s] -- Up-to-date symlink: /home/tedee/tb3_ws/install/turtlebot3_node/share/turtlebot3_node/cmake/turtlebot3_nodeConfig-version.cmake
[0.554s] -- Up-to-date symlink: /home/tedee/tb3_ws/install/turtlebot3_node/share/turtlebot3_node/package.xml
[0.555s] Invoked command in '/home/tedee/tb3_ws/build/turtlebot3_node' returned '0': CMAKE_PREFIX_PATH=/home/tedee/tb3_ws/install/turtlebot3_msgs:/home/tedee/tb3_ws/install/turtlebot3:/home/tedee/tb3_ws/install/turtlebot3_simulations:/home/tedee/tb3_ws/install/turtlebot3_bringup:/home/tedee/tb3_ws/install/turtlebot3_node:/home/tedee/tb3_ws/install/turtlebot3_navigation2:/home/tedee/tb3_ws/install/turtlebot3_fake_node:/home/tedee/tb3_ws/install/turtlebot3_manipulation_gazebo:/home/tedee/tb3_ws/install/turtlebot3_gazebo:/home/tedee/tb3_ws/install/turtlebot3_description:/home/tedee/tb3_ws/install/turtlebot3_cartographer:/home/tedee/tb3_ws/install/tb3_fsm_patrol:/home/tedee/tb3_ws/install/turtlebot3_teleop:/home/tedee/tb3_ws/install/turtlebot3_example:/opt/ros/humble LD_LIBRARY_PATH=/home/tedee/tb3_ws/install/turtlebot3_msgs/lib:/usr/local/webots/lib/controller:/usr/lib/x86_64-linux-gnu/gazebo-11/plugins:/opt/ros/humble/opt/rviz_ogre_vendor/lib:/opt/ros/humble/lib/x86_64-linux-gnu:/opt/ros/humble/lib:/usr/lib/x86_64-linux-gnu/gazebo-11/plugins /usr/bin/cmake --install /home/tedee/tb3_ws/build/turtlebot3_node
