[0.720s] Invoking command in '/home/tedee/tb3_ws/src/turtlebot3/turtlebot3_teleop': PYTHONPATH=/home/tedee/tb3_ws/build/turtlebot3_teleop/prefix_override:/usr/lib/python3/dist-packages/colcon_core/task/python/colcon_distutils_commands:/home/tedee/tb3_ws/install/turtlebot3_teleop/lib/python3.10/site-packages:${PYTHONPATH} /usr/bin/python3 -W ignore:setup.py install is deprecated -W ignore:easy_install command is deprecated setup.py egg_info --egg-base ../../../build/turtlebot3_teleop build --build-base /home/tedee/tb3_ws/build/turtlebot3_teleop/build install --record /home/tedee/tb3_ws/build/turtlebot3_teleop/install.log --single-version-externally-managed install_data
[0.912s] running egg_info
[0.912s] writing ../../../build/turtlebot3_teleop/turtlebot3_teleop.egg-info/PKG-INFO
[0.912s] writing dependency_links to ../../../build/turtlebot3_teleop/turtlebot3_teleop.egg-info/dependency_links.txt
[0.912s] writing entry points to ../../../build/turtlebot3_teleop/turtlebot3_teleop.egg-info/entry_points.txt
[0.912s] writing requirements to ../../../build/turtlebot3_teleop/turtlebot3_teleop.egg-info/requires.txt
[0.913s] writing top-level names to ../../../build/turtlebot3_teleop/turtlebot3_teleop.egg-info/top_level.txt
[0.913s] reading manifest file '../../../build/turtlebot3_teleop/turtlebot3_teleop.egg-info/SOURCES.txt'
[0.914s] writing manifest file '../../../build/turtlebot3_teleop/turtlebot3_teleop.egg-info/SOURCES.txt'
[0.914s] running build
[0.914s] running build_py
[0.914s] running install
[0.915s] running install_lib
[0.915s] running install_data
[0.915s] running install_egg_info
[0.916s] removing '/home/tedee/tb3_ws/install/turtlebot3_teleop/lib/python3.10/site-packages/turtlebot3_teleop-2.3.6-py3.10.egg-info' (and everything under it)
[0.917s] Copying ../../../build/turtlebot3_teleop/turtlebot3_teleop.egg-info to /home/tedee/tb3_ws/install/turtlebot3_teleop/lib/python3.10/site-packages/turtlebot3_teleop-2.3.6-py3.10.egg-info
[0.917s] running install_scripts
[0.931s] Installing teleop_keyboard script to /home/tedee/tb3_ws/install/turtlebot3_teleop/lib/turtlebot3_teleop
[0.931s] writing list of installed files to '/home/tedee/tb3_ws/build/turtlebot3_teleop/install.log'
[0.951s] Invoked command in '/home/tedee/tb3_ws/src/turtlebot3/turtlebot3_teleop' returned '0': PYTHONPATH=/home/tedee/tb3_ws/build/turtlebot3_teleop/prefix_override:/usr/lib/python3/dist-packages/colcon_core/task/python/colcon_distutils_commands:/home/tedee/tb3_ws/install/turtlebot3_teleop/lib/python3.10/site-packages:${PYTHONPATH} /usr/bin/python3 -W ignore:setup.py install is deprecated -W ignore:easy_install command is deprecated setup.py egg_info --egg-base ../../../build/turtlebot3_teleop build --build-base /home/tedee/tb3_ws/build/turtlebot3_teleop/build install --record /home/tedee/tb3_ws/build/turtlebot3_teleop/install.log --single-version-externally-managed install_data
