[0.008s] Invoking command in '/home/tedee/tb3_ws/build/turtlebot3_bringup': AMENT_PREFIX_PATH=/home/tedee/tb3_ws/install/turtlebot3_node:/home/tedee/tb3_ws/install/turtlebot3_msgs:/home/tedee/tb3_ws/install/turtlebot3_description:${AMENT_PREFIX_PATH} CMAKE_PREFIX_PATH=/home/tedee/tb3_ws/install/turtlebot3_node:/home/tedee/tb3_ws/install/turtlebot3_msgs:/home/tedee/tb3_ws/install/turtlebot3_description:/opt/ros/humble LD_LIBRARY_PATH=/home/tedee/tb3_ws/install/turtlebot3_msgs/lib:${LD_LIBRARY_PATH} PYTHONPATH=/home/tedee/tb3_ws/install/turtlebot3_msgs/local/lib/python3.10/dist-packages:${PYTHONPATH} /usr/bin/cmake /home/tedee/tb3_ws/src/turtlebot3/turtlebot3_bringup -DAMENT_CMAKE_SYMLINK_INSTALL=1 -DCMAKE_INSTALL_PREFIX=/home/tedee/tb3_ws/install/turtlebot3_bringup
[0.045s] -- The C compiler identification is GNU 11.4.0
[0.078s] -- The CXX compiler identification is GNU 11.4.0
[0.082s] -- Detecting C compiler ABI info
[0.130s] -- Detecting C compiler ABI info - done
[0.134s] -- Check for working C compiler: /usr/bin/cc - skipped
[0.134s] -- Detecting C compile features
[0.134s] -- Detecting C compile features - done
[0.136s] -- Detecting CXX compiler ABI info
[0.188s] -- Detecting CXX compiler ABI info - done
[0.194s] -- Check for working CXX compiler: /usr/bin/c++ - skipped
[0.194s] -- Detecting CXX compile features
[0.195s] -- Detecting CXX compile features - done
[0.197s] -- Found ament_cmake: 1.3.11 (/opt/ros/humble/share/ament_cmake/cmake)
[0.299s] -- Found Python3: /usr/bin/python3 (found version "3.10.12") found components: Interpreter 
[0.335s] -- Override CMake install command with custom implementation using symlinks instead of copying resources
[0.386s] -- Configuring done
[0.387s] -- Generating done
[0.388s] -- Build files have been written to: /home/tedee/tb3_ws/build/turtlebot3_bringup
[0.391s] Invoked command in '/home/tedee/tb3_ws/build/turtlebot3_bringup' returned '0': AMENT_PREFIX_PATH=/home/tedee/tb3_ws/install/turtlebot3_node:/home/tedee/tb3_ws/install/turtlebot3_msgs:/home/tedee/tb3_ws/install/turtlebot3_description:${AMENT_PREFIX_PATH} CMAKE_PREFIX_PATH=/home/tedee/tb3_ws/install/turtlebot3_node:/home/tedee/tb3_ws/install/turtlebot3_msgs:/home/tedee/tb3_ws/install/turtlebot3_description:/opt/ros/humble LD_LIBRARY_PATH=/home/tedee/tb3_ws/install/turtlebot3_msgs/lib:${LD_LIBRARY_PATH} PYTHONPATH=/home/tedee/tb3_ws/install/turtlebot3_msgs/local/lib/python3.10/dist-packages:${PYTHONPATH} /usr/bin/cmake /home/tedee/tb3_ws/src/turtlebot3/turtlebot3_bringup -DAMENT_CMAKE_SYMLINK_INSTALL=1 -DCMAKE_INSTALL_PREFIX=/home/tedee/tb3_ws/install/turtlebot3_bringup
[0.392s] Invoking command in '/home/tedee/tb3_ws/build/turtlebot3_bringup': AMENT_PREFIX_PATH=/home/tedee/tb3_ws/install/turtlebot3_node:/home/tedee/tb3_ws/install/turtlebot3_msgs:/home/tedee/tb3_ws/install/turtlebot3_description:${AMENT_PREFIX_PATH} CMAKE_PREFIX_PATH=/home/tedee/tb3_ws/install/turtlebot3_node:/home/tedee/tb3_ws/install/turtlebot3_msgs:/home/tedee/tb3_ws/install/turtlebot3_description:/opt/ros/humble LD_LIBRARY_PATH=/home/tedee/tb3_ws/install/turtlebot3_msgs/lib:${LD_LIBRARY_PATH} PYTHONPATH=/home/tedee/tb3_ws/install/turtlebot3_msgs/local/lib/python3.10/dist-packages:${PYTHONPATH} /usr/bin/cmake --build /home/tedee/tb3_ws/build/turtlebot3_bringup -- -j20 -l20
[0.419s] Invoked command in '/home/tedee/tb3_ws/build/turtlebot3_bringup' returned '0': AMENT_PREFIX_PATH=/home/tedee/tb3_ws/install/turtlebot3_node:/home/tedee/tb3_ws/install/turtlebot3_msgs:/home/tedee/tb3_ws/install/turtlebot3_description:${AMENT_PREFIX_PATH} CMAKE_PREFIX_PATH=/home/tedee/tb3_ws/install/turtlebot3_node:/home/tedee/tb3_ws/install/turtlebot3_msgs:/home/tedee/tb3_ws/install/turtlebot3_description:/opt/ros/humble LD_LIBRARY_PATH=/home/tedee/tb3_ws/install/turtlebot3_msgs/lib:${LD_LIBRARY_PATH} PYTHONPATH=/home/tedee/tb3_ws/install/turtlebot3_msgs/local/lib/python3.10/dist-packages:${PYTHONPATH} /usr/bin/cmake --build /home/tedee/tb3_ws/build/turtlebot3_bringup -- -j20 -l20
[0.420s] Invoking command in '/home/tedee/tb3_ws/build/turtlebot3_bringup': AMENT_PREFIX_PATH=/home/tedee/tb3_ws/install/turtlebot3_node:/home/tedee/tb3_ws/install/turtlebot3_msgs:/home/tedee/tb3_ws/install/turtlebot3_description:${AMENT_PREFIX_PATH} CMAKE_PREFIX_PATH=/home/tedee/tb3_ws/install/turtlebot3_node:/home/tedee/tb3_ws/install/turtlebot3_msgs:/home/tedee/tb3_ws/install/turtlebot3_description:/opt/ros/humble LD_LIBRARY_PATH=/home/tedee/tb3_ws/install/turtlebot3_msgs/lib:${LD_LIBRARY_PATH} PYTHONPATH=/home/tedee/tb3_ws/install/turtlebot3_msgs/local/lib/python3.10/dist-packages:${PYTHONPATH} /usr/bin/cmake --install /home/tedee/tb3_ws/build/turtlebot3_bringup
[0.427s] -- Install configuration: ""
[0.427s] -- Execute custom install script
[0.427s] -- Symlinking: /home/tedee/tb3_ws/install/turtlebot3_bringup/share/turtlebot3_bringup/launch/camera.launch.py
[0.434s] -- Symlinking: /home/tedee/tb3_ws/install/turtlebot3_bringup/share/turtlebot3_bringup/launch/robot.launch.py
[0.443s] -- Symlinking: /home/tedee/tb3_ws/install/turtlebot3_bringup/share/turtlebot3_bringup/launch/rviz2.launch.py
[0.450s] -- Symlinking: /home/tedee/tb3_ws/install/turtlebot3_bringup/share/turtlebot3_bringup/launch/turtlebot3_state_publisher.launch.py
[0.457s] -- Symlinking: /home/tedee/tb3_ws/install/turtlebot3_bringup/share/turtlebot3_bringup/param/burger.yaml
[0.465s] -- Symlinking: /home/tedee/tb3_ws/install/turtlebot3_bringup/share/turtlebot3_bringup/param/humble/burger.yaml
[0.473s] -- Symlinking: /home/tedee/tb3_ws/install/turtlebot3_bringup/share/turtlebot3_bringup/param/humble/waffle.yaml
[0.482s] -- Symlinking: /home/tedee/tb3_ws/install/turtlebot3_bringup/share/turtlebot3_bringup/param/humble/waffle_pi.yaml
[0.492s] -- Symlinking: /home/tedee/tb3_ws/install/turtlebot3_bringup/share/turtlebot3_bringup/param/waffle.yaml
[0.503s] -- Symlinking: /home/tedee/tb3_ws/install/turtlebot3_bringup/share/turtlebot3_bringup/param/waffle_pi.yaml
[0.512s] -- Symlinking: /home/tedee/tb3_ws/install/turtlebot3_bringup/share/turtlebot3_bringup/script/99-turtlebot3-cdc.rules
[0.520s] -- Symlinking: /home/tedee/tb3_ws/install/turtlebot3_bringup/share/turtlebot3_bringup/script/create_udev_rules
[0.530s] -- Symlinking: /home/tedee/tb3_ws/install/turtlebot3_bringup/share/ament_index/resource_index/package_run_dependencies/turtlebot3_bringup
[0.540s] -- Symlinking: /home/tedee/tb3_ws/install/turtlebot3_bringup/share/ament_index/resource_index/parent_prefix_path/turtlebot3_bringup
[0.549s] -- Symlinking: /home/tedee/tb3_ws/install/turtlebot3_bringup/share/turtlebot3_bringup/environment/ament_prefix_path.sh
[0.558s] -- Symlinking: /home/tedee/tb3_ws/install/turtlebot3_bringup/share/turtlebot3_bringup/environment/ament_prefix_path.dsv
[0.567s] -- Symlinking: /home/tedee/tb3_ws/install/turtlebot3_bringup/share/turtlebot3_bringup/environment/path.sh
[0.577s] -- Symlinking: /home/tedee/tb3_ws/install/turtlebot3_bringup/share/turtlebot3_bringup/environment/path.dsv
[0.585s] -- Symlinking: /home/tedee/tb3_ws/install/turtlebot3_bringup/share/turtlebot3_bringup/local_setup.bash
[0.593s] -- Symlinking: /home/tedee/tb3_ws/install/turtlebot3_bringup/share/turtlebot3_bringup/local_setup.sh
[0.602s] -- Symlinking: /home/tedee/tb3_ws/install/turtlebot3_bringup/share/turtlebot3_bringup/local_setup.zsh
[0.612s] -- Symlinking: /home/tedee/tb3_ws/install/turtlebot3_bringup/share/turtlebot3_bringup/local_setup.dsv
[0.621s] -- Symlinking: /home/tedee/tb3_ws/install/turtlebot3_bringup/share/turtlebot3_bringup/package.dsv
[0.630s] -- Symlinking: /home/tedee/tb3_ws/install/turtlebot3_bringup/share/ament_index/resource_index/packages/turtlebot3_bringup
[0.638s] -- Symlinking: /home/tedee/tb3_ws/install/turtlebot3_bringup/share/turtlebot3_bringup/cmake/turtlebot3_bringupConfig.cmake
[0.647s] -- Symlinking: /home/tedee/tb3_ws/install/turtlebot3_bringup/share/turtlebot3_bringup/cmake/turtlebot3_bringupConfig-version.cmake
[0.656s] -- Symlinking: /home/tedee/tb3_ws/install/turtlebot3_bringup/share/turtlebot3_bringup/package.xml
[0.667s] Invoked command in '/home/tedee/tb3_ws/build/turtlebot3_bringup' returned '0': AMENT_PREFIX_PATH=/home/tedee/tb3_ws/install/turtlebot3_node:/home/tedee/tb3_ws/install/turtlebot3_msgs:/home/tedee/tb3_ws/install/turtlebot3_description:${AMENT_PREFIX_PATH} CMAKE_PREFIX_PATH=/home/tedee/tb3_ws/install/turtlebot3_node:/home/tedee/tb3_ws/install/turtlebot3_msgs:/home/tedee/tb3_ws/install/turtlebot3_description:/opt/ros/humble LD_LIBRARY_PATH=/home/tedee/tb3_ws/install/turtlebot3_msgs/lib:${LD_LIBRARY_PATH} PYTHONPATH=/home/tedee/tb3_ws/install/turtlebot3_msgs/local/lib/python3.10/dist-packages:${PYTHONPATH} /usr/bin/cmake --install /home/tedee/tb3_ws/build/turtlebot3_bringup
