[0.022s] Invoking command in '/home/tedee/tb3_ws/build/turtlebot3_navigation2': CMAKE_PREFIX_PATH=${CMAKE_PREFIX_PATH}:/home/tedee/tb3_ws/install/turtlebot3_teleop:/home/tedee/tb3_ws/install/turtlebot3_example:/home/tedee/tb3_ws/install/tb3_fsm_patrol:/opt/ros/humble /usr/bin/cmake --build /home/tedee/tb3_ws/build/turtlebot3_navigation2 -- -j20 -l20
[0.390s] Invoked command in '/home/tedee/tb3_ws/build/turtlebot3_navigation2' returned '0': CMAKE_PREFIX_PATH=${CMAKE_PREFIX_PATH}:/home/tedee/tb3_ws/install/turtlebot3_teleop:/home/tedee/tb3_ws/install/turtlebot3_example:/home/tedee/tb3_ws/install/tb3_fsm_patrol:/opt/ros/humble /usr/bin/cmake --build /home/tedee/tb3_ws/build/turtlebot3_navigation2 -- -j20 -l20
[0.391s] Invoking command in '/home/tedee/tb3_ws/build/turtlebot3_navigation2': CMAKE_PREFIX_PATH=${CMAKE_PREFIX_PATH}:/home/tedee/tb3_ws/install/turtlebot3_teleop:/home/tedee/tb3_ws/install/turtlebot3_example:/home/tedee/tb3_ws/install/tb3_fsm_patrol:/opt/ros/humble /usr/bin/cmake --install /home/tedee/tb3_ws/build/turtlebot3_navigation2
[0.398s] -- Install configuration: ""
[0.399s] -- Execute custom install script
[0.399s] -- Up-to-date symlink: /home/tedee/tb3_ws/install/turtlebot3_navigation2/share/turtlebot3_navigation2/launch/navigation2.launch.py
[0.399s] -- Up-to-date symlink: /home/tedee/tb3_ws/install/turtlebot3_navigation2/share/turtlebot3_navigation2/map/map.pgm
[0.399s] -- Up-to-date symlink: /home/tedee/tb3_ws/install/turtlebot3_navigation2/share/turtlebot3_navigation2/map/map.yaml
[0.399s] -- Up-to-date symlink: /home/tedee/tb3_ws/install/turtlebot3_navigation2/share/turtlebot3_navigation2/param/burger.yaml
[0.399s] -- Up-to-date symlink: /home/tedee/tb3_ws/install/turtlebot3_navigation2/share/turtlebot3_navigation2/param/burger_cam.yaml
[0.399s] -- Up-to-date symlink: /home/tedee/tb3_ws/install/turtlebot3_navigation2/share/turtlebot3_navigation2/param/humble/burger.yaml
[0.400s] -- Up-to-date symlink: /home/tedee/tb3_ws/install/turtlebot3_navigation2/share/turtlebot3_navigation2/param/humble/burger_cam.yaml
[0.400s] -- Up-to-date symlink: /home/tedee/tb3_ws/install/turtlebot3_navigation2/share/turtlebot3_navigation2/param/humble/waffle.yaml
[0.400s] -- Up-to-date symlink: /home/tedee/tb3_ws/install/turtlebot3_navigation2/share/turtlebot3_navigation2/param/humble/waffle_pi.yaml
[0.400s] -- Up-to-date symlink: /home/tedee/tb3_ws/install/turtlebot3_navigation2/share/turtlebot3_navigation2/param/waffle.yaml
[0.400s] -- Up-to-date symlink: /home/tedee/tb3_ws/install/turtlebot3_navigation2/share/turtlebot3_navigation2/param/waffle_pi.yaml
[0.400s] -- Up-to-date symlink: /home/tedee/tb3_ws/install/turtlebot3_navigation2/share/turtlebot3_navigation2/rviz/tb3_navigation2.rviz
[0.400s] -- Up-to-date symlink: /home/tedee/tb3_ws/install/turtlebot3_navigation2/share/ament_index/resource_index/package_run_dependencies/turtlebot3_navigation2
[0.400s] -- Up-to-date symlink: /home/tedee/tb3_ws/install/turtlebot3_navigation2/share/ament_index/resource_index/parent_prefix_path/turtlebot3_navigation2
[0.400s] -- Up-to-date symlink: /home/tedee/tb3_ws/install/turtlebot3_navigation2/share/turtlebot3_navigation2/environment/ament_prefix_path.sh
[0.400s] -- Up-to-date symlink: /home/tedee/tb3_ws/install/turtlebot3_navigation2/share/turtlebot3_navigation2/environment/ament_prefix_path.dsv
[0.400s] -- Up-to-date symlink: /home/tedee/tb3_ws/install/turtlebot3_navigation2/share/turtlebot3_navigation2/environment/path.sh
[0.400s] -- Up-to-date symlink: /home/tedee/tb3_ws/install/turtlebot3_navigation2/share/turtlebot3_navigation2/environment/path.dsv
[0.400s] -- Up-to-date symlink: /home/tedee/tb3_ws/install/turtlebot3_navigation2/share/turtlebot3_navigation2/local_setup.bash
[0.401s] -- Up-to-date symlink: /home/tedee/tb3_ws/install/turtlebot3_navigation2/share/turtlebot3_navigation2/local_setup.sh
[0.401s] -- Up-to-date symlink: /home/tedee/tb3_ws/install/turtlebot3_navigation2/share/turtlebot3_navigation2/local_setup.zsh
[0.401s] -- Up-to-date symlink: /home/tedee/tb3_ws/install/turtlebot3_navigation2/share/turtlebot3_navigation2/local_setup.dsv
[0.401s] -- Symlinking: /home/tedee/tb3_ws/install/turtlebot3_navigation2/share/turtlebot3_navigation2/package.dsv
[0.439s] -- Up-to-date symlink: /home/tedee/tb3_ws/install/turtlebot3_navigation2/share/ament_index/resource_index/packages/turtlebot3_navigation2
[0.439s] -- Up-to-date symlink: /home/tedee/tb3_ws/install/turtlebot3_navigation2/share/turtlebot3_navigation2/cmake/turtlebot3_navigation2Config.cmake
[0.439s] -- Up-to-date symlink: /home/tedee/tb3_ws/install/turtlebot3_navigation2/share/turtlebot3_navigation2/cmake/turtlebot3_navigation2Config-version.cmake
[0.439s] -- Up-to-date symlink: /home/tedee/tb3_ws/install/turtlebot3_navigation2/share/turtlebot3_navigation2/package.xml
[0.464s] Invoked command in '/home/tedee/tb3_ws/build/turtlebot3_navigation2' returned '0': CMAKE_PREFIX_PATH=${CMAKE_PREFIX_PATH}:/home/tedee/tb3_ws/install/turtlebot3_teleop:/home/tedee/tb3_ws/install/turtlebot3_example:/home/tedee/tb3_ws/install/tb3_fsm_patrol:/opt/ros/humble /usr/bin/cmake --install /home/tedee/tb3_ws/build/turtlebot3_navigation2
