[0.018s] Invoking command in '/home/tedee/tb3_ws/build/turtlebot3_navigation2': CMAKE_PREFIX_PATH=${CMAKE_PREFIX_PATH}:/home/tedee/tb3_ws/install/tb3_fsm_patrol:/home/tedee/tb3_ws/install/turtlebot3_teleop:/home/tedee/tb3_ws/install/turtlebot3_example:/opt/ros/humble /usr/bin/cmake /home/tedee/tb3_ws/src/turtlebot3/turtlebot3_navigation2 -DCMAKE_INSTALL_PREFIX=/home/tedee/tb3_ws/install/turtlebot3_navigation2
[0.253s] -- Found ament_cmake: 1.3.11 (/opt/ros/humble/share/ament_cmake/cmake)
[0.253s] -- Override CMake install command with custom implementation using symlinks instead of copying resources
[0.253s] -- Configuring done
[0.253s] -- Generating done
[0.253s] -- Build files have been written to: /home/tedee/tb3_ws/build/turtlebot3_navigation2
[0.425s] Invoked command in '/home/tedee/tb3_ws/build/turtlebot3_navigation2' returned '0': CMAKE_PREFIX_PATH=${CMAKE_PREFIX_PATH}:/home/tedee/tb3_ws/install/tb3_fsm_patrol:/home/tedee/tb3_ws/install/turtlebot3_teleop:/home/tedee/tb3_ws/install/turtlebot3_example:/opt/ros/humble /usr/bin/cmake /home/tedee/tb3_ws/src/turtlebot3/turtlebot3_navigation2 -DCMAKE_INSTALL_PREFIX=/home/tedee/tb3_ws/install/turtlebot3_navigation2
[0.426s] Invoking command in '/home/tedee/tb3_ws/build/turtlebot3_navigation2': CMAKE_PREFIX_PATH=${CMAKE_PREFIX_PATH}:/home/tedee/tb3_ws/install/tb3_fsm_patrol:/home/tedee/tb3_ws/install/turtlebot3_teleop:/home/tedee/tb3_ws/install/turtlebot3_example:/opt/ros/humble /usr/bin/cmake --build /home/tedee/tb3_ws/build/turtlebot3_navigation2 -- -j20 -l20
[0.465s] Invoked command in '/home/tedee/tb3_ws/build/turtlebot3_navigation2' returned '0': CMAKE_PREFIX_PATH=${CMAKE_PREFIX_PATH}:/home/tedee/tb3_ws/install/tb3_fsm_patrol:/home/tedee/tb3_ws/install/turtlebot3_teleop:/home/tedee/tb3_ws/install/turtlebot3_example:/opt/ros/humble /usr/bin/cmake --build /home/tedee/tb3_ws/build/turtlebot3_navigation2 -- -j20 -l20
[0.466s] Invoking command in '/home/tedee/tb3_ws/build/turtlebot3_navigation2': CMAKE_PREFIX_PATH=${CMAKE_PREFIX_PATH}:/home/tedee/tb3_ws/install/tb3_fsm_patrol:/home/tedee/tb3_ws/install/turtlebot3_teleop:/home/tedee/tb3_ws/install/turtlebot3_example:/opt/ros/humble /usr/bin/cmake --install /home/tedee/tb3_ws/build/turtlebot3_navigation2
[0.478s] -- Install configuration: ""
[0.479s] -- Execute custom install script
[0.480s] -- Up-to-date symlink: /home/tedee/tb3_ws/install/turtlebot3_navigation2/share/turtlebot3_navigation2/launch/navigation2.launch.py
[0.480s] -- Up-to-date symlink: /home/tedee/tb3_ws/install/turtlebot3_navigation2/share/turtlebot3_navigation2/map/map.pgm
[0.480s] -- Up-to-date symlink: /home/tedee/tb3_ws/install/turtlebot3_navigation2/share/turtlebot3_navigation2/map/map.yaml
[0.480s] -- Up-to-date symlink: /home/tedee/tb3_ws/install/turtlebot3_navigation2/share/turtlebot3_navigation2/param/burger.yaml
[0.480s] -- Up-to-date symlink: /home/tedee/tb3_ws/install/turtlebot3_navigation2/share/turtlebot3_navigation2/param/burger_cam.yaml
[0.480s] -- Up-to-date symlink: /home/tedee/tb3_ws/install/turtlebot3_navigation2/share/turtlebot3_navigation2/param/humble/burger.yaml
[0.481s] -- Up-to-date symlink: /home/tedee/tb3_ws/install/turtlebot3_navigation2/share/turtlebot3_navigation2/param/humble/burger_cam.yaml
[0.481s] -- Up-to-date symlink: /home/tedee/tb3_ws/install/turtlebot3_navigation2/share/turtlebot3_navigation2/param/humble/waffle.yaml
[0.481s] -- Up-to-date symlink: /home/tedee/tb3_ws/install/turtlebot3_navigation2/share/turtlebot3_navigation2/param/humble/waffle_pi.yaml
[0.481s] -- Up-to-date symlink: /home/tedee/tb3_ws/install/turtlebot3_navigation2/share/turtlebot3_navigation2/param/waffle.yaml
[0.482s] -- Up-to-date symlink: /home/tedee/tb3_ws/install/turtlebot3_navigation2/share/turtlebot3_navigation2/param/waffle_pi.yaml
[0.482s] -- Up-to-date symlink: /home/tedee/tb3_ws/install/turtlebot3_navigation2/share/turtlebot3_navigation2/rviz/tb3_navigation2.rviz
[0.482s] -- Up-to-date symlink: /home/tedee/tb3_ws/install/turtlebot3_navigation2/share/ament_index/resource_index/package_run_dependencies/turtlebot3_navigation2
[0.482s] -- Up-to-date symlink: /home/tedee/tb3_ws/install/turtlebot3_navigation2/share/ament_index/resource_index/parent_prefix_path/turtlebot3_navigation2
[0.482s] -- Up-to-date symlink: /home/tedee/tb3_ws/install/turtlebot3_navigation2/share/turtlebot3_navigation2/environment/ament_prefix_path.sh
[0.482s] -- Up-to-date symlink: /home/tedee/tb3_ws/install/turtlebot3_navigation2/share/turtlebot3_navigation2/environment/ament_prefix_path.dsv
[0.482s] -- Up-to-date symlink: /home/tedee/tb3_ws/install/turtlebot3_navigation2/share/turtlebot3_navigation2/environment/path.sh
[0.483s] -- Up-to-date symlink: /home/tedee/tb3_ws/install/turtlebot3_navigation2/share/turtlebot3_navigation2/environment/path.dsv
[0.483s] -- Up-to-date symlink: /home/tedee/tb3_ws/install/turtlebot3_navigation2/share/turtlebot3_navigation2/local_setup.bash
[0.483s] -- Up-to-date symlink: /home/tedee/tb3_ws/install/turtlebot3_navigation2/share/turtlebot3_navigation2/local_setup.sh
[0.483s] -- Up-to-date symlink: /home/tedee/tb3_ws/install/turtlebot3_navigation2/share/turtlebot3_navigation2/local_setup.zsh
[0.483s] -- Up-to-date symlink: /home/tedee/tb3_ws/install/turtlebot3_navigation2/share/turtlebot3_navigation2/local_setup.dsv
[0.483s] -- Symlinking: /home/tedee/tb3_ws/install/turtlebot3_navigation2/share/turtlebot3_navigation2/package.dsv
[0.485s] -- Up-to-date symlink: /home/tedee/tb3_ws/install/turtlebot3_navigation2/share/ament_index/resource_index/packages/turtlebot3_navigation2
[0.485s] -- Up-to-date symlink: /home/tedee/tb3_ws/install/turtlebot3_navigation2/share/turtlebot3_navigation2/cmake/turtlebot3_navigation2Config.cmake
[0.485s] -- Up-to-date symlink: /home/tedee/tb3_ws/install/turtlebot3_navigation2/share/turtlebot3_navigation2/cmake/turtlebot3_navigation2Config-version.cmake
[0.485s] -- Up-to-date symlink: /home/tedee/tb3_ws/install/turtlebot3_navigation2/share/turtlebot3_navigation2/package.xml
[0.508s] Invoked command in '/home/tedee/tb3_ws/build/turtlebot3_navigation2' returned '0': CMAKE_PREFIX_PATH=${CMAKE_PREFIX_PATH}:/home/tedee/tb3_ws/install/tb3_fsm_patrol:/home/tedee/tb3_ws/install/turtlebot3_teleop:/home/tedee/tb3_ws/install/turtlebot3_example:/opt/ros/humble /usr/bin/cmake --install /home/tedee/tb3_ws/build/turtlebot3_navigation2
