[0.013s] Invoking command in '/home/tedee/tb3_ws/build/turtlebot3_node': AMENT_PREFIX_PATH=/home/tedee/tb3_ws/install/turtlebot3_msgs:${AMENT_PREFIX_PATH} CMAKE_PREFIX_PATH=/home/tedee/tb3_ws/install/turtlebot3_msgs:/opt/ros/humble LD_LIBRARY_PATH=/home/tedee/tb3_ws/install/turtlebot3_msgs/lib:${LD_LIBRARY_PATH} PYTHONPATH=/home/tedee/tb3_ws/install/turtlebot3_msgs/local/lib/python3.10/dist-packages:${PYTHONPATH} /usr/bin/cmake --build /home/tedee/tb3_ws/build/turtlebot3_node -- -j20 -l20
[0.194s] [ 85%] Built target turtlebot3_node_lib
[0.195s] [100%] Built target turtlebot3_ros
[0.197s] Invoked command in '/home/tedee/tb3_ws/build/turtlebot3_node' returned '0': AMENT_PREFIX_PATH=/home/tedee/tb3_ws/install/turtlebot3_msgs:${AMENT_PREFIX_PATH} CMAKE_PREFIX_PATH=/home/tedee/tb3_ws/install/turtlebot3_msgs:/opt/ros/humble LD_LIBRARY_PATH=/home/tedee/tb3_ws/install/turtlebot3_msgs/lib:${LD_LIBRARY_PATH} PYTHONPATH=/home/tedee/tb3_ws/install/turtlebot3_msgs/local/lib/python3.10/dist-packages:${PYTHONPATH} /usr/bin/cmake --build /home/tedee/tb3_ws/build/turtlebot3_node -- -j20 -l20
[0.199s] Invoking command in '/home/tedee/tb3_ws/build/turtlebot3_node': AMENT_PREFIX_PATH=/home/tedee/tb3_ws/install/turtlebot3_msgs:${AMENT_PREFIX_PATH} CMAKE_PREFIX_PATH=/home/tedee/tb3_ws/install/turtlebot3_msgs:/opt/ros/humble LD_LIBRARY_PATH=/home/tedee/tb3_ws/install/turtlebot3_msgs/lib:${LD_LIBRARY_PATH} PYTHONPATH=/home/tedee/tb3_ws/install/turtlebot3_msgs/local/lib/python3.10/dist-packages:${PYTHONPATH} /usr/bin/cmake --install /home/tedee/tb3_ws/build/turtlebot3_node
[0.204s] -- Install configuration: ""
[0.205s] -- Execute custom install script
[0.220s] -- Up-to-date symlink: /home/tedee/tb3_ws/install/turtlebot3_node/share/turtlebot3_node/param/burger.yaml
[0.220s] -- Up-to-date symlink: /home/tedee/tb3_ws/install/turtlebot3_node/share/turtlebot3_node/param/waffle.yaml
[0.221s] -- Up-to-date symlink: /home/tedee/tb3_ws/install/turtlebot3_node/share/turtlebot3_node/param/waffle_pi.yaml
[0.222s] -- Up-to-date symlink: /home/tedee/tb3_ws/install/turtlebot3_node/lib/turtlebot3_node/turtlebot3_ros
[0.224s] -- Up-to-date symlink: /home/tedee/tb3_ws/install/turtlebot3_node/share/ament_index/resource_index/package_run_dependencies/turtlebot3_node
[0.224s] -- Up-to-date symlink: /home/tedee/tb3_ws/install/turtlebot3_node/share/ament_index/resource_index/parent_prefix_path/turtlebot3_node
[0.225s] -- Up-to-date symlink: /home/tedee/tb3_ws/install/turtlebot3_node/share/turtlebot3_node/environment/ament_prefix_path.sh
[0.225s] -- Up-to-date symlink: /home/tedee/tb3_ws/install/turtlebot3_node/share/turtlebot3_node/environment/ament_prefix_path.dsv
[0.225s] -- Up-to-date symlink: /home/tedee/tb3_ws/install/turtlebot3_node/share/turtlebot3_node/environment/path.sh
[0.226s] -- Up-to-date symlink: /home/tedee/tb3_ws/install/turtlebot3_node/share/turtlebot3_node/environment/path.dsv
[0.226s] -- Up-to-date symlink: /home/tedee/tb3_ws/install/turtlebot3_node/share/turtlebot3_node/local_setup.bash
[0.226s] -- Up-to-date symlink: /home/tedee/tb3_ws/install/turtlebot3_node/share/turtlebot3_node/local_setup.sh
[0.227s] -- Up-to-date symlink: /home/tedee/tb3_ws/install/turtlebot3_node/share/turtlebot3_node/local_setup.zsh
[0.227s] -- Up-to-date symlink: /home/tedee/tb3_ws/install/turtlebot3_node/share/turtlebot3_node/local_setup.dsv
[0.227s] -- Symlinking: /home/tedee/tb3_ws/install/turtlebot3_node/share/turtlebot3_node/package.dsv
[0.234s] -- Up-to-date symlink: /home/tedee/tb3_ws/install/turtlebot3_node/share/ament_index/resource_index/packages/turtlebot3_node
[0.235s] -- Up-to-date symlink: /home/tedee/tb3_ws/install/turtlebot3_node/share/turtlebot3_node/cmake/ament_cmake_export_dependencies-extras.cmake
[0.235s] -- Up-to-date symlink: /home/tedee/tb3_ws/install/turtlebot3_node/share/turtlebot3_node/cmake/ament_cmake_export_include_directories-extras.cmake
[0.236s] -- Up-to-date symlink: /home/tedee/tb3_ws/install/turtlebot3_node/share/turtlebot3_node/cmake/turtlebot3_nodeConfig.cmake
[0.236s] -- Up-to-date symlink: /home/tedee/tb3_ws/install/turtlebot3_node/share/turtlebot3_node/cmake/turtlebot3_nodeConfig-version.cmake
[0.237s] -- Up-to-date symlink: /home/tedee/tb3_ws/install/turtlebot3_node/share/turtlebot3_node/package.xml
[0.238s] Invoked command in '/home/tedee/tb3_ws/build/turtlebot3_node' returned '0': AMENT_PREFIX_PATH=/home/tedee/tb3_ws/install/turtlebot3_msgs:${AMENT_PREFIX_PATH} CMAKE_PREFIX_PATH=/home/tedee/tb3_ws/install/turtlebot3_msgs:/opt/ros/humble LD_LIBRARY_PATH=/home/tedee/tb3_ws/install/turtlebot3_msgs/lib:${LD_LIBRARY_PATH} PYTHONPATH=/home/tedee/tb3_ws/install/turtlebot3_msgs/local/lib/python3.10/dist-packages:${PYTHONPATH} /usr/bin/cmake --install /home/tedee/tb3_ws/build/turtlebot3_node
