running develop
running egg_info
creating tb3_fsm_patrol.egg-info
writing tb3_fsm_patrol.egg-info/PKG-INFO
writing dependency_links to tb3_fsm_patrol.egg-info/dependency_links.txt
writing entry points to tb3_fsm_patrol.egg-info/entry_points.txt
writing requirements to tb3_fsm_patrol.egg-info/requires.txt
writing top-level names to tb3_fsm_patrol.egg-info/top_level.txt
writing manifest file 'tb3_fsm_patrol.egg-info/SOURCES.txt'
reading manifest file 'tb3_fsm_patrol.egg-info/SOURCES.txt'
writing manifest file 'tb3_fsm_patrol.egg-info/SOURCES.txt'
running build_ext
Creating /home/tedee/tb3_ws/install/tb3_fsm_patrol/lib/python3.10/site-packages/tb3-fsm-patrol.egg-link (link to .)
Installing fsm_patrol script to /home/tedee/tb3_ws/install/tb3_fsm_patrol/lib/tb3_fsm_patrol

Installed /home/tedee/tb3_ws/build/tb3_fsm_patrol
running symlink_data
creating /home/tedee/tb3_ws/install/tb3_fsm_patrol/share/ament_index
creating /home/tedee/tb3_ws/install/tb3_fsm_patrol/share/ament_index/resource_index
creating /home/tedee/tb3_ws/install/tb3_fsm_patrol/share/ament_index/resource_index/packages
symbolically linking /home/tedee/tb3_ws/build/tb3_fsm_patrol/resource/tb3_fsm_patrol -> /home/tedee/tb3_ws/install/tb3_fsm_patrol/share/ament_index/resource_index/packages
symbolically linking /home/tedee/tb3_ws/build/tb3_fsm_patrol/package.xml -> /home/tedee/tb3_ws/install/tb3_fsm_patrol/share/tb3_fsm_patrol
