[0.841s] Invoking command in '/home/tedee/tb3_ws/build/tb3_fsm_patrol': PYTHONPATH=/home/tedee/tb3_ws/build/tb3_fsm_patrol/prefix_override:/usr/lib/python3/dist-packages/colcon_core/task/python/colcon_distutils_commands:/home/tedee/tb3_ws/install/tb3_fsm_patrol/lib/python3.10/site-packages:${PYTHONPATH} /usr/bin/python3 -W ignore:setup.py install is deprecated -W ignore:easy_install command is deprecated setup.py develop --editable --build-directory /home/tedee/tb3_ws/build/tb3_fsm_patrol/build --no-deps symlink_data
[1.101s] running develop
[1.245s] running egg_info
[1.245s] creating tb3_fsm_patrol.egg-info
[1.245s] writing tb3_fsm_patrol.egg-info/PKG-INFO
[1.245s] writing dependency_links to tb3_fsm_patrol.egg-info/dependency_links.txt
[1.245s] writing entry points to tb3_fsm_patrol.egg-info/entry_points.txt
[1.245s] writing requirements to tb3_fsm_patrol.egg-info/requires.txt
[1.245s] writing top-level names to tb3_fsm_patrol.egg-info/top_level.txt
[1.245s] writing manifest file 'tb3_fsm_patrol.egg-info/SOURCES.txt'
[1.247s] reading manifest file 'tb3_fsm_patrol.egg-info/SOURCES.txt'
[1.247s] writing manifest file 'tb3_fsm_patrol.egg-info/SOURCES.txt'
[1.273s] running build_ext
[1.273s] Creating /home/tedee/tb3_ws/install/tb3_fsm_patrol/lib/python3.10/site-packages/tb3-fsm-patrol.egg-link (link to .)
[1.274s] Installing fsm_patrol script to /home/tedee/tb3_ws/install/tb3_fsm_patrol/lib/tb3_fsm_patrol
[1.274s] 
[1.274s] Installed /home/tedee/tb3_ws/build/tb3_fsm_patrol
[1.274s] running symlink_data
[1.274s] creating /home/tedee/tb3_ws/install/tb3_fsm_patrol/share/ament_index
[1.274s] creating /home/tedee/tb3_ws/install/tb3_fsm_patrol/share/ament_index/resource_index
[1.275s] creating /home/tedee/tb3_ws/install/tb3_fsm_patrol/share/ament_index/resource_index/packages
[1.275s] symbolically linking /home/tedee/tb3_ws/build/tb3_fsm_patrol/resource/tb3_fsm_patrol -> /home/tedee/tb3_ws/install/tb3_fsm_patrol/share/ament_index/resource_index/packages
[1.275s] symbolically linking /home/tedee/tb3_ws/build/tb3_fsm_patrol/package.xml -> /home/tedee/tb3_ws/install/tb3_fsm_patrol/share/tb3_fsm_patrol
[1.303s] Invoked command in '/home/tedee/tb3_ws/build/tb3_fsm_patrol' returned '0': PYTHONPATH=/home/tedee/tb3_ws/build/tb3_fsm_patrol/prefix_override:/usr/lib/python3/dist-packages/colcon_core/task/python/colcon_distutils_commands:/home/tedee/tb3_ws/install/tb3_fsm_patrol/lib/python3.10/site-packages:${PYTHONPATH} /usr/bin/python3 -W ignore:setup.py install is deprecated -W ignore:easy_install command is deprecated setup.py develop --editable --build-directory /home/tedee/tb3_ws/build/tb3_fsm_patrol/build --no-deps symlink_data
