[0.692s] Invoking command in '/home/tedee/tb3_ws/build/turtlebot3_example': CMAKE_PREFIX_PATH=/home/tedee/tb3_ws/install/turtlebot3_msgs:/home/tedee/tb3_ws/install/turtlebot3:/home/tedee/tb3_ws/install/turtlebot3_simulations:/home/tedee/tb3_ws/install/turtlebot3_bringup:/home/tedee/tb3_ws/install/turtlebot3_node:/home/tedee/tb3_ws/install/turtlebot3_navigation2:/home/tedee/tb3_ws/install/turtlebot3_fake_node:/home/tedee/tb3_ws/install/turtlebot3_manipulation_gazebo:/home/tedee/tb3_ws/install/turtlebot3_gazebo:/home/tedee/tb3_ws/install/turtlebot3_description:/home/tedee/tb3_ws/install/turtlebot3_cartographer PYTHONPATH=/home/tedee/tb3_ws/build/turtlebot3_example/prefix_override:/usr/lib/python3/dist-packages/colcon_core/task/python/colcon_distutils_commands:/home/tedee/tb3_ws/install/turtlebot3_example/lib/python3.10/site-packages:${PYTHONPATH} /usr/bin/python3 -W ignore:setup.py install is deprecated -W ignore:easy_install command is deprecated setup.py develop --editable --build-directory /home/tedee/tb3_ws/build/turtlebot3_example/build --no-deps symlink_data
[0.891s] running develop
[1.014s] running egg_info
[1.014s] writing turtlebot3_example.egg-info/PKG-INFO
[1.014s] writing dependency_links to turtlebot3_example.egg-info/dependency_links.txt
[1.014s] writing entry points to turtlebot3_example.egg-info/entry_points.txt
[1.014s] writing requirements to turtlebot3_example.egg-info/requires.txt
[1.014s] writing top-level names to turtlebot3_example.egg-info/top_level.txt
[1.016s] reading manifest file 'turtlebot3_example.egg-info/SOURCES.txt'
[1.016s] writing manifest file 'turtlebot3_example.egg-info/SOURCES.txt'
[1.036s] running build_ext
[1.036s] Creating /home/tedee/tb3_ws/install/turtlebot3_example/lib/python3.10/site-packages/turtlebot3-example.egg-link (link to .)
[1.037s] Installing turtlebot3_absolute_move script to /home/tedee/tb3_ws/install/turtlebot3_example/lib/turtlebot3_example
[1.037s] Installing turtlebot3_interactive_marker script to /home/tedee/tb3_ws/install/turtlebot3_example/lib/turtlebot3_example
[1.037s] Installing turtlebot3_obstacle_detection script to /home/tedee/tb3_ws/install/turtlebot3_example/lib/turtlebot3_example
[1.037s] Installing turtlebot3_patrol_client script to /home/tedee/tb3_ws/install/turtlebot3_example/lib/turtlebot3_example
[1.037s] Installing turtlebot3_patrol_server script to /home/tedee/tb3_ws/install/turtlebot3_example/lib/turtlebot3_example
[1.037s] Installing turtlebot3_relative_move script to /home/tedee/tb3_ws/install/turtlebot3_example/lib/turtlebot3_example
[1.037s] 
[1.037s] Installed /home/tedee/tb3_ws/build/turtlebot3_example
[1.037s] running symlink_data
[1.059s] Invoked command in '/home/tedee/tb3_ws/build/turtlebot3_example' returned '0': CMAKE_PREFIX_PATH=/home/tedee/tb3_ws/install/turtlebot3_msgs:/home/tedee/tb3_ws/install/turtlebot3:/home/tedee/tb3_ws/install/turtlebot3_simulations:/home/tedee/tb3_ws/install/turtlebot3_bringup:/home/tedee/tb3_ws/install/turtlebot3_node:/home/tedee/tb3_ws/install/turtlebot3_navigation2:/home/tedee/tb3_ws/install/turtlebot3_fake_node:/home/tedee/tb3_ws/install/turtlebot3_manipulation_gazebo:/home/tedee/tb3_ws/install/turtlebot3_gazebo:/home/tedee/tb3_ws/install/turtlebot3_description:/home/tedee/tb3_ws/install/turtlebot3_cartographer PYTHONPATH=/home/tedee/tb3_ws/build/turtlebot3_example/prefix_override:/usr/lib/python3/dist-packages/colcon_core/task/python/colcon_distutils_commands:/home/tedee/tb3_ws/install/turtlebot3_example/lib/python3.10/site-packages:${PYTHONPATH} /usr/bin/python3 -W ignore:setup.py install is deprecated -W ignore:easy_install command is deprecated setup.py develop --editable --build-directory /home/tedee/tb3_ws/build/turtlebot3_example/build --no-deps symlink_data
