[0.022s] Invoking command in '/home/tedee/tb3_ws/build/turtlebot3_cartographer': CMAKE_PREFIX_PATH=/opt/ros/humble /usr/bin/cmake --build /home/tedee/tb3_ws/build/turtlebot3_cartographer -- -j20 -l20
[0.382s] Invoked command in '/home/tedee/tb3_ws/build/turtlebot3_cartographer' returned '0': CMAKE_PREFIX_PATH=/opt/ros/humble /usr/bin/cmake --build /home/tedee/tb3_ws/build/turtlebot3_cartographer -- -j20 -l20
[0.383s] Invoking command in '/home/tedee/tb3_ws/build/turtlebot3_cartographer': CMAKE_PREFIX_PATH=/opt/ros/humble /usr/bin/cmake --install /home/tedee/tb3_ws/build/turtlebot3_cartographer
[0.405s] -- Install configuration: ""
[0.405s] -- Execute custom install script
[0.405s] -- Up-to-date symlink: /home/tedee/tb3_ws/install/turtlebot3_cartographer/share/turtlebot3_cartographer/config/turtlebot3_lds_2d.lua
[0.405s] -- Up-to-date symlink: /home/tedee/tb3_ws/install/turtlebot3_cartographer/share/turtlebot3_cartographer/launch/cartographer.launch.py
[0.405s] -- Up-to-date symlink: /home/tedee/tb3_ws/install/turtlebot3_cartographer/share/turtlebot3_cartographer/launch/occupancy_grid.launch.py
[0.405s] -- Up-to-date symlink: /home/tedee/tb3_ws/install/turtlebot3_cartographer/share/turtlebot3_cartographer/rviz/tb3_cartographer.rviz
[0.406s] -- Up-to-date symlink: /home/tedee/tb3_ws/install/turtlebot3_cartographer/share/ament_index/resource_index/package_run_dependencies/turtlebot3_cartographer
[0.406s] -- Up-to-date symlink: /home/tedee/tb3_ws/install/turtlebot3_cartographer/share/ament_index/resource_index/parent_prefix_path/turtlebot3_cartographer
[0.406s] -- Up-to-date symlink: /home/tedee/tb3_ws/install/turtlebot3_cartographer/share/turtlebot3_cartographer/environment/ament_prefix_path.sh
[0.407s] -- Up-to-date symlink: /home/tedee/tb3_ws/install/turtlebot3_cartographer/share/turtlebot3_cartographer/environment/ament_prefix_path.dsv
[0.408s] -- Up-to-date symlink: /home/tedee/tb3_ws/install/turtlebot3_cartographer/share/turtlebot3_cartographer/environment/path.sh
[0.409s] -- Up-to-date symlink: /home/tedee/tb3_ws/install/turtlebot3_cartographer/share/turtlebot3_cartographer/environment/path.dsv
[0.409s] -- Up-to-date symlink: /home/tedee/tb3_ws/install/turtlebot3_cartographer/share/turtlebot3_cartographer/local_setup.bash
[0.409s] -- Up-to-date symlink: /home/tedee/tb3_ws/install/turtlebot3_cartographer/share/turtlebot3_cartographer/local_setup.sh
[0.409s] -- Up-to-date symlink: /home/tedee/tb3_ws/install/turtlebot3_cartographer/share/turtlebot3_cartographer/local_setup.zsh
[0.409s] -- Up-to-date symlink: /home/tedee/tb3_ws/install/turtlebot3_cartographer/share/turtlebot3_cartographer/local_setup.dsv
[0.409s] -- Symlinking: /home/tedee/tb3_ws/install/turtlebot3_cartographer/share/turtlebot3_cartographer/package.dsv
[0.416s] -- Up-to-date symlink: /home/tedee/tb3_ws/install/turtlebot3_cartographer/share/ament_index/resource_index/packages/turtlebot3_cartographer
[0.416s] -- Up-to-date symlink: /home/tedee/tb3_ws/install/turtlebot3_cartographer/share/turtlebot3_cartographer/cmake/turtlebot3_cartographerConfig.cmake
[0.416s] -- Up-to-date symlink: /home/tedee/tb3_ws/install/turtlebot3_cartographer/share/turtlebot3_cartographer/cmake/turtlebot3_cartographerConfig-version.cmake
[0.416s] -- Up-to-date symlink: /home/tedee/tb3_ws/install/turtlebot3_cartographer/share/turtlebot3_cartographer/package.xml
[0.453s] Invoked command in '/home/tedee/tb3_ws/build/turtlebot3_cartographer' returned '0': CMAKE_PREFIX_PATH=/opt/ros/humble /usr/bin/cmake --install /home/tedee/tb3_ws/build/turtlebot3_cartographer
