[0.742s] Invoking command in '/home/tedee/tb3_ws/src/tb3_fsm_patrol': PYTHONPATH=/home/tedee/tb3_ws/build/tb3_fsm_patrol/prefix_override:/usr/lib/python3/dist-packages/colcon_core/task/python/colcon_distutils_commands:/home/tedee/tb3_ws/install/tb3_fsm_patrol/lib/python3.10/site-packages:${PYTHONPATH} /usr/bin/python3 -W ignore:setup.py install is deprecated -W ignore:easy_install command is deprecated setup.py egg_info --egg-base ../../build/tb3_fsm_patrol build --build-base /home/tedee/tb3_ws/build/tb3_fsm_patrol/build install --record /home/tedee/tb3_ws/build/tb3_fsm_patrol/install.log --single-version-externally-managed install_data
[0.937s] running egg_info
[0.937s] writing ../../build/tb3_fsm_patrol/tb3_fsm_patrol.egg-info/PKG-INFO
[0.938s] writing dependency_links to ../../build/tb3_fsm_patrol/tb3_fsm_patrol.egg-info/dependency_links.txt
[0.938s] writing entry points to ../../build/tb3_fsm_patrol/tb3_fsm_patrol.egg-info/entry_points.txt
[0.938s] writing requirements to ../../build/tb3_fsm_patrol/tb3_fsm_patrol.egg-info/requires.txt
[0.938s] writing top-level names to ../../build/tb3_fsm_patrol/tb3_fsm_patrol.egg-info/top_level.txt
[0.939s] reading manifest file '../../build/tb3_fsm_patrol/tb3_fsm_patrol.egg-info/SOURCES.txt'
[0.939s] writing manifest file '../../build/tb3_fsm_patrol/tb3_fsm_patrol.egg-info/SOURCES.txt'
[0.939s] running build
[0.939s] running build_py
[0.939s] copying tb3_fsm_patrol/fsm_patrol.py -> /home/tedee/tb3_ws/build/tb3_fsm_patrol/build/lib/tb3_fsm_patrol
[0.940s] running install
[0.940s] running install_lib
[0.940s] copying /home/tedee/tb3_ws/build/tb3_fsm_patrol/build/lib/tb3_fsm_patrol/fsm_patrol.py -> /home/tedee/tb3_ws/install/tb3_fsm_patrol/lib/python3.10/site-packages/tb3_fsm_patrol
[0.940s] byte-compiling /home/tedee/tb3_ws/install/tb3_fsm_patrol/lib/python3.10/site-packages/tb3_fsm_patrol/fsm_patrol.py to fsm_patrol.cpython-310.pyc
[0.942s] running install_data
[0.942s] running install_egg_info
[0.943s] removing '/home/tedee/tb3_ws/install/tb3_fsm_patrol/lib/python3.10/site-packages/tb3_fsm_patrol-0.0.0-py3.10.egg-info' (and everything under it)
[0.943s] Copying ../../build/tb3_fsm_patrol/tb3_fsm_patrol.egg-info to /home/tedee/tb3_ws/install/tb3_fsm_patrol/lib/python3.10/site-packages/tb3_fsm_patrol-0.0.0-py3.10.egg-info
[0.943s] running install_scripts
[0.957s] Installing fsm_patrol script to /home/tedee/tb3_ws/install/tb3_fsm_patrol/lib/tb3_fsm_patrol
[0.957s] Installing pose_monitor script to /home/tedee/tb3_ws/install/tb3_fsm_patrol/lib/tb3_fsm_patrol
[0.957s] writing list of installed files to '/home/tedee/tb3_ws/build/tb3_fsm_patrol/install.log'
[0.978s] Invoked command in '/home/tedee/tb3_ws/src/tb3_fsm_patrol' returned '0': PYTHONPATH=/home/tedee/tb3_ws/build/tb3_fsm_patrol/prefix_override:/usr/lib/python3/dist-packages/colcon_core/task/python/colcon_distutils_commands:/home/tedee/tb3_ws/install/tb3_fsm_patrol/lib/python3.10/site-packages:${PYTHONPATH} /usr/bin/python3 -W ignore:setup.py install is deprecated -W ignore:easy_install command is deprecated setup.py egg_info --egg-base ../../build/tb3_fsm_patrol build --build-base /home/tedee/tb3_ws/build/tb3_fsm_patrol/build install --record /home/tedee/tb3_ws/build/tb3_fsm_patrol/install.log --single-version-externally-managed install_data
