[1.086s] Invoking command in '/home/tedee/tb3_ws/build/turtlebot3_teleop': PYTHONPATH=/home/tedee/tb3_ws/build/turtlebot3_teleop/prefix_override:/usr/lib/python3/dist-packages/colcon_core/task/python/colcon_distutils_commands:/home/tedee/tb3_ws/install/turtlebot3_teleop/lib/python3.10/site-packages:${PYTHONPATH} /usr/bin/python3 -W ignore:setup.py install is deprecated -W ignore:easy_install command is deprecated setup.py develop --editable --build-directory /home/tedee/tb3_ws/build/turtlebot3_teleop/build --no-deps symlink_data
[1.308s] running develop
[1.449s] running egg_info
[1.450s] creating turtlebot3_teleop.egg-info
[1.450s] writing turtlebot3_teleop.egg-info/PKG-INFO
[1.450s] writing dependency_links to turtlebot3_teleop.egg-info/dependency_links.txt
[1.450s] writing entry points to turtlebot3_teleop.egg-info/entry_points.txt
[1.450s] writing requirements to turtlebot3_teleop.egg-info/requires.txt
[1.450s] writing top-level names to turtlebot3_teleop.egg-info/top_level.txt
[1.450s] writing manifest file 'turtlebot3_teleop.egg-info/SOURCES.txt'
[1.452s] reading manifest file 'turtlebot3_teleop.egg-info/SOURCES.txt'
[1.452s] writing manifest file 'turtlebot3_teleop.egg-info/SOURCES.txt'
[1.476s] running build_ext
[1.476s] Creating /home/tedee/tb3_ws/install/turtlebot3_teleop/lib/python3.10/site-packages/turtlebot3-teleop.egg-link (link to .)
[1.476s] Installing teleop_keyboard script to /home/tedee/tb3_ws/install/turtlebot3_teleop/lib/turtlebot3_teleop
[1.476s] 
[1.476s] Installed /home/tedee/tb3_ws/build/turtlebot3_teleop
[1.477s] running symlink_data
[1.477s] creating /home/tedee/tb3_ws/install/turtlebot3_teleop/share/ament_index
[1.477s] creating /home/tedee/tb3_ws/install/turtlebot3_teleop/share/ament_index/resource_index
[1.477s] creating /home/tedee/tb3_ws/install/turtlebot3_teleop/share/ament_index/resource_index/packages
[1.477s] symbolically linking /home/tedee/tb3_ws/build/turtlebot3_teleop/resource/turtlebot3_teleop -> /home/tedee/tb3_ws/install/turtlebot3_teleop/share/ament_index/resource_index/packages
[1.477s] symbolically linking /home/tedee/tb3_ws/build/turtlebot3_teleop/package.xml -> /home/tedee/tb3_ws/install/turtlebot3_teleop/share/turtlebot3_teleop
[1.502s] Invoked command in '/home/tedee/tb3_ws/build/turtlebot3_teleop' returned '0': PYTHONPATH=/home/tedee/tb3_ws/build/turtlebot3_teleop/prefix_override:/usr/lib/python3/dist-packages/colcon_core/task/python/colcon_distutils_commands:/home/tedee/tb3_ws/install/turtlebot3_teleop/lib/python3.10/site-packages:${PYTHONPATH} /usr/bin/python3 -W ignore:setup.py install is deprecated -W ignore:easy_install command is deprecated setup.py develop --editable --build-directory /home/tedee/tb3_ws/build/turtlebot3_teleop/build --no-deps symlink_data
