[0.042s] Invoking command in '/home/tedee/tb3_ws/build/turtlebot3_msgs': CMAKE_PREFIX_PATH=/opt/ros/humble /usr/bin/cmake --build /home/tedee/tb3_ws/build/turtlebot3_msgs -- -j20 -l20
[0.273s] [  1%] Built target turtlebot3_msgs__cpp
[0.273s] [  1%] Built target ament_cmake_python_symlink_turtlebot3_msgs
[0.274s] [ 12%] Built target turtlebot3_msgs__rosidl_generator_c
[0.278s] [ 24%] Built target turtlebot3_msgs__rosidl_typesupport_introspection_cpp
[0.278s] [ 35%] Built target turtlebot3_msgs__rosidl_typesupport_fastrtps_cpp
[0.278s] [ 46%] Built target turtlebot3_msgs__rosidl_typesupport_cpp
[0.309s] [ 58%] Built target turtlebot3_msgs__rosidl_typesupport_c
[0.312s] [ 69%] Built target turtlebot3_msgs__rosidl_typesupport_fastrtps_c
[0.313s] [ 81%] Built target turtlebot3_msgs__rosidl_typesupport_introspection_c
[0.339s] [ 81%] Built target turtlebot3_msgs
[0.366s] [ 82%] Built target turtlebot3_msgs__py
[0.402s] [ 92%] Built target turtlebot3_msgs__rosidl_generator_py
[0.411s] running egg_info
[0.411s] writing turtlebot3_msgs.egg-info/PKG-INFO
[0.411s] writing dependency_links to turtlebot3_msgs.egg-info/dependency_links.txt
[0.411s] writing top-level names to turtlebot3_msgs.egg-info/top_level.txt
[0.415s] reading manifest file 'turtlebot3_msgs.egg-info/SOURCES.txt'
[0.415s] writing manifest file 'turtlebot3_msgs.egg-info/SOURCES.txt'
[0.423s] [ 97%] Built target turtlebot3_msgs__rosidl_typesupport_fastrtps_c__pyext
[0.423s] [ 97%] Built target turtlebot3_msgs__rosidl_typesupport_introspection_c__pyext
[0.423s] [100%] Built target turtlebot3_msgs__rosidl_typesupport_c__pyext
[0.437s] [100%] Built target ament_cmake_python_build_turtlebot3_msgs_egg
[0.502s] Invoked command in '/home/tedee/tb3_ws/build/turtlebot3_msgs' returned '0': CMAKE_PREFIX_PATH=/opt/ros/humble /usr/bin/cmake --build /home/tedee/tb3_ws/build/turtlebot3_msgs -- -j20 -l20
[0.504s] Invoking command in '/home/tedee/tb3_ws/build/turtlebot3_msgs': CMAKE_PREFIX_PATH=/opt/ros/humble /usr/bin/cmake --install /home/tedee/tb3_ws/build/turtlebot3_msgs
[0.511s] -- Install configuration: ""
[0.512s] -- Execute custom install script
[0.513s] -- Up-to-date symlink: /home/tedee/tb3_ws/install/turtlebot3_msgs/share/ament_index/resource_index/rosidl_interfaces/turtlebot3_msgs
[0.515s] -- Up-to-date symlink: /home/tedee/tb3_ws/install/turtlebot3_msgs/include/turtlebot3_msgs/turtlebot3_msgs/action/detail/patrol__functions.h
[0.515s] -- Up-to-date symlink: /home/tedee/tb3_ws/install/turtlebot3_msgs/include/turtlebot3_msgs/turtlebot3_msgs/action/detail/patrol__struct.h
[0.515s] -- Up-to-date symlink: /home/tedee/tb3_ws/install/turtlebot3_msgs/include/turtlebot3_msgs/turtlebot3_msgs/action/detail/patrol__type_support.h
[0.516s] -- Up-to-date symlink: /home/tedee/tb3_ws/install/turtlebot3_msgs/include/turtlebot3_msgs/turtlebot3_msgs/action/patrol.h
[0.516s] -- Up-to-date symlink: /home/tedee/tb3_ws/install/turtlebot3_msgs/include/turtlebot3_msgs/turtlebot3_msgs/msg/detail/sensor_state__functions.h
[0.517s] -- Up-to-date symlink: /home/tedee/tb3_ws/install/turtlebot3_msgs/include/turtlebot3_msgs/turtlebot3_msgs/msg/detail/sensor_state__struct.h
[0.517s] -- Up-to-date symlink: /home/tedee/tb3_ws/install/turtlebot3_msgs/include/turtlebot3_msgs/turtlebot3_msgs/msg/detail/sensor_state__type_support.h
[0.517s] -- Up-to-date symlink: /home/tedee/tb3_ws/install/turtlebot3_msgs/include/turtlebot3_msgs/turtlebot3_msgs/msg/detail/sound__functions.h
[0.518s] -- Up-to-date symlink: /home/tedee/tb3_ws/install/turtlebot3_msgs/include/turtlebot3_msgs/turtlebot3_msgs/msg/detail/sound__struct.h
[0.518s] -- Up-to-date symlink: /home/tedee/tb3_ws/install/turtlebot3_msgs/include/turtlebot3_msgs/turtlebot3_msgs/msg/detail/sound__type_support.h
[0.518s] -- Up-to-date symlink: /home/tedee/tb3_ws/install/turtlebot3_msgs/include/turtlebot3_msgs/turtlebot3_msgs/msg/detail/version_info__functions.h
[0.518s] -- Up-to-date symlink: /home/tedee/tb3_ws/install/turtlebot3_msgs/include/turtlebot3_msgs/turtlebot3_msgs/msg/detail/version_info__struct.h
[0.519s] -- Up-to-date symlink: /home/tedee/tb3_ws/install/turtlebot3_msgs/include/turtlebot3_msgs/turtlebot3_msgs/msg/detail/version_info__type_support.h
[0.519s] -- Up-to-date symlink: /home/tedee/tb3_ws/install/turtlebot3_msgs/include/turtlebot3_msgs/turtlebot3_msgs/msg/rosidl_generator_c__visibility_control.h
[0.519s] -- Up-to-date symlink: /home/tedee/tb3_ws/install/turtlebot3_msgs/include/turtlebot3_msgs/turtlebot3_msgs/msg/sensor_state.h
[0.519s] -- Up-to-date symlink: /home/tedee/tb3_ws/install/turtlebot3_msgs/include/turtlebot3_msgs/turtlebot3_msgs/msg/sound.h
[0.520s] -- Up-to-date symlink: /home/tedee/tb3_ws/install/turtlebot3_msgs/include/turtlebot3_msgs/turtlebot3_msgs/msg/version_info.h
[0.521s] -- Up-to-date symlink: /home/tedee/tb3_ws/install/turtlebot3_msgs/include/turtlebot3_msgs/turtlebot3_msgs/srv/detail/dqn__functions.h
[0.521s] -- Up-to-date symlink: /home/tedee/tb3_ws/install/turtlebot3_msgs/include/turtlebot3_msgs/turtlebot3_msgs/srv/detail/dqn__struct.h
[0.521s] -- Up-to-date symlink: /home/tedee/tb3_ws/install/turtlebot3_msgs/include/turtlebot3_msgs/turtlebot3_msgs/srv/detail/dqn__type_support.h
[0.521s] -- Up-to-date symlink: /home/tedee/tb3_ws/install/turtlebot3_msgs/include/turtlebot3_msgs/turtlebot3_msgs/srv/detail/goal__functions.h
[0.522s] -- Up-to-date symlink: /home/tedee/tb3_ws/install/turtlebot3_msgs/include/turtlebot3_msgs/turtlebot3_msgs/srv/detail/goal__struct.h
[0.522s] -- Up-to-date symlink: /home/tedee/tb3_ws/install/turtlebot3_msgs/include/turtlebot3_msgs/turtlebot3_msgs/srv/detail/goal__type_support.h
[0.522s] -- Up-to-date symlink: /home/tedee/tb3_ws/install/turtlebot3_msgs/include/turtlebot3_msgs/turtlebot3_msgs/srv/detail/sound__functions.h
[0.523s] -- Up-to-date symlink: /home/tedee/tb3_ws/install/turtlebot3_msgs/include/turtlebot3_msgs/turtlebot3_msgs/srv/detail/sound__struct.h
[0.523s] -- Up-to-date symlink: /home/tedee/tb3_ws/install/turtlebot3_msgs/include/turtlebot3_msgs/turtlebot3_msgs/srv/detail/sound__type_support.h
[0.523s] -- Up-to-date symlink: /home/tedee/tb3_ws/install/turtlebot3_msgs/include/turtlebot3_msgs/turtlebot3_msgs/srv/dqn.h
[0.523s] -- Up-to-date symlink: /home/tedee/tb3_ws/install/turtlebot3_msgs/include/turtlebot3_msgs/turtlebot3_msgs/srv/goal.h
[0.524s] -- Up-to-date symlink: /home/tedee/tb3_ws/install/turtlebot3_msgs/include/turtlebot3_msgs/turtlebot3_msgs/srv/sound.h
[0.525s] -- Up-to-date symlink: /home/tedee/tb3_ws/install/turtlebot3_msgs/share/turtlebot3_msgs/environment/library_path.sh
[0.526s] -- Up-to-date symlink: /home/tedee/tb3_ws/install/turtlebot3_msgs/share/turtlebot3_msgs/environment/library_path.dsv
[0.526s] -- Up-to-date symlink: /home/tedee/tb3_ws/install/turtlebot3_msgs/include/turtlebot3_msgs/turtlebot3_msgs/action/detail/patrol__rosidl_typesupport_fastrtps_c.h
[0.527s] -- Up-to-date symlink: /home/tedee/tb3_ws/install/turtlebot3_msgs/include/turtlebot3_msgs/turtlebot3_msgs/msg/detail/sensor_state__rosidl_typesupport_fastrtps_c.h
[0.527s] -- Up-to-date symlink: /home/tedee/tb3_ws/install/turtlebot3_msgs/include/turtlebot3_msgs/turtlebot3_msgs/msg/detail/sound__rosidl_typesupport_fastrtps_c.h
[0.527s] -- Up-to-date symlink: /home/tedee/tb3_ws/install/turtlebot3_msgs/include/turtlebot3_msgs/turtlebot3_msgs/msg/detail/version_info__rosidl_typesupport_fastrtps_c.h
[0.528s] -- Up-to-date symlink: /home/tedee/tb3_ws/install/turtlebot3_msgs/include/turtlebot3_msgs/turtlebot3_msgs/msg/rosidl_typesupport_fastrtps_c__visibility_control.h
[0.528s] -- Up-to-date symlink: /home/tedee/tb3_ws/install/turtlebot3_msgs/include/turtlebot3_msgs/turtlebot3_msgs/srv/detail/dqn__rosidl_typesupport_fastrtps_c.h
[0.528s] -- Up-to-date symlink: /home/tedee/tb3_ws/install/turtlebot3_msgs/include/turtlebot3_msgs/turtlebot3_msgs/srv/detail/goal__rosidl_typesupport_fastrtps_c.h
[0.529s] -- Up-to-date symlink: /home/tedee/tb3_ws/install/turtlebot3_msgs/include/turtlebot3_msgs/turtlebot3_msgs/srv/detail/sound__rosidl_typesupport_fastrtps_c.h
[0.529s] -- Up-to-date symlink: /home/tedee/tb3_ws/install/turtlebot3_msgs/include/turtlebot3_msgs/turtlebot3_msgs/action/detail/patrol__builder.hpp
[0.530s] -- Up-to-date symlink: /home/tedee/tb3_ws/install/turtlebot3_msgs/include/turtlebot3_msgs/turtlebot3_msgs/action/detail/patrol__struct.hpp
[0.531s] -- Up-to-date symlink: /home/tedee/tb3_ws/install/turtlebot3_msgs/include/turtlebot3_msgs/turtlebot3_msgs/action/detail/patrol__traits.hpp
[0.531s] -- Up-to-date symlink: /home/tedee/tb3_ws/install/turtlebot3_msgs/include/turtlebot3_msgs/turtlebot3_msgs/action/detail/patrol__type_support.hpp
[0.531s] -- Up-to-date symlink: /home/tedee/tb3_ws/install/turtlebot3_msgs/include/turtlebot3_msgs/turtlebot3_msgs/action/patrol.hpp
[0.531s] -- Up-to-date symlink: /home/tedee/tb3_ws/install/turtlebot3_msgs/include/turtlebot3_msgs/turtlebot3_msgs/msg/detail/sensor_state__builder.hpp
[0.532s] -- Up-to-date symlink: /home/tedee/tb3_ws/install/turtlebot3_msgs/include/turtlebot3_msgs/turtlebot3_msgs/msg/detail/sensor_state__struct.hpp
[0.533s] -- Up-to-date symlink: /home/tedee/tb3_ws/install/turtlebot3_msgs/include/turtlebot3_msgs/turtlebot3_msgs/msg/detail/sensor_state__traits.hpp
[0.533s] -- Up-to-date symlink: /home/tedee/tb3_ws/install/turtlebot3_msgs/include/turtlebot3_msgs/turtlebot3_msgs/msg/detail/sensor_state__type_support.hpp
[0.534s] -- Up-to-date symlink: /home/tedee/tb3_ws/install/turtlebot3_msgs/include/turtlebot3_msgs/turtlebot3_msgs/msg/detail/sound__builder.hpp
[0.534s] -- Up-to-date symlink: /home/tedee/tb3_ws/install/turtlebot3_msgs/include/turtlebot3_msgs/turtlebot3_msgs/msg/detail/sound__struct.hpp
[0.534s] -- Up-to-date symlink: /home/tedee/tb3_ws/install/turtlebot3_msgs/include/turtlebot3_msgs/turtlebot3_msgs/msg/detail/sound__traits.hpp
[0.535s] -- Up-to-date symlink: /home/tedee/tb3_ws/install/turtlebot3_msgs/include/turtlebot3_msgs/turtlebot3_msgs/msg/detail/sound__type_support.hpp
[0.535s] -- Up-to-date symlink: /home/tedee/tb3_ws/install/turtlebot3_msgs/include/turtlebot3_msgs/turtlebot3_msgs/msg/detail/version_info__builder.hpp
[0.535s] -- Up-to-date symlink: /home/tedee/tb3_ws/install/turtlebot3_msgs/include/turtlebot3_msgs/turtlebot3_msgs/msg/detail/version_info__struct.hpp
[0.536s] -- Up-to-date symlink: /home/tedee/tb3_ws/install/turtlebot3_msgs/include/turtlebot3_msgs/turtlebot3_msgs/msg/detail/version_info__traits.hpp
[0.536s] -- Up-to-date symlink: /home/tedee/tb3_ws/install/turtlebot3_msgs/include/turtlebot3_msgs/turtlebot3_msgs/msg/detail/version_info__type_support.hpp
[0.536s] -- Up-to-date symlink: /home/tedee/tb3_ws/install/turtlebot3_msgs/include/turtlebot3_msgs/turtlebot3_msgs/msg/rosidl_generator_cpp__visibility_control.hpp
[0.537s] -- Up-to-date symlink: /home/tedee/tb3_ws/install/turtlebot3_msgs/include/turtlebot3_msgs/turtlebot3_msgs/msg/sensor_state.hpp
[0.537s] -- Up-to-date symlink: /home/tedee/tb3_ws/install/turtlebot3_msgs/include/turtlebot3_msgs/turtlebot3_msgs/msg/sound.hpp
[0.538s] -- Up-to-date symlink: /home/tedee/tb3_ws/install/turtlebot3_msgs/include/turtlebot3_msgs/turtlebot3_msgs/msg/version_info.hpp
[0.538s] -- Up-to-date symlink: /home/tedee/tb3_ws/install/turtlebot3_msgs/include/turtlebot3_msgs/turtlebot3_msgs/srv/detail/dqn__builder.hpp
[0.543s] -- Up-to-date symlink: /home/tedee/tb3_ws/install/turtlebot3_msgs/include/turtlebot3_msgs/turtlebot3_msgs/srv/detail/dqn__struct.hpp
[0.543s] -- Up-to-date symlink: /home/tedee/tb3_ws/install/turtlebot3_msgs/include/turtlebot3_msgs/turtlebot3_msgs/srv/detail/dqn__traits.hpp
[0.544s] -- Up-to-date symlink: /home/tedee/tb3_ws/install/turtlebot3_msgs/include/turtlebot3_msgs/turtlebot3_msgs/srv/detail/dqn__type_support.hpp
[0.544s] -- Up-to-date symlink: /home/tedee/tb3_ws/install/turtlebot3_msgs/include/turtlebot3_msgs/turtlebot3_msgs/srv/detail/goal__builder.hpp
[0.544s] -- Up-to-date symlink: /home/tedee/tb3_ws/install/turtlebot3_msgs/include/turtlebot3_msgs/turtlebot3_msgs/srv/detail/goal__struct.hpp
[0.545s] -- Up-to-date symlink: /home/tedee/tb3_ws/install/turtlebot3_msgs/include/turtlebot3_msgs/turtlebot3_msgs/srv/detail/goal__traits.hpp
[0.546s] -- Up-to-date symlink: /home/tedee/tb3_ws/install/turtlebot3_msgs/include/turtlebot3_msgs/turtlebot3_msgs/srv/detail/goal__type_support.hpp
[0.546s] -- Up-to-date symlink: /home/tedee/tb3_ws/install/turtlebot3_msgs/include/turtlebot3_msgs/turtlebot3_msgs/srv/detail/sound__builder.hpp
[0.547s] -- Up-to-date symlink: /home/tedee/tb3_ws/install/turtlebot3_msgs/include/turtlebot3_msgs/turtlebot3_msgs/srv/detail/sound__struct.hpp
[0.547s] -- Up-to-date symlink: /home/tedee/tb3_ws/install/turtlebot3_msgs/include/turtlebot3_msgs/turtlebot3_msgs/srv/detail/sound__traits.hpp
[0.547s] -- Up-to-date symlink: /home/tedee/tb3_ws/install/turtlebot3_msgs/include/turtlebot3_msgs/turtlebot3_msgs/srv/detail/sound__type_support.hpp
[0.547s] -- Up-to-date symlink: /home/tedee/tb3_ws/install/turtlebot3_msgs/include/turtlebot3_msgs/turtlebot3_msgs/srv/dqn.hpp
[0.548s] -- Up-to-date symlink: /home/tedee/tb3_ws/install/turtlebot3_msgs/include/turtlebot3_msgs/turtlebot3_msgs/srv/goal.hpp
[0.548s] -- Up-to-date symlink: /home/tedee/tb3_ws/install/turtlebot3_msgs/include/turtlebot3_msgs/turtlebot3_msgs/srv/sound.hpp
[0.549s] -- Up-to-date symlink: /home/tedee/tb3_ws/install/turtlebot3_msgs/include/turtlebot3_msgs/turtlebot3_msgs/action/detail/patrol__rosidl_typesupport_fastrtps_cpp.hpp
[0.550s] -- Up-to-date symlink: /home/tedee/tb3_ws/install/turtlebot3_msgs/include/turtlebot3_msgs/turtlebot3_msgs/msg/detail/sensor_state__rosidl_typesupport_fastrtps_cpp.hpp
[0.550s] -- Up-to-date symlink: /home/tedee/tb3_ws/install/turtlebot3_msgs/include/turtlebot3_msgs/turtlebot3_msgs/msg/detail/sound__rosidl_typesupport_fastrtps_cpp.hpp
[0.551s] -- Up-to-date symlink: /home/tedee/tb3_ws/install/turtlebot3_msgs/include/turtlebot3_msgs/turtlebot3_msgs/msg/detail/version_info__rosidl_typesupport_fastrtps_cpp.hpp
[0.551s] -- Up-to-date symlink: /home/tedee/tb3_ws/install/turtlebot3_msgs/include/turtlebot3_msgs/turtlebot3_msgs/msg/rosidl_typesupport_fastrtps_cpp__visibility_control.h
[0.551s] -- Up-to-date symlink: /home/tedee/tb3_ws/install/turtlebot3_msgs/include/turtlebot3_msgs/turtlebot3_msgs/srv/detail/dqn__rosidl_typesupport_fastrtps_cpp.hpp
[0.552s] -- Up-to-date symlink: /home/tedee/tb3_ws/install/turtlebot3_msgs/include/turtlebot3_msgs/turtlebot3_msgs/srv/detail/goal__rosidl_typesupport_fastrtps_cpp.hpp
[0.553s] -- Up-to-date symlink: /home/tedee/tb3_ws/install/turtlebot3_msgs/include/turtlebot3_msgs/turtlebot3_msgs/srv/detail/sound__rosidl_typesupport_fastrtps_cpp.hpp
[0.553s] -- Up-to-date symlink: /home/tedee/tb3_ws/install/turtlebot3_msgs/include/turtlebot3_msgs/turtlebot3_msgs/action/detail/patrol__rosidl_typesupport_introspection_c.h
[0.555s] -- Up-to-date symlink: /home/tedee/tb3_ws/install/turtlebot3_msgs/include/turtlebot3_msgs/turtlebot3_msgs/msg/detail/sensor_state__rosidl_typesupport_introspection_c.h
[0.556s] -- Up-to-date symlink: /home/tedee/tb3_ws/install/turtlebot3_msgs/include/turtlebot3_msgs/turtlebot3_msgs/msg/detail/sound__rosidl_typesupport_introspection_c.h
[0.556s] -- Up-to-date symlink: /home/tedee/tb3_ws/install/turtlebot3_msgs/include/turtlebot3_msgs/turtlebot3_msgs/msg/detail/version_info__rosidl_typesupport_introspection_c.h
[0.557s] -- Up-to-date symlink: /home/tedee/tb3_ws/install/turtlebot3_msgs/include/turtlebot3_msgs/turtlebot3_msgs/msg/rosidl_typesupport_introspection_c__visibility_control.h
[0.558s] -- Up-to-date symlink: /home/tedee/tb3_ws/install/turtlebot3_msgs/include/turtlebot3_msgs/turtlebot3_msgs/srv/detail/dqn__rosidl_typesupport_introspection_c.h
[0.559s] -- Up-to-date symlink: /home/tedee/tb3_ws/install/turtlebot3_msgs/include/turtlebot3_msgs/turtlebot3_msgs/srv/detail/goal__rosidl_typesupport_introspection_c.h
[0.559s] -- Up-to-date symlink: /home/tedee/tb3_ws/install/turtlebot3_msgs/include/turtlebot3_msgs/turtlebot3_msgs/srv/detail/sound__rosidl_typesupport_introspection_c.h
[0.560s] -- Up-to-date symlink: /home/tedee/tb3_ws/install/turtlebot3_msgs/include/turtlebot3_msgs/turtlebot3_msgs/action/detail/patrol__rosidl_typesupport_introspection_cpp.hpp
[0.561s] -- Up-to-date symlink: /home/tedee/tb3_ws/install/turtlebot3_msgs/include/turtlebot3_msgs/turtlebot3_msgs/msg/detail/sensor_state__rosidl_typesupport_introspection_cpp.hpp
[0.562s] -- Up-to-date symlink: /home/tedee/tb3_ws/install/turtlebot3_msgs/include/turtlebot3_msgs/turtlebot3_msgs/msg/detail/sound__rosidl_typesupport_introspection_cpp.hpp
[0.562s] -- Up-to-date symlink: /home/tedee/tb3_ws/install/turtlebot3_msgs/include/turtlebot3_msgs/turtlebot3_msgs/msg/detail/version_info__rosidl_typesupport_introspection_cpp.hpp
[0.562s] -- Up-to-date symlink: /home/tedee/tb3_ws/install/turtlebot3_msgs/include/turtlebot3_msgs/turtlebot3_msgs/srv/detail/dqn__rosidl_typesupport_introspection_cpp.hpp
[0.563s] -- Up-to-date symlink: /home/tedee/tb3_ws/install/turtlebot3_msgs/include/turtlebot3_msgs/turtlebot3_msgs/srv/detail/goal__rosidl_typesupport_introspection_cpp.hpp
[0.563s] -- Up-to-date symlink: /home/tedee/tb3_ws/install/turtlebot3_msgs/include/turtlebot3_msgs/turtlebot3_msgs/srv/detail/sound__rosidl_typesupport_introspection_cpp.hpp
[0.563s] -- Up-to-date symlink: /home/tedee/tb3_ws/install/turtlebot3_msgs/share/turtlebot3_msgs/environment/pythonpath.sh
[0.564s] -- Up-to-date symlink: /home/tedee/tb3_ws/install/turtlebot3_msgs/share/turtlebot3_msgs/environment/pythonpath.dsv
[0.566s] -- Up-to-date symlink: /home/tedee/tb3_ws/install/turtlebot3_msgs/local/lib/python3.10/dist-packages/turtlebot3_msgs-2.4.0-py3.10.egg-info/PKG-INFO
[0.566s] -- Up-to-date symlink: /home/tedee/tb3_ws/install/turtlebot3_msgs/local/lib/python3.10/dist-packages/turtlebot3_msgs-2.4.0-py3.10.egg-info/SOURCES.txt
[0.567s] -- Up-to-date symlink: /home/tedee/tb3_ws/install/turtlebot3_msgs/local/lib/python3.10/dist-packages/turtlebot3_msgs-2.4.0-py3.10.egg-info/dependency_links.txt
[0.567s] -- Up-to-date symlink: /home/tedee/tb3_ws/install/turtlebot3_msgs/local/lib/python3.10/dist-packages/turtlebot3_msgs-2.4.0-py3.10.egg-info/top_level.txt
[0.569s] -- Up-to-date symlink: /home/tedee/tb3_ws/install/turtlebot3_msgs/local/lib/python3.10/dist-packages/turtlebot3_msgs/__init__.py
[0.570s] -- Up-to-date symlink: /home/tedee/tb3_ws/install/turtlebot3_msgs/local/lib/python3.10/dist-packages/turtlebot3_msgs/_turtlebot3_msgs_s.ep.rosidl_typesupport_c.c
[0.570s] -- Up-to-date symlink: /home/tedee/tb3_ws/install/turtlebot3_msgs/local/lib/python3.10/dist-packages/turtlebot3_msgs/_turtlebot3_msgs_s.ep.rosidl_typesupport_fastrtps_c.c
[0.570s] -- Up-to-date symlink: /home/tedee/tb3_ws/install/turtlebot3_msgs/local/lib/python3.10/dist-packages/turtlebot3_msgs/_turtlebot3_msgs_s.ep.rosidl_typesupport_introspection_c.c
[0.572s] -- Up-to-date symlink: /home/tedee/tb3_ws/install/turtlebot3_msgs/local/lib/python3.10/dist-packages/turtlebot3_msgs/action/__init__.py
[0.572s] -- Up-to-date symlink: /home/tedee/tb3_ws/install/turtlebot3_msgs/local/lib/python3.10/dist-packages/turtlebot3_msgs/action/_patrol.py
[0.572s] -- Up-to-date symlink: /home/tedee/tb3_ws/install/turtlebot3_msgs/local/lib/python3.10/dist-packages/turtlebot3_msgs/action/_patrol_s.c
[0.573s] -- Up-to-date symlink: /home/tedee/tb3_ws/install/turtlebot3_msgs/local/lib/python3.10/dist-packages/turtlebot3_msgs/libturtlebot3_msgs__rosidl_generator_py.so
[0.574s] -- Up-to-date symlink: /home/tedee/tb3_ws/install/turtlebot3_msgs/local/lib/python3.10/dist-packages/turtlebot3_msgs/msg/__init__.py
[0.574s] -- Up-to-date symlink: /home/tedee/tb3_ws/install/turtlebot3_msgs/local/lib/python3.10/dist-packages/turtlebot3_msgs/msg/_sensor_state.py
[0.575s] -- Up-to-date symlink: /home/tedee/tb3_ws/install/turtlebot3_msgs/local/lib/python3.10/dist-packages/turtlebot3_msgs/msg/_sensor_state_s.c
[0.575s] -- Up-to-date symlink: /home/tedee/tb3_ws/install/turtlebot3_msgs/local/lib/python3.10/dist-packages/turtlebot3_msgs/msg/_sound.py
[0.575s] -- Up-to-date symlink: /home/tedee/tb3_ws/install/turtlebot3_msgs/local/lib/python3.10/dist-packages/turtlebot3_msgs/msg/_sound_s.c
[0.576s] -- Up-to-date symlink: /home/tedee/tb3_ws/install/turtlebot3_msgs/local/lib/python3.10/dist-packages/turtlebot3_msgs/msg/_version_info.py
[0.576s] -- Up-to-date symlink: /home/tedee/tb3_ws/install/turtlebot3_msgs/local/lib/python3.10/dist-packages/turtlebot3_msgs/msg/_version_info_s.c
[0.576s] -- Up-to-date symlink: /home/tedee/tb3_ws/install/turtlebot3_msgs/local/lib/python3.10/dist-packages/turtlebot3_msgs/srv/__init__.py
[0.577s] -- Up-to-date symlink: /home/tedee/tb3_ws/install/turtlebot3_msgs/local/lib/python3.10/dist-packages/turtlebot3_msgs/srv/_dqn.py
[0.577s] -- Up-to-date symlink: /home/tedee/tb3_ws/install/turtlebot3_msgs/local/lib/python3.10/dist-packages/turtlebot3_msgs/srv/_dqn_s.c
[0.577s] -- Up-to-date symlink: /home/tedee/tb3_ws/install/turtlebot3_msgs/local/lib/python3.10/dist-packages/turtlebot3_msgs/srv/_goal.py
[0.578s] -- Up-to-date symlink: /home/tedee/tb3_ws/install/turtlebot3_msgs/local/lib/python3.10/dist-packages/turtlebot3_msgs/srv/_goal_s.c
[0.578s] -- Up-to-date symlink: /home/tedee/tb3_ws/install/turtlebot3_msgs/local/lib/python3.10/dist-packages/turtlebot3_msgs/srv/_sound.py
[0.578s] -- Up-to-date symlink: /home/tedee/tb3_ws/install/turtlebot3_msgs/local/lib/python3.10/dist-packages/turtlebot3_msgs/srv/_sound_s.c
[0.578s] -- Up-to-date symlink: /home/tedee/tb3_ws/install/turtlebot3_msgs/local/lib/python3.10/dist-packages/turtlebot3_msgs/turtlebot3_msgs_s__rosidl_typesupport_c.cpython-310-x86_64-linux-gnu.so
[0.579s] -- Up-to-date symlink: /home/tedee/tb3_ws/install/turtlebot3_msgs/local/lib/python3.10/dist-packages/turtlebot3_msgs/turtlebot3_msgs_s__rosidl_typesupport_fastrtps_c.cpython-310-x86_64-linux-gnu.so
[0.579s] -- Up-to-date symlink: /home/tedee/tb3_ws/install/turtlebot3_msgs/local/lib/python3.10/dist-packages/turtlebot3_msgs/turtlebot3_msgs_s__rosidl_typesupport_introspection_c.cpython-310-x86_64-linux-gnu.so
[0.579s] -- Up-to-date symlink: /home/tedee/tb3_ws/install/turtlebot3_msgs/local/lib/python3.10/dist-packages/turtlebot3_msgs/turtlebot3_msgs_s__rosidl_typesupport_fastrtps_c.cpython-310-x86_64-linux-gnu.so
[0.580s] -- Up-to-date symlink: /home/tedee/tb3_ws/install/turtlebot3_msgs/local/lib/python3.10/dist-packages/turtlebot3_msgs/turtlebot3_msgs_s__rosidl_typesupport_introspection_c.cpython-310-x86_64-linux-gnu.so
[0.581s] -- Up-to-date symlink: /home/tedee/tb3_ws/install/turtlebot3_msgs/local/lib/python3.10/dist-packages/turtlebot3_msgs/turtlebot3_msgs_s__rosidl_typesupport_c.cpython-310-x86_64-linux-gnu.so
[0.582s] -- Up-to-date symlink: /home/tedee/tb3_ws/install/turtlebot3_msgs/share/turtlebot3_msgs/msg/SensorState.idl
[0.583s] -- Up-to-date symlink: /home/tedee/tb3_ws/install/turtlebot3_msgs/share/turtlebot3_msgs/msg/Sound.idl
[0.584s] -- Up-to-date symlink: /home/tedee/tb3_ws/install/turtlebot3_msgs/share/turtlebot3_msgs/msg/VersionInfo.idl
[0.585s] -- Up-to-date symlink: /home/tedee/tb3_ws/install/turtlebot3_msgs/share/turtlebot3_msgs/srv/Sound.idl
[0.585s] -- Up-to-date symlink: /home/tedee/tb3_ws/install/turtlebot3_msgs/share/turtlebot3_msgs/srv/Dqn.idl
[0.585s] -- Up-to-date symlink: /home/tedee/tb3_ws/install/turtlebot3_msgs/share/turtlebot3_msgs/srv/Goal.idl
[0.586s] -- Up-to-date symlink: /home/tedee/tb3_ws/install/turtlebot3_msgs/share/turtlebot3_msgs/action/Patrol.idl
[0.587s] -- Up-to-date symlink: /home/tedee/tb3_ws/install/turtlebot3_msgs/share/turtlebot3_msgs/msg/SensorState.msg
[0.587s] -- Up-to-date symlink: /home/tedee/tb3_ws/install/turtlebot3_msgs/share/turtlebot3_msgs/msg/Sound.msg
[0.587s] -- Up-to-date symlink: /home/tedee/tb3_ws/install/turtlebot3_msgs/share/turtlebot3_msgs/msg/VersionInfo.msg
[0.587s] -- Up-to-date symlink: /home/tedee/tb3_ws/install/turtlebot3_msgs/share/turtlebot3_msgs/srv/Sound.srv
[0.588s] -- Up-to-date symlink: /home/tedee/tb3_ws/install/turtlebot3_msgs/share/turtlebot3_msgs/srv/Sound_Request.msg
[0.588s] -- Up-to-date symlink: /home/tedee/tb3_ws/install/turtlebot3_msgs/share/turtlebot3_msgs/srv/Sound_Response.msg
[0.588s] -- Up-to-date symlink: /home/tedee/tb3_ws/install/turtlebot3_msgs/share/turtlebot3_msgs/srv/Dqn.srv
[0.588s] -- Up-to-date symlink: /home/tedee/tb3_ws/install/turtlebot3_msgs/share/turtlebot3_msgs/srv/Dqn_Request.msg
[0.588s] -- Up-to-date symlink: /home/tedee/tb3_ws/install/turtlebot3_msgs/share/turtlebot3_msgs/srv/Dqn_Response.msg
[0.588s] -- Up-to-date symlink: /home/tedee/tb3_ws/install/turtlebot3_msgs/share/turtlebot3_msgs/srv/Goal.srv
[0.589s] -- Up-to-date symlink: /home/tedee/tb3_ws/install/turtlebot3_msgs/share/turtlebot3_msgs/srv/Goal_Request.msg
[0.591s] -- Up-to-date symlink: /home/tedee/tb3_ws/install/turtlebot3_msgs/share/turtlebot3_msgs/srv/Goal_Response.msg
[0.591s] -- Up-to-date symlink: /home/tedee/tb3_ws/install/turtlebot3_msgs/share/turtlebot3_msgs/action/Patrol.action
[0.591s] -- Up-to-date symlink: /home/tedee/tb3_ws/install/turtlebot3_msgs/share/ament_index/resource_index/package_run_dependencies/turtlebot3_msgs
[0.593s] -- Up-to-date symlink: /home/tedee/tb3_ws/install/turtlebot3_msgs/share/ament_index/resource_index/parent_prefix_path/turtlebot3_msgs
[0.593s] -- Up-to-date symlink: /home/tedee/tb3_ws/install/turtlebot3_msgs/share/turtlebot3_msgs/environment/ament_prefix_path.sh
[0.594s] -- Up-to-date symlink: /home/tedee/tb3_ws/install/turtlebot3_msgs/share/turtlebot3_msgs/environment/ament_prefix_path.dsv
[0.594s] -- Up-to-date symlink: /home/tedee/tb3_ws/install/turtlebot3_msgs/share/turtlebot3_msgs/environment/path.sh
[0.595s] -- Up-to-date symlink: /home/tedee/tb3_ws/install/turtlebot3_msgs/share/turtlebot3_msgs/environment/path.dsv
[0.596s] -- Up-to-date symlink: /home/tedee/tb3_ws/install/turtlebot3_msgs/share/turtlebot3_msgs/local_setup.bash
[0.596s] -- Up-to-date symlink: /home/tedee/tb3_ws/install/turtlebot3_msgs/share/turtlebot3_msgs/local_setup.sh
[0.597s] -- Up-to-date symlink: /home/tedee/tb3_ws/install/turtlebot3_msgs/share/turtlebot3_msgs/local_setup.zsh
[0.597s] -- Up-to-date symlink: /home/tedee/tb3_ws/install/turtlebot3_msgs/share/turtlebot3_msgs/local_setup.dsv
[0.597s] -- Symlinking: /home/tedee/tb3_ws/install/turtlebot3_msgs/share/turtlebot3_msgs/package.dsv
[0.605s] -- Up-to-date symlink: /home/tedee/tb3_ws/install/turtlebot3_msgs/share/ament_index/resource_index/packages/turtlebot3_msgs
[0.606s] -- Up-to-date symlink: /home/tedee/tb3_ws/install/turtlebot3_msgs/share/turtlebot3_msgs/cmake/rosidl_cmake-extras.cmake
[0.606s] -- Up-to-date symlink: /home/tedee/tb3_ws/install/turtlebot3_msgs/share/turtlebot3_msgs/cmake/ament_cmake_export_dependencies-extras.cmake
[0.607s] -- Up-to-date symlink: /home/tedee/tb3_ws/install/turtlebot3_msgs/share/turtlebot3_msgs/cmake/ament_cmake_export_include_directories-extras.cmake
[0.607s] -- Up-to-date symlink: /home/tedee/tb3_ws/install/turtlebot3_msgs/share/turtlebot3_msgs/cmake/ament_cmake_export_libraries-extras.cmake
[0.607s] -- Up-to-date symlink: /home/tedee/tb3_ws/install/turtlebot3_msgs/share/turtlebot3_msgs/cmake/ament_cmake_export_targets-extras.cmake
[0.607s] -- Up-to-date symlink: /home/tedee/tb3_ws/install/turtlebot3_msgs/share/turtlebot3_msgs/cmake/rosidl_cmake_export_typesupport_targets-extras.cmake
[0.608s] -- Up-to-date symlink: /home/tedee/tb3_ws/install/turtlebot3_msgs/share/turtlebot3_msgs/cmake/rosidl_cmake_export_typesupport_libraries-extras.cmake
[0.608s] -- Up-to-date symlink: /home/tedee/tb3_ws/install/turtlebot3_msgs/share/turtlebot3_msgs/cmake/turtlebot3_msgsConfig.cmake
[0.608s] -- Up-to-date symlink: /home/tedee/tb3_ws/install/turtlebot3_msgs/share/turtlebot3_msgs/cmake/turtlebot3_msgsConfig-version.cmake
[0.608s] -- Up-to-date symlink: /home/tedee/tb3_ws/install/turtlebot3_msgs/share/turtlebot3_msgs/package.xml
[0.610s] -- Up-to-date: /home/tedee/tb3_ws/install/turtlebot3_msgs/lib/libturtlebot3_msgs__rosidl_generator_c.so
[0.612s] -- Up-to-date: /home/tedee/tb3_ws/install/turtlebot3_msgs/lib/libturtlebot3_msgs__rosidl_typesupport_fastrtps_c.so
[0.614s] -- Up-to-date: /home/tedee/tb3_ws/install/turtlebot3_msgs/lib/libturtlebot3_msgs__rosidl_typesupport_fastrtps_cpp.so
[0.615s] -- Up-to-date: /home/tedee/tb3_ws/install/turtlebot3_msgs/lib/libturtlebot3_msgs__rosidl_typesupport_introspection_c.so
[0.618s] -- Up-to-date: /home/tedee/tb3_ws/install/turtlebot3_msgs/lib/libturtlebot3_msgs__rosidl_typesupport_c.so
[0.618s] -- Up-to-date: /home/tedee/tb3_ws/install/turtlebot3_msgs/lib/libturtlebot3_msgs__rosidl_typesupport_introspection_cpp.so
[0.620s] -- Up-to-date: /home/tedee/tb3_ws/install/turtlebot3_msgs/lib/libturtlebot3_msgs__rosidl_typesupport_cpp.so
[0.648s] Listing '/home/tedee/tb3_ws/install/turtlebot3_msgs/local/lib/python3.10/dist-packages/turtlebot3_msgs'...
[0.648s] Listing '/home/tedee/tb3_ws/install/turtlebot3_msgs/local/lib/python3.10/dist-packages/turtlebot3_msgs/action'...
[0.648s] Listing '/home/tedee/tb3_ws/install/turtlebot3_msgs/local/lib/python3.10/dist-packages/turtlebot3_msgs/msg'...
[0.648s] Listing '/home/tedee/tb3_ws/install/turtlebot3_msgs/local/lib/python3.10/dist-packages/turtlebot3_msgs/srv'...
[0.651s] -- Up-to-date: /home/tedee/tb3_ws/install/turtlebot3_msgs/lib/libturtlebot3_msgs__rosidl_generator_py.so
[0.653s] -- Up-to-date: /home/tedee/tb3_ws/install/turtlebot3_msgs/share/turtlebot3_msgs/cmake/export_turtlebot3_msgs__rosidl_generator_cExport.cmake
[0.653s] -- Up-to-date: /home/tedee/tb3_ws/install/turtlebot3_msgs/share/turtlebot3_msgs/cmake/export_turtlebot3_msgs__rosidl_generator_cExport-noconfig.cmake
[0.654s] -- Up-to-date: /home/tedee/tb3_ws/install/turtlebot3_msgs/share/turtlebot3_msgs/cmake/export_turtlebot3_msgs__rosidl_typesupport_fastrtps_cExport.cmake
[0.654s] -- Up-to-date: /home/tedee/tb3_ws/install/turtlebot3_msgs/share/turtlebot3_msgs/cmake/export_turtlebot3_msgs__rosidl_typesupport_fastrtps_cExport-noconfig.cmake
[0.654s] -- Up-to-date: /home/tedee/tb3_ws/install/turtlebot3_msgs/share/turtlebot3_msgs/cmake/export_turtlebot3_msgs__rosidl_generator_cppExport.cmake
[0.655s] -- Up-to-date: /home/tedee/tb3_ws/install/turtlebot3_msgs/share/turtlebot3_msgs/cmake/export_turtlebot3_msgs__rosidl_typesupport_fastrtps_cppExport.cmake
[0.655s] -- Up-to-date: /home/tedee/tb3_ws/install/turtlebot3_msgs/share/turtlebot3_msgs/cmake/export_turtlebot3_msgs__rosidl_typesupport_fastrtps_cppExport-noconfig.cmake
[0.655s] -- Up-to-date: /home/tedee/tb3_ws/install/turtlebot3_msgs/share/turtlebot3_msgs/cmake/turtlebot3_msgs__rosidl_typesupport_introspection_cExport.cmake
[0.655s] -- Up-to-date: /home/tedee/tb3_ws/install/turtlebot3_msgs/share/turtlebot3_msgs/cmake/turtlebot3_msgs__rosidl_typesupport_introspection_cExport-noconfig.cmake
[0.656s] -- Up-to-date: /home/tedee/tb3_ws/install/turtlebot3_msgs/share/turtlebot3_msgs/cmake/turtlebot3_msgs__rosidl_typesupport_cExport.cmake
[0.656s] -- Up-to-date: /home/tedee/tb3_ws/install/turtlebot3_msgs/share/turtlebot3_msgs/cmake/turtlebot3_msgs__rosidl_typesupport_cExport-noconfig.cmake
[0.656s] -- Up-to-date: /home/tedee/tb3_ws/install/turtlebot3_msgs/share/turtlebot3_msgs/cmake/turtlebot3_msgs__rosidl_typesupport_introspection_cppExport.cmake
[0.656s] -- Up-to-date: /home/tedee/tb3_ws/install/turtlebot3_msgs/share/turtlebot3_msgs/cmake/turtlebot3_msgs__rosidl_typesupport_introspection_cppExport-noconfig.cmake
[0.657s] -- Up-to-date: /home/tedee/tb3_ws/install/turtlebot3_msgs/share/turtlebot3_msgs/cmake/turtlebot3_msgs__rosidl_typesupport_cppExport.cmake
[0.657s] -- Up-to-date: /home/tedee/tb3_ws/install/turtlebot3_msgs/share/turtlebot3_msgs/cmake/turtlebot3_msgs__rosidl_typesupport_cppExport-noconfig.cmake
[0.657s] -- Up-to-date: /home/tedee/tb3_ws/install/turtlebot3_msgs/share/turtlebot3_msgs/cmake/export_turtlebot3_msgs__rosidl_generator_pyExport.cmake
[0.657s] -- Up-to-date: /home/tedee/tb3_ws/install/turtlebot3_msgs/share/turtlebot3_msgs/cmake/export_turtlebot3_msgs__rosidl_generator_pyExport-noconfig.cmake
[0.659s] Invoked command in '/home/tedee/tb3_ws/build/turtlebot3_msgs' returned '0': CMAKE_PREFIX_PATH=/opt/ros/humble /usr/bin/cmake --install /home/tedee/tb3_ws/build/turtlebot3_msgs
