[0.023s] Invoking command in '/home/tedee/tb3_ws/build/turtlebot3_description': CMAKE_PREFIX_PATH=${CMAKE_PREFIX_PATH}:/home/tedee/tb3_ws/install/tb3_fsm_patrol:/home/tedee/tb3_ws/install/turtlebot3_teleop:/home/tedee/tb3_ws/install/turtlebot3_example:/opt/ros/humble /usr/bin/cmake --build /home/tedee/tb3_ws/build/turtlebot3_description -- -j20 -l20
[0.398s] Invoked command in '/home/tedee/tb3_ws/build/turtlebot3_description' returned '0': CMAKE_PREFIX_PATH=${CMAKE_PREFIX_PATH}:/home/tedee/tb3_ws/install/tb3_fsm_patrol:/home/tedee/tb3_ws/install/turtlebot3_teleop:/home/tedee/tb3_ws/install/turtlebot3_example:/opt/ros/humble /usr/bin/cmake --build /home/tedee/tb3_ws/build/turtlebot3_description -- -j20 -l20
[0.398s] Invoking command in '/home/tedee/tb3_ws/build/turtlebot3_description': CMAKE_PREFIX_PATH=${CMAKE_PREFIX_PATH}:/home/tedee/tb3_ws/install/tb3_fsm_patrol:/home/tedee/tb3_ws/install/turtlebot3_teleop:/home/tedee/tb3_ws/install/turtlebot3_example:/opt/ros/humble /usr/bin/cmake --install /home/tedee/tb3_ws/build/turtlebot3_description
[0.403s] -- Install configuration: ""
[0.403s] -- Execute custom install script
[0.403s] -- Up-to-date symlink: /home/tedee/tb3_ws/install/turtlebot3_description/share/turtlebot3_description/meshes/bases/burger_base.stl
[0.403s] -- Up-to-date symlink: /home/tedee/tb3_ws/install/turtlebot3_description/share/turtlebot3_description/meshes/bases/waffle_base.stl
[0.403s] -- Up-to-date symlink: /home/tedee/tb3_ws/install/turtlebot3_description/share/turtlebot3_description/meshes/bases/waffle_pi_base.stl
[0.403s] -- Up-to-date symlink: /home/tedee/tb3_ws/install/turtlebot3_description/share/turtlebot3_description/meshes/sensors/astra.dae
[0.403s] -- Up-to-date symlink: /home/tedee/tb3_ws/install/turtlebot3_description/share/turtlebot3_description/meshes/sensors/astra.jpg
[0.403s] -- Up-to-date symlink: /home/tedee/tb3_ws/install/turtlebot3_description/share/turtlebot3_description/meshes/sensors/lds.stl
[0.403s] -- Up-to-date symlink: /home/tedee/tb3_ws/install/turtlebot3_description/share/turtlebot3_description/meshes/sensors/r200.dae
[0.403s] -- Up-to-date symlink: /home/tedee/tb3_ws/install/turtlebot3_description/share/turtlebot3_description/meshes/sensors/r200.jpg
[0.403s] -- Up-to-date symlink: /home/tedee/tb3_ws/install/turtlebot3_description/share/turtlebot3_description/meshes/wheels/left_tire.stl
[0.403s] -- Up-to-date symlink: /home/tedee/tb3_ws/install/turtlebot3_description/share/turtlebot3_description/meshes/wheels/right_tire.stl
[0.404s] -- Up-to-date symlink: /home/tedee/tb3_ws/install/turtlebot3_description/share/turtlebot3_description/rviz/model.rviz
[0.404s] -- Up-to-date symlink: /home/tedee/tb3_ws/install/turtlebot3_description/share/turtlebot3_description/urdf/common_properties.urdf
[0.404s] -- Up-to-date symlink: /home/tedee/tb3_ws/install/turtlebot3_description/share/turtlebot3_description/urdf/turtlebot3_burger.urdf
[0.404s] -- Up-to-date symlink: /home/tedee/tb3_ws/install/turtlebot3_description/share/turtlebot3_description/urdf/turtlebot3_waffle.urdf
[0.404s] -- Up-to-date symlink: /home/tedee/tb3_ws/install/turtlebot3_description/share/turtlebot3_description/urdf/turtlebot3_waffle_pi.urdf
[0.404s] -- Up-to-date symlink: /home/tedee/tb3_ws/install/turtlebot3_description/share/ament_index/resource_index/package_run_dependencies/turtlebot3_description
[0.405s] -- Up-to-date symlink: /home/tedee/tb3_ws/install/turtlebot3_description/share/ament_index/resource_index/parent_prefix_path/turtlebot3_description
[0.405s] -- Up-to-date symlink: /home/tedee/tb3_ws/install/turtlebot3_description/share/turtlebot3_description/environment/ament_prefix_path.sh
[0.405s] -- Up-to-date symlink: /home/tedee/tb3_ws/install/turtlebot3_description/share/turtlebot3_description/environment/ament_prefix_path.dsv
[0.405s] -- Up-to-date symlink: /home/tedee/tb3_ws/install/turtlebot3_description/share/turtlebot3_description/environment/path.sh
[0.406s] -- Up-to-date symlink: /home/tedee/tb3_ws/install/turtlebot3_description/share/turtlebot3_description/environment/path.dsv
[0.406s] -- Up-to-date symlink: /home/tedee/tb3_ws/install/turtlebot3_description/share/turtlebot3_description/local_setup.bash
[0.406s] -- Up-to-date symlink: /home/tedee/tb3_ws/install/turtlebot3_description/share/turtlebot3_description/local_setup.sh
[0.406s] -- Up-to-date symlink: /home/tedee/tb3_ws/install/turtlebot3_description/share/turtlebot3_description/local_setup.zsh
[0.406s] -- Up-to-date symlink: /home/tedee/tb3_ws/install/turtlebot3_description/share/turtlebot3_description/local_setup.dsv
[0.406s] -- Symlinking: /home/tedee/tb3_ws/install/turtlebot3_description/share/turtlebot3_description/package.dsv
[0.425s] -- Up-to-date symlink: /home/tedee/tb3_ws/install/turtlebot3_description/share/ament_index/resource_index/packages/turtlebot3_description
[0.426s] -- Up-to-date symlink: /home/tedee/tb3_ws/install/turtlebot3_description/share/turtlebot3_description/cmake/turtlebot3_descriptionConfig.cmake
[0.426s] -- Up-to-date symlink: /home/tedee/tb3_ws/install/turtlebot3_description/share/turtlebot3_description/cmake/turtlebot3_descriptionConfig-version.cmake
[0.429s] -- Up-to-date symlink: /home/tedee/tb3_ws/install/turtlebot3_description/share/turtlebot3_description/package.xml
[0.458s] Invoked command in '/home/tedee/tb3_ws/build/turtlebot3_description' returned '0': CMAKE_PREFIX_PATH=${CMAKE_PREFIX_PATH}:/home/tedee/tb3_ws/install/tb3_fsm_patrol:/home/tedee/tb3_ws/install/turtlebot3_teleop:/home/tedee/tb3_ws/install/turtlebot3_example:/opt/ros/humble /usr/bin/cmake --install /home/tedee/tb3_ws/build/turtlebot3_description
