[0.023s] Invoking command in '/home/tedee/tb3_ws/build/turtlebot3_description': CMAKE_PREFIX_PATH=/opt/ros/humble /usr/bin/cmake /home/tedee/tb3_ws/src/turtlebot3/turtlebot3_description -DAMENT_CMAKE_SYMLINK_INSTALL=1 -DCMAKE_INSTALL_PREFIX=/home/tedee/tb3_ws/install/turtlebot3_description
[0.280s] -- The C compiler identification is GNU 11.4.0
[0.715s] -- The CXX compiler identification is GNU 11.4.0
[0.725s] -- Detecting C compiler ABI info
[0.835s] -- Detecting C compiler ABI info - done
[0.841s] -- Check for working C compiler: /usr/bin/cc - skipped
[0.841s] -- Detecting C compile features
[0.842s] -- Detecting C compile features - done
[0.844s] -- Detecting CXX compiler ABI info
[0.939s] -- Detecting CXX compiler ABI info - done
[0.944s] -- Check for working CXX compiler: /usr/bin/c++ - skipped
[0.944s] -- Detecting CXX compile features
[0.945s] -- Detecting CXX compile features - done
[0.947s] -- Found ament_cmake: 1.3.11 (/opt/ros/humble/share/ament_cmake/cmake)
[1.081s] -- Found Python3: /usr/bin/python3 (found version "3.10.12") found components: Interpreter 
[1.133s] -- Override CMake install command with custom implementation using symlinks instead of copying resources
[1.181s] -- Found urdf: 2.6.1 (/opt/ros/humble/share/urdf/cmake)
[1.351s] -- Configuring done
[1.353s] -- Generating done
[1.354s] -- Build files have been written to: /home/tedee/tb3_ws/build/turtlebot3_description
[1.359s] Invoked command in '/home/tedee/tb3_ws/build/turtlebot3_description' returned '0': CMAKE_PREFIX_PATH=/opt/ros/humble /usr/bin/cmake /home/tedee/tb3_ws/src/turtlebot3/turtlebot3_description -DAMENT_CMAKE_SYMLINK_INSTALL=1 -DCMAKE_INSTALL_PREFIX=/home/tedee/tb3_ws/install/turtlebot3_description
[1.361s] Invoking command in '/home/tedee/tb3_ws/build/turtlebot3_description': CMAKE_PREFIX_PATH=/opt/ros/humble /usr/bin/cmake --build /home/tedee/tb3_ws/build/turtlebot3_description -- -j20 -l20
[1.390s] Invoked command in '/home/tedee/tb3_ws/build/turtlebot3_description' returned '0': CMAKE_PREFIX_PATH=/opt/ros/humble /usr/bin/cmake --build /home/tedee/tb3_ws/build/turtlebot3_description -- -j20 -l20
[1.392s] Invoking command in '/home/tedee/tb3_ws/build/turtlebot3_description': CMAKE_PREFIX_PATH=/opt/ros/humble /usr/bin/cmake --install /home/tedee/tb3_ws/build/turtlebot3_description
[1.396s] -- Install configuration: ""
[1.397s] -- Execute custom install script
[1.397s] -- Symlinking: /home/tedee/tb3_ws/install/turtlebot3_description/share/turtlebot3_description/meshes/bases/burger_base.stl
[1.404s] -- Symlinking: /home/tedee/tb3_ws/install/turtlebot3_description/share/turtlebot3_description/meshes/bases/waffle_base.stl
[1.410s] -- Symlinking: /home/tedee/tb3_ws/install/turtlebot3_description/share/turtlebot3_description/meshes/bases/waffle_pi_base.stl
[1.416s] -- Symlinking: /home/tedee/tb3_ws/install/turtlebot3_description/share/turtlebot3_description/meshes/sensors/astra.dae
[1.422s] -- Symlinking: /home/tedee/tb3_ws/install/turtlebot3_description/share/turtlebot3_description/meshes/sensors/astra.jpg
[1.428s] -- Symlinking: /home/tedee/tb3_ws/install/turtlebot3_description/share/turtlebot3_description/meshes/sensors/lds.stl
[1.434s] -- Symlinking: /home/tedee/tb3_ws/install/turtlebot3_description/share/turtlebot3_description/meshes/sensors/r200.dae
[1.443s] -- Symlinking: /home/tedee/tb3_ws/install/turtlebot3_description/share/turtlebot3_description/meshes/sensors/r200.jpg
[1.450s] -- Symlinking: /home/tedee/tb3_ws/install/turtlebot3_description/share/turtlebot3_description/meshes/wheels/left_tire.stl
[1.456s] -- Symlinking: /home/tedee/tb3_ws/install/turtlebot3_description/share/turtlebot3_description/meshes/wheels/right_tire.stl
[1.463s] -- Symlinking: /home/tedee/tb3_ws/install/turtlebot3_description/share/turtlebot3_description/rviz/model.rviz
[1.470s] -- Symlinking: /home/tedee/tb3_ws/install/turtlebot3_description/share/turtlebot3_description/urdf/common_properties.urdf
[1.476s] -- Symlinking: /home/tedee/tb3_ws/install/turtlebot3_description/share/turtlebot3_description/urdf/turtlebot3_burger.urdf
[1.481s] -- Symlinking: /home/tedee/tb3_ws/install/turtlebot3_description/share/turtlebot3_description/urdf/turtlebot3_waffle.urdf
[1.495s] -- Symlinking: /home/tedee/tb3_ws/install/turtlebot3_description/share/turtlebot3_description/urdf/turtlebot3_waffle_pi.urdf
[1.501s] -- Symlinking: /home/tedee/tb3_ws/install/turtlebot3_description/share/ament_index/resource_index/package_run_dependencies/turtlebot3_description
[1.507s] -- Symlinking: /home/tedee/tb3_ws/install/turtlebot3_description/share/ament_index/resource_index/parent_prefix_path/turtlebot3_description
[1.514s] -- Symlinking: /home/tedee/tb3_ws/install/turtlebot3_description/share/turtlebot3_description/environment/ament_prefix_path.sh
[1.519s] -- Symlinking: /home/tedee/tb3_ws/install/turtlebot3_description/share/turtlebot3_description/environment/ament_prefix_path.dsv
[1.526s] -- Symlinking: /home/tedee/tb3_ws/install/turtlebot3_description/share/turtlebot3_description/environment/path.sh
[1.532s] -- Symlinking: /home/tedee/tb3_ws/install/turtlebot3_description/share/turtlebot3_description/environment/path.dsv
[1.538s] -- Symlinking: /home/tedee/tb3_ws/install/turtlebot3_description/share/turtlebot3_description/local_setup.bash
[1.543s] -- Symlinking: /home/tedee/tb3_ws/install/turtlebot3_description/share/turtlebot3_description/local_setup.sh
[1.548s] -- Symlinking: /home/tedee/tb3_ws/install/turtlebot3_description/share/turtlebot3_description/local_setup.zsh
[1.554s] -- Symlinking: /home/tedee/tb3_ws/install/turtlebot3_description/share/turtlebot3_description/local_setup.dsv
[1.560s] -- Symlinking: /home/tedee/tb3_ws/install/turtlebot3_description/share/turtlebot3_description/package.dsv
[1.565s] -- Symlinking: /home/tedee/tb3_ws/install/turtlebot3_description/share/ament_index/resource_index/packages/turtlebot3_description
[1.571s] -- Symlinking: /home/tedee/tb3_ws/install/turtlebot3_description/share/turtlebot3_description/cmake/turtlebot3_descriptionConfig.cmake
[1.576s] -- Symlinking: /home/tedee/tb3_ws/install/turtlebot3_description/share/turtlebot3_description/cmake/turtlebot3_descriptionConfig-version.cmake
[1.583s] -- Symlinking: /home/tedee/tb3_ws/install/turtlebot3_description/share/turtlebot3_description/package.xml
[1.590s] Invoked command in '/home/tedee/tb3_ws/build/turtlebot3_description' returned '0': CMAKE_PREFIX_PATH=/opt/ros/humble /usr/bin/cmake --install /home/tedee/tb3_ws/build/turtlebot3_description
