[0.009s] Invoking command in '/home/tedee/tb3_ws/build/turtlebot3_simulations': CMAKE_PREFIX_PATH=/home/tedee/tb3_ws/install/turtlebot3_fake_node:/home/tedee/tb3_ws/install/turtlebot3_msgs:/home/tedee/tb3_ws/install/turtlebot3_manipulation_gazebo:/home/tedee/tb3_ws/install/turtlebot3_gazebo:/home/tedee/tb3_ws/install/turtlebot3:/home/tedee/tb3_ws/install/turtlebot3_simulations:/home/tedee/tb3_ws/install/turtlebot3_bringup:/home/tedee/tb3_ws/install/turtlebot3_node:/home/tedee/tb3_ws/install/turtlebot3_navigation2:/home/tedee/tb3_ws/install/turtlebot3_description:/home/tedee/tb3_ws/install/turtlebot3_cartographer:/home/tedee/tb3_ws/install/turtlebot3_teleop:/home/tedee/tb3_ws/install/turtlebot3_example:/home/tedee/tb3_ws/install/tb3_fsm_patrol:/opt/ros/humble /usr/bin/cmake --build /home/tedee/tb3_ws/build/turtlebot3_simulations -- -j20 -l20
[0.040s] Invoked command in '/home/tedee/tb3_ws/build/turtlebot3_simulations' returned '0': CMAKE_PREFIX_PATH=/home/tedee/tb3_ws/install/turtlebot3_fake_node:/home/tedee/tb3_ws/install/turtlebot3_msgs:/home/tedee/tb3_ws/install/turtlebot3_manipulation_gazebo:/home/tedee/tb3_ws/install/turtlebot3_gazebo:/home/tedee/tb3_ws/install/turtlebot3:/home/tedee/tb3_ws/install/turtlebot3_simulations:/home/tedee/tb3_ws/install/turtlebot3_bringup:/home/tedee/tb3_ws/install/turtlebot3_node:/home/tedee/tb3_ws/install/turtlebot3_navigation2:/home/tedee/tb3_ws/install/turtlebot3_description:/home/tedee/tb3_ws/install/turtlebot3_cartographer:/home/tedee/tb3_ws/install/turtlebot3_teleop:/home/tedee/tb3_ws/install/turtlebot3_example:/home/tedee/tb3_ws/install/tb3_fsm_patrol:/opt/ros/humble /usr/bin/cmake --build /home/tedee/tb3_ws/build/turtlebot3_simulations -- -j20 -l20
[0.040s] Invoking command in '/home/tedee/tb3_ws/build/turtlebot3_simulations': CMAKE_PREFIX_PATH=/home/tedee/tb3_ws/install/turtlebot3_fake_node:/home/tedee/tb3_ws/install/turtlebot3_msgs:/home/tedee/tb3_ws/install/turtlebot3_manipulation_gazebo:/home/tedee/tb3_ws/install/turtlebot3_gazebo:/home/tedee/tb3_ws/install/turtlebot3:/home/tedee/tb3_ws/install/turtlebot3_simulations:/home/tedee/tb3_ws/install/turtlebot3_bringup:/home/tedee/tb3_ws/install/turtlebot3_node:/home/tedee/tb3_ws/install/turtlebot3_navigation2:/home/tedee/tb3_ws/install/turtlebot3_description:/home/tedee/tb3_ws/install/turtlebot3_cartographer:/home/tedee/tb3_ws/install/turtlebot3_teleop:/home/tedee/tb3_ws/install/turtlebot3_example:/home/tedee/tb3_ws/install/tb3_fsm_patrol:/opt/ros/humble /usr/bin/cmake --install /home/tedee/tb3_ws/build/turtlebot3_simulations
[0.048s] -- Install configuration: ""
[0.049s] -- Execute custom install script
[0.049s] -- Up-to-date symlink: /home/tedee/tb3_ws/install/turtlebot3_simulations/share/ament_index/resource_index/package_run_dependencies/turtlebot3_simulations
[0.049s] -- Up-to-date symlink: /home/tedee/tb3_ws/install/turtlebot3_simulations/share/ament_index/resource_index/parent_prefix_path/turtlebot3_simulations
[0.049s] -- Up-to-date symlink: /home/tedee/tb3_ws/install/turtlebot3_simulations/share/turtlebot3_simulations/environment/ament_prefix_path.sh
[0.049s] -- Up-to-date symlink: /home/tedee/tb3_ws/install/turtlebot3_simulations/share/turtlebot3_simulations/environment/ament_prefix_path.dsv
[0.049s] -- Up-to-date symlink: /home/tedee/tb3_ws/install/turtlebot3_simulations/share/turtlebot3_simulations/environment/path.sh
[0.049s] -- Up-to-date symlink: /home/tedee/tb3_ws/install/turtlebot3_simulations/share/turtlebot3_simulations/environment/path.dsv
[0.049s] -- Up-to-date symlink: /home/tedee/tb3_ws/install/turtlebot3_simulations/share/turtlebot3_simulations/local_setup.bash
[0.049s] -- Up-to-date symlink: /home/tedee/tb3_ws/install/turtlebot3_simulations/share/turtlebot3_simulations/local_setup.sh
[0.049s] -- Up-to-date symlink: /home/tedee/tb3_ws/install/turtlebot3_simulations/share/turtlebot3_simulations/local_setup.zsh
[0.049s] -- Up-to-date symlink: /home/tedee/tb3_ws/install/turtlebot3_simulations/share/turtlebot3_simulations/local_setup.dsv
[0.049s] -- Symlinking: /home/tedee/tb3_ws/install/turtlebot3_simulations/share/turtlebot3_simulations/package.dsv
[0.056s] -- Up-to-date symlink: /home/tedee/tb3_ws/install/turtlebot3_simulations/share/ament_index/resource_index/packages/turtlebot3_simulations
[0.056s] -- Up-to-date symlink: /home/tedee/tb3_ws/install/turtlebot3_simulations/share/turtlebot3_simulations/cmake/turtlebot3_simulationsConfig.cmake
[0.056s] -- Up-to-date symlink: /home/tedee/tb3_ws/install/turtlebot3_simulations/share/turtlebot3_simulations/cmake/turtlebot3_simulationsConfig-version.cmake
[0.056s] -- Up-to-date symlink: /home/tedee/tb3_ws/install/turtlebot3_simulations/share/turtlebot3_simulations/package.xml
[0.058s] Invoked command in '/home/tedee/tb3_ws/build/turtlebot3_simulations' returned '0': CMAKE_PREFIX_PATH=/home/tedee/tb3_ws/install/turtlebot3_fake_node:/home/tedee/tb3_ws/install/turtlebot3_msgs:/home/tedee/tb3_ws/install/turtlebot3_manipulation_gazebo:/home/tedee/tb3_ws/install/turtlebot3_gazebo:/home/tedee/tb3_ws/install/turtlebot3:/home/tedee/tb3_ws/install/turtlebot3_simulations:/home/tedee/tb3_ws/install/turtlebot3_bringup:/home/tedee/tb3_ws/install/turtlebot3_node:/home/tedee/tb3_ws/install/turtlebot3_navigation2:/home/tedee/tb3_ws/install/turtlebot3_description:/home/tedee/tb3_ws/install/turtlebot3_cartographer:/home/tedee/tb3_ws/install/turtlebot3_teleop:/home/tedee/tb3_ws/install/turtlebot3_example:/home/tedee/tb3_ws/install/tb3_fsm_patrol:/opt/ros/humble /usr/bin/cmake --install /home/tedee/tb3_ws/build/turtlebot3_simulations
