[0.708s] Invoking command in '/home/tedee/tb3_ws/build/turtlebot3_teleop': PYTHONPATH=/home/tedee/tb3_ws/build/turtlebot3_teleop/prefix_override:/usr/lib/python3/dist-packages/colcon_core/task/python/colcon_distutils_commands:/home/tedee/tb3_ws/install/turtlebot3_teleop/lib/python3.10/site-packages:${PYTHONPATH} /usr/bin/python3 -W ignore:setup.py install is deprecated -W ignore:easy_install command is deprecated setup.py develop --uninstall --editable --build-directory /home/tedee/tb3_ws/build/turtlebot3_teleop/build
[0.883s] running develop
[1.005s] Removing /home/tedee/tb3_ws/install/turtlebot3_teleop/lib/python3.10/site-packages/turtlebot3-teleop.egg-link (link to .)
[1.027s] Invoked command in '/home/tedee/tb3_ws/build/turtlebot3_teleop' returned '0': PYTHONPATH=/home/tedee/tb3_ws/build/turtlebot3_teleop/prefix_override:/usr/lib/python3/dist-packages/colcon_core/task/python/colcon_distutils_commands:/home/tedee/tb3_ws/install/turtlebot3_teleop/lib/python3.10/site-packages:${PYTHONPATH} /usr/bin/python3 -W ignore:setup.py install is deprecated -W ignore:easy_install command is deprecated setup.py develop --uninstall --editable --build-directory /home/tedee/tb3_ws/build/turtlebot3_teleop/build
[1.029s] Invoking command in '/home/tedee/tb3_ws/src/turtlebot3/turtlebot3_teleop': PYTHONPATH=/home/tedee/tb3_ws/build/turtlebot3_teleop/prefix_override:/usr/lib/python3/dist-packages/colcon_core/task/python/colcon_distutils_commands:/home/tedee/tb3_ws/install/turtlebot3_teleop/lib/python3.10/site-packages:${PYTHONPATH} /usr/bin/python3 -W ignore:setup.py install is deprecated -W ignore:easy_install command is deprecated setup.py egg_info --egg-base ../../../build/turtlebot3_teleop build --build-base /home/tedee/tb3_ws/build/turtlebot3_teleop/build install --record /home/tedee/tb3_ws/build/turtlebot3_teleop/install.log --single-version-externally-managed install_data --force
[1.199s] running egg_info
[1.200s] writing ../../../build/turtlebot3_teleop/turtlebot3_teleop.egg-info/PKG-INFO
[1.200s] writing dependency_links to ../../../build/turtlebot3_teleop/turtlebot3_teleop.egg-info/dependency_links.txt
[1.200s] writing entry points to ../../../build/turtlebot3_teleop/turtlebot3_teleop.egg-info/entry_points.txt
[1.200s] writing requirements to ../../../build/turtlebot3_teleop/turtlebot3_teleop.egg-info/requires.txt
[1.200s] writing top-level names to ../../../build/turtlebot3_teleop/turtlebot3_teleop.egg-info/top_level.txt
[1.201s] reading manifest file '../../../build/turtlebot3_teleop/turtlebot3_teleop.egg-info/SOURCES.txt'
[1.201s] writing manifest file '../../../build/turtlebot3_teleop/turtlebot3_teleop.egg-info/SOURCES.txt'
[1.201s] running build
[1.201s] running build_py
[1.202s] creating /home/tedee/tb3_ws/build/turtlebot3_teleop/build
[1.202s] creating /home/tedee/tb3_ws/build/turtlebot3_teleop/build/lib
[1.202s] creating /home/tedee/tb3_ws/build/turtlebot3_teleop/build/lib/turtlebot3_teleop
[1.202s] copying turtlebot3_teleop/__init__.py -> /home/tedee/tb3_ws/build/turtlebot3_teleop/build/lib/turtlebot3_teleop
[1.202s] creating /home/tedee/tb3_ws/build/turtlebot3_teleop/build/lib/turtlebot3_teleop/script
[1.202s] copying turtlebot3_teleop/script/__init__.py -> /home/tedee/tb3_ws/build/turtlebot3_teleop/build/lib/turtlebot3_teleop/script
[1.202s] copying turtlebot3_teleop/script/teleop_keyboard.py -> /home/tedee/tb3_ws/build/turtlebot3_teleop/build/lib/turtlebot3_teleop/script
[1.202s] running install
[1.202s] running install_lib
[1.203s] creating /home/tedee/tb3_ws/install/turtlebot3_teleop/lib/python3.10/site-packages/turtlebot3_teleop
[1.203s] creating /home/tedee/tb3_ws/install/turtlebot3_teleop/lib/python3.10/site-packages/turtlebot3_teleop/script
[1.203s] copying /home/tedee/tb3_ws/build/turtlebot3_teleop/build/lib/turtlebot3_teleop/script/__init__.py -> /home/tedee/tb3_ws/install/turtlebot3_teleop/lib/python3.10/site-packages/turtlebot3_teleop/script
[1.203s] copying /home/tedee/tb3_ws/build/turtlebot3_teleop/build/lib/turtlebot3_teleop/script/teleop_keyboard.py -> /home/tedee/tb3_ws/install/turtlebot3_teleop/lib/python3.10/site-packages/turtlebot3_teleop/script
[1.203s] copying /home/tedee/tb3_ws/build/turtlebot3_teleop/build/lib/turtlebot3_teleop/__init__.py -> /home/tedee/tb3_ws/install/turtlebot3_teleop/lib/python3.10/site-packages/turtlebot3_teleop
[1.204s] byte-compiling /home/tedee/tb3_ws/install/turtlebot3_teleop/lib/python3.10/site-packages/turtlebot3_teleop/script/__init__.py to __init__.cpython-310.pyc
[1.204s] byte-compiling /home/tedee/tb3_ws/install/turtlebot3_teleop/lib/python3.10/site-packages/turtlebot3_teleop/script/teleop_keyboard.py to teleop_keyboard.cpython-310.pyc
[1.204s] byte-compiling /home/tedee/tb3_ws/install/turtlebot3_teleop/lib/python3.10/site-packages/turtlebot3_teleop/__init__.py to __init__.cpython-310.pyc
[1.204s] running install_data
[1.205s] copying resource/turtlebot3_teleop -> /home/tedee/tb3_ws/install/turtlebot3_teleop/share/ament_index/resource_index/packages
[1.205s] copying package.xml -> /home/tedee/tb3_ws/install/turtlebot3_teleop/share/turtlebot3_teleop
[1.205s] running install_egg_info
[1.206s] Copying ../../../build/turtlebot3_teleop/turtlebot3_teleop.egg-info to /home/tedee/tb3_ws/install/turtlebot3_teleop/lib/python3.10/site-packages/turtlebot3_teleop-2.3.6-py3.10.egg-info
[1.206s] running install_scripts
[1.218s] Installing teleop_keyboard script to /home/tedee/tb3_ws/install/turtlebot3_teleop/lib/turtlebot3_teleop
[1.218s] writing list of installed files to '/home/tedee/tb3_ws/build/turtlebot3_teleop/install.log'
[1.253s] Invoked command in '/home/tedee/tb3_ws/src/turtlebot3/turtlebot3_teleop' returned '0': PYTHONPATH=/home/tedee/tb3_ws/build/turtlebot3_teleop/prefix_override:/usr/lib/python3/dist-packages/colcon_core/task/python/colcon_distutils_commands:/home/tedee/tb3_ws/install/turtlebot3_teleop/lib/python3.10/site-packages:${PYTHONPATH} /usr/bin/python3 -W ignore:setup.py install is deprecated -W ignore:easy_install command is deprecated setup.py egg_info --egg-base ../../../build/turtlebot3_teleop build --build-base /home/tedee/tb3_ws/build/turtlebot3_teleop/build install --record /home/tedee/tb3_ws/build/turtlebot3_teleop/install.log --single-version-externally-managed install_data --force
