[0.181s] Invoking command in '/home/tedee/tb3_ws/build/turtlebot3_fake_node': CMAKE_PREFIX_PATH=/home/tedee/tb3_ws/install/turtlebot3_msgs:/home/tedee/tb3_ws/install/turtlebot3:/home/tedee/tb3_ws/install/turtlebot3_simulations:/home/tedee/tb3_ws/install/turtlebot3_bringup:/home/tedee/tb3_ws/install/turtlebot3_node:/home/tedee/tb3_ws/install/turtlebot3_navigation2:/home/tedee/tb3_ws/install/turtlebot3_fake_node:/home/tedee/tb3_ws/install/turtlebot3_manipulation_gazebo:/home/tedee/tb3_ws/install/turtlebot3_gazebo:/home/tedee/tb3_ws/install/turtlebot3_description:/home/tedee/tb3_ws/install/turtlebot3_cartographer:/home/tedee/tb3_ws/install/turtlebot3_teleop:/home/tedee/tb3_ws/install/turtlebot3_example:/home/tedee/tb3_ws/install/tb3_fsm_patrol:/opt/ros/humble /usr/bin/cmake --build /home/tedee/tb3_ws/build/turtlebot3_fake_node -- -j20 -l20
[0.223s] [100%] Built target turtlebot3_fake_node
[0.232s] Invoked command in '/home/tedee/tb3_ws/build/turtlebot3_fake_node' returned '0': CMAKE_PREFIX_PATH=/home/tedee/tb3_ws/install/turtlebot3_msgs:/home/tedee/tb3_ws/install/turtlebot3:/home/tedee/tb3_ws/install/turtlebot3_simulations:/home/tedee/tb3_ws/install/turtlebot3_bringup:/home/tedee/tb3_ws/install/turtlebot3_node:/home/tedee/tb3_ws/install/turtlebot3_navigation2:/home/tedee/tb3_ws/install/turtlebot3_fake_node:/home/tedee/tb3_ws/install/turtlebot3_manipulation_gazebo:/home/tedee/tb3_ws/install/turtlebot3_gazebo:/home/tedee/tb3_ws/install/turtlebot3_description:/home/tedee/tb3_ws/install/turtlebot3_cartographer:/home/tedee/tb3_ws/install/turtlebot3_teleop:/home/tedee/tb3_ws/install/turtlebot3_example:/home/tedee/tb3_ws/install/tb3_fsm_patrol:/opt/ros/humble /usr/bin/cmake --build /home/tedee/tb3_ws/build/turtlebot3_fake_node -- -j20 -l20
[0.234s] Invoking command in '/home/tedee/tb3_ws/build/turtlebot3_fake_node': CMAKE_PREFIX_PATH=/home/tedee/tb3_ws/install/turtlebot3_msgs:/home/tedee/tb3_ws/install/turtlebot3:/home/tedee/tb3_ws/install/turtlebot3_simulations:/home/tedee/tb3_ws/install/turtlebot3_bringup:/home/tedee/tb3_ws/install/turtlebot3_node:/home/tedee/tb3_ws/install/turtlebot3_navigation2:/home/tedee/tb3_ws/install/turtlebot3_fake_node:/home/tedee/tb3_ws/install/turtlebot3_manipulation_gazebo:/home/tedee/tb3_ws/install/turtlebot3_gazebo:/home/tedee/tb3_ws/install/turtlebot3_description:/home/tedee/tb3_ws/install/turtlebot3_cartographer:/home/tedee/tb3_ws/install/turtlebot3_teleop:/home/tedee/tb3_ws/install/turtlebot3_example:/home/tedee/tb3_ws/install/tb3_fsm_patrol:/opt/ros/humble /usr/bin/cmake --install /home/tedee/tb3_ws/build/turtlebot3_fake_node
[0.237s] -- Install configuration: ""
[0.238s] -- Execute custom install script
[0.238s] -- Up-to-date symlink: /home/tedee/tb3_ws/install/turtlebot3_fake_node/lib/turtlebot3_fake_node/turtlebot3_fake_node
[0.238s] -- Up-to-date symlink: /home/tedee/tb3_ws/install/turtlebot3_fake_node/share/turtlebot3_fake_node/launch/rviz2.launch.py
[0.238s] -- Up-to-date symlink: /home/tedee/tb3_ws/install/turtlebot3_fake_node/share/turtlebot3_fake_node/launch/turtlebot3_fake_node.launch.py
[0.238s] -- Up-to-date symlink: /home/tedee/tb3_ws/install/turtlebot3_fake_node/share/turtlebot3_fake_node/param/burger.yaml
[0.238s] -- Up-to-date symlink: /home/tedee/tb3_ws/install/turtlebot3_fake_node/share/turtlebot3_fake_node/param/waffle.yaml
[0.239s] -- Up-to-date symlink: /home/tedee/tb3_ws/install/turtlebot3_fake_node/share/turtlebot3_fake_node/param/waffle_pi.yaml
[0.239s] -- Up-to-date symlink: /home/tedee/tb3_ws/install/turtlebot3_fake_node/include//turtlebot3_fake_node/turtlebot3_fake_node.hpp
[0.239s] -- Up-to-date symlink: /home/tedee/tb3_ws/install/turtlebot3_fake_node/share/ament_index/resource_index/package_run_dependencies/turtlebot3_fake_node
[0.239s] -- Up-to-date symlink: /home/tedee/tb3_ws/install/turtlebot3_fake_node/share/ament_index/resource_index/parent_prefix_path/turtlebot3_fake_node
[0.239s] -- Up-to-date symlink: /home/tedee/tb3_ws/install/turtlebot3_fake_node/share/turtlebot3_fake_node/environment/ament_prefix_path.sh
[0.239s] -- Up-to-date symlink: /home/tedee/tb3_ws/install/turtlebot3_fake_node/share/turtlebot3_fake_node/environment/ament_prefix_path.dsv
[0.239s] -- Up-to-date symlink: /home/tedee/tb3_ws/install/turtlebot3_fake_node/share/turtlebot3_fake_node/environment/path.sh
[0.239s] -- Up-to-date symlink: /home/tedee/tb3_ws/install/turtlebot3_fake_node/share/turtlebot3_fake_node/environment/path.dsv
[0.239s] -- Up-to-date symlink: /home/tedee/tb3_ws/install/turtlebot3_fake_node/share/turtlebot3_fake_node/local_setup.bash
[0.239s] -- Up-to-date symlink: /home/tedee/tb3_ws/install/turtlebot3_fake_node/share/turtlebot3_fake_node/local_setup.sh
[0.239s] -- Up-to-date symlink: /home/tedee/tb3_ws/install/turtlebot3_fake_node/share/turtlebot3_fake_node/local_setup.zsh
[0.239s] -- Up-to-date symlink: /home/tedee/tb3_ws/install/turtlebot3_fake_node/share/turtlebot3_fake_node/local_setup.dsv
[0.239s] -- Symlinking: /home/tedee/tb3_ws/install/turtlebot3_fake_node/share/turtlebot3_fake_node/package.dsv
[0.245s] -- Up-to-date symlink: /home/tedee/tb3_ws/install/turtlebot3_fake_node/share/ament_index/resource_index/packages/turtlebot3_fake_node
[0.246s] -- Up-to-date symlink: /home/tedee/tb3_ws/install/turtlebot3_fake_node/share/turtlebot3_fake_node/cmake/ament_cmake_export_include_directories-extras.cmake
[0.246s] -- Up-to-date symlink: /home/tedee/tb3_ws/install/turtlebot3_fake_node/share/turtlebot3_fake_node/cmake/ament_cmake_export_dependencies-extras.cmake
[0.246s] -- Up-to-date symlink: /home/tedee/tb3_ws/install/turtlebot3_fake_node/share/turtlebot3_fake_node/cmake/turtlebot3_fake_nodeConfig.cmake
[0.246s] -- Up-to-date symlink: /home/tedee/tb3_ws/install/turtlebot3_fake_node/share/turtlebot3_fake_node/cmake/turtlebot3_fake_nodeConfig-version.cmake
[0.246s] -- Up-to-date symlink: /home/tedee/tb3_ws/install/turtlebot3_fake_node/share/turtlebot3_fake_node/package.xml
[0.247s] Invoked command in '/home/tedee/tb3_ws/build/turtlebot3_fake_node' returned '0': CMAKE_PREFIX_PATH=/home/tedee/tb3_ws/install/turtlebot3_msgs:/home/tedee/tb3_ws/install/turtlebot3:/home/tedee/tb3_ws/install/turtlebot3_simulations:/home/tedee/tb3_ws/install/turtlebot3_bringup:/home/tedee/tb3_ws/install/turtlebot3_node:/home/tedee/tb3_ws/install/turtlebot3_navigation2:/home/tedee/tb3_ws/install/turtlebot3_fake_node:/home/tedee/tb3_ws/install/turtlebot3_manipulation_gazebo:/home/tedee/tb3_ws/install/turtlebot3_gazebo:/home/tedee/tb3_ws/install/turtlebot3_description:/home/tedee/tb3_ws/install/turtlebot3_cartographer:/home/tedee/tb3_ws/install/turtlebot3_teleop:/home/tedee/tb3_ws/install/turtlebot3_example:/home/tedee/tb3_ws/install/tb3_fsm_patrol:/opt/ros/humble /usr/bin/cmake --install /home/tedee/tb3_ws/build/turtlebot3_fake_node
