running develop
Removing /home/tedee/tb3_ws/install/tb3_fsm_patrol/lib/python3.10/site-packages/tb3-fsm-patrol.egg-link (link to .)
running egg_info
writing ../../build/tb3_fsm_patrol/tb3_fsm_patrol.egg-info/PKG-INFO
writing dependency_links to ../../build/tb3_fsm_patrol/tb3_fsm_patrol.egg-info/dependency_links.txt
writing entry points to ../../build/tb3_fsm_patrol/tb3_fsm_patrol.egg-info/entry_points.txt
writing requirements to ../../build/tb3_fsm_patrol/tb3_fsm_patrol.egg-info/requires.txt
writing top-level names to ../../build/tb3_fsm_patrol/tb3_fsm_patrol.egg-info/top_level.txt
reading manifest file '../../build/tb3_fsm_patrol/tb3_fsm_patrol.egg-info/SOURCES.txt'
writing manifest file '../../build/tb3_fsm_patrol/tb3_fsm_patrol.egg-info/SOURCES.txt'
running build
running build_py
creating /home/tedee/tb3_ws/build/tb3_fsm_patrol/build
creating /home/tedee/tb3_ws/build/tb3_fsm_patrol/build/lib
creating /home/tedee/tb3_ws/build/tb3_fsm_patrol/build/lib/tb3_fsm_patrol
copying tb3_fsm_patrol/__init__.py -> /home/tedee/tb3_ws/build/tb3_fsm_patrol/build/lib/tb3_fsm_patrol
copying tb3_fsm_patrol/fsm_patrol.py -> /home/tedee/tb3_ws/build/tb3_fsm_patrol/build/lib/tb3_fsm_patrol
running install
running install_lib
creating /home/tedee/tb3_ws/install/tb3_fsm_patrol/lib/python3.10/site-packages/tb3_fsm_patrol
copying /home/tedee/tb3_ws/build/tb3_fsm_patrol/build/lib/tb3_fsm_patrol/__init__.py -> /home/tedee/tb3_ws/install/tb3_fsm_patrol/lib/python3.10/site-packages/tb3_fsm_patrol
copying /home/tedee/tb3_ws/build/tb3_fsm_patrol/build/lib/tb3_fsm_patrol/fsm_patrol.py -> /home/tedee/tb3_ws/install/tb3_fsm_patrol/lib/python3.10/site-packages/tb3_fsm_patrol
byte-compiling /home/tedee/tb3_ws/install/tb3_fsm_patrol/lib/python3.10/site-packages/tb3_fsm_patrol/__init__.py to __init__.cpython-310.pyc
byte-compiling /home/tedee/tb3_ws/install/tb3_fsm_patrol/lib/python3.10/site-packages/tb3_fsm_patrol/fsm_patrol.py to fsm_patrol.cpython-310.pyc
running install_data
copying resource/tb3_fsm_patrol -> /home/tedee/tb3_ws/install/tb3_fsm_patrol/share/ament_index/resource_index/packages
copying package.xml -> /home/tedee/tb3_ws/install/tb3_fsm_patrol/share/tb3_fsm_patrol
copying launch/tb3_world_fsm.launch.py -> /home/tedee/tb3_ws/install/tb3_fsm_patrol/share/tb3_fsm_patrol/launch
running install_egg_info
Copying ../../build/tb3_fsm_patrol/tb3_fsm_patrol.egg-info to /home/tedee/tb3_ws/install/tb3_fsm_patrol/lib/python3.10/site-packages/tb3_fsm_patrol-0.0.0-py3.10.egg-info
running install_scripts
Installing fsm_patrol script to /home/tedee/tb3_ws/install/tb3_fsm_patrol/lib/tb3_fsm_patrol
writing list of installed files to '/home/tedee/tb3_ws/build/tb3_fsm_patrol/install.log'
