[0.703s] Invoking command in '/home/tedee/tb3_ws/build/tb3_fsm_patrol': PYTHONPATH=/home/tedee/tb3_ws/build/tb3_fsm_patrol/prefix_override:/usr/lib/python3/dist-packages/colcon_core/task/python/colcon_distutils_commands:/home/tedee/tb3_ws/install/tb3_fsm_patrol/lib/python3.10/site-packages:${PYTHONPATH} /usr/bin/python3 -W ignore:setup.py install is deprecated -W ignore:easy_install command is deprecated setup.py develop --uninstall --editable --build-directory /home/tedee/tb3_ws/build/tb3_fsm_patrol/build
[0.880s] running develop
[1.002s] Removing /home/tedee/tb3_ws/install/tb3_fsm_patrol/lib/python3.10/site-packages/tb3-fsm-patrol.egg-link (link to .)
[1.027s] Invoked command in '/home/tedee/tb3_ws/build/tb3_fsm_patrol' returned '0': PYTHONPATH=/home/tedee/tb3_ws/build/tb3_fsm_patrol/prefix_override:/usr/lib/python3/dist-packages/colcon_core/task/python/colcon_distutils_commands:/home/tedee/tb3_ws/install/tb3_fsm_patrol/lib/python3.10/site-packages:${PYTHONPATH} /usr/bin/python3 -W ignore:setup.py install is deprecated -W ignore:easy_install command is deprecated setup.py develop --uninstall --editable --build-directory /home/tedee/tb3_ws/build/tb3_fsm_patrol/build
[1.028s] Invoking command in '/home/tedee/tb3_ws/src/tb3_fsm_patrol': PYTHONPATH=/home/tedee/tb3_ws/build/tb3_fsm_patrol/prefix_override:/usr/lib/python3/dist-packages/colcon_core/task/python/colcon_distutils_commands:/home/tedee/tb3_ws/install/tb3_fsm_patrol/lib/python3.10/site-packages:${PYTHONPATH} /usr/bin/python3 -W ignore:setup.py install is deprecated -W ignore:easy_install command is deprecated setup.py egg_info --egg-base ../../build/tb3_fsm_patrol build --build-base /home/tedee/tb3_ws/build/tb3_fsm_patrol/build install --record /home/tedee/tb3_ws/build/tb3_fsm_patrol/install.log --single-version-externally-managed install_data --force
[1.197s] running egg_info
[1.198s] writing ../../build/tb3_fsm_patrol/tb3_fsm_patrol.egg-info/PKG-INFO
[1.198s] writing dependency_links to ../../build/tb3_fsm_patrol/tb3_fsm_patrol.egg-info/dependency_links.txt
[1.198s] writing entry points to ../../build/tb3_fsm_patrol/tb3_fsm_patrol.egg-info/entry_points.txt
[1.198s] writing requirements to ../../build/tb3_fsm_patrol/tb3_fsm_patrol.egg-info/requires.txt
[1.198s] writing top-level names to ../../build/tb3_fsm_patrol/tb3_fsm_patrol.egg-info/top_level.txt
[1.199s] reading manifest file '../../build/tb3_fsm_patrol/tb3_fsm_patrol.egg-info/SOURCES.txt'
[1.199s] writing manifest file '../../build/tb3_fsm_patrol/tb3_fsm_patrol.egg-info/SOURCES.txt'
[1.200s] running build
[1.200s] running build_py
[1.200s] creating /home/tedee/tb3_ws/build/tb3_fsm_patrol/build
[1.200s] creating /home/tedee/tb3_ws/build/tb3_fsm_patrol/build/lib
[1.200s] creating /home/tedee/tb3_ws/build/tb3_fsm_patrol/build/lib/tb3_fsm_patrol
[1.200s] copying tb3_fsm_patrol/__init__.py -> /home/tedee/tb3_ws/build/tb3_fsm_patrol/build/lib/tb3_fsm_patrol
[1.200s] copying tb3_fsm_patrol/fsm_patrol.py -> /home/tedee/tb3_ws/build/tb3_fsm_patrol/build/lib/tb3_fsm_patrol
[1.201s] running install
[1.201s] running install_lib
[1.201s] creating /home/tedee/tb3_ws/install/tb3_fsm_patrol/lib/python3.10/site-packages/tb3_fsm_patrol
[1.201s] copying /home/tedee/tb3_ws/build/tb3_fsm_patrol/build/lib/tb3_fsm_patrol/__init__.py -> /home/tedee/tb3_ws/install/tb3_fsm_patrol/lib/python3.10/site-packages/tb3_fsm_patrol
[1.201s] copying /home/tedee/tb3_ws/build/tb3_fsm_patrol/build/lib/tb3_fsm_patrol/fsm_patrol.py -> /home/tedee/tb3_ws/install/tb3_fsm_patrol/lib/python3.10/site-packages/tb3_fsm_patrol
[1.201s] byte-compiling /home/tedee/tb3_ws/install/tb3_fsm_patrol/lib/python3.10/site-packages/tb3_fsm_patrol/__init__.py to __init__.cpython-310.pyc
[1.201s] byte-compiling /home/tedee/tb3_ws/install/tb3_fsm_patrol/lib/python3.10/site-packages/tb3_fsm_patrol/fsm_patrol.py to fsm_patrol.cpython-310.pyc
[1.202s] running install_data
[1.202s] copying resource/tb3_fsm_patrol -> /home/tedee/tb3_ws/install/tb3_fsm_patrol/share/ament_index/resource_index/packages
[1.202s] copying package.xml -> /home/tedee/tb3_ws/install/tb3_fsm_patrol/share/tb3_fsm_patrol
[1.202s] copying launch/tb3_world_fsm.launch.py -> /home/tedee/tb3_ws/install/tb3_fsm_patrol/share/tb3_fsm_patrol/launch
[1.202s] running install_egg_info
[1.203s] Copying ../../build/tb3_fsm_patrol/tb3_fsm_patrol.egg-info to /home/tedee/tb3_ws/install/tb3_fsm_patrol/lib/python3.10/site-packages/tb3_fsm_patrol-0.0.0-py3.10.egg-info
[1.204s] running install_scripts
[1.216s] Installing fsm_patrol script to /home/tedee/tb3_ws/install/tb3_fsm_patrol/lib/tb3_fsm_patrol
[1.216s] writing list of installed files to '/home/tedee/tb3_ws/build/tb3_fsm_patrol/install.log'
[1.247s] Invoked command in '/home/tedee/tb3_ws/src/tb3_fsm_patrol' returned '0': PYTHONPATH=/home/tedee/tb3_ws/build/tb3_fsm_patrol/prefix_override:/usr/lib/python3/dist-packages/colcon_core/task/python/colcon_distutils_commands:/home/tedee/tb3_ws/install/tb3_fsm_patrol/lib/python3.10/site-packages:${PYTHONPATH} /usr/bin/python3 -W ignore:setup.py install is deprecated -W ignore:easy_install command is deprecated setup.py egg_info --egg-base ../../build/tb3_fsm_patrol build --build-base /home/tedee/tb3_ws/build/tb3_fsm_patrol/build install --record /home/tedee/tb3_ws/build/tb3_fsm_patrol/install.log --single-version-externally-managed install_data --force
