[0.010s] Invoking command in '/home/tedee/tb3_ws/build/turtlebot3': AMENT_PREFIX_PATH=/home/tedee/tb3_ws/install/turtlebot3_bringup:/home/tedee/tb3_ws/install/turtlebot3_node:/home/tedee/tb3_ws/install/turtlebot3_example:/home/tedee/tb3_ws/install/turtlebot3_teleop:/home/tedee/tb3_ws/install/turtlebot3_navigation2:/home/tedee/tb3_ws/install/turtlebot3_msgs:/home/tedee/tb3_ws/install/turtlebot3_description:/home/tedee/tb3_ws/install/turtlebot3_cartographer:${AMENT_PREFIX_PATH} CMAKE_PREFIX_PATH=/home/tedee/tb3_ws/install/turtlebot3_bringup:/home/tedee/tb3_ws/install/turtlebot3_node:/home/tedee/tb3_ws/install/turtlebot3_navigation2:/home/tedee/tb3_ws/install/turtlebot3_msgs:/home/tedee/tb3_ws/install/turtlebot3_description:/home/tedee/tb3_ws/install/turtlebot3_cartographer:/opt/ros/humble LD_LIBRARY_PATH=/home/tedee/tb3_ws/install/turtlebot3_msgs/lib:${LD_LIBRARY_PATH} PYTHONPATH=/home/tedee/tb3_ws/build/turtlebot3_example:/home/tedee/tb3_ws/install/turtlebot3_example/lib/python3.10/site-packages:/home/tedee/tb3_ws/build/turtlebot3_teleop:/home/tedee/tb3_ws/install/turtlebot3_teleop/lib/python3.10/site-packages:/home/tedee/tb3_ws/install/turtlebot3_msgs/local/lib/python3.10/dist-packages:${PYTHONPATH} /usr/bin/cmake /home/tedee/tb3_ws/src/turtlebot3/turtlebot3 -DAMENT_CMAKE_SYMLINK_INSTALL=1 -DCMAKE_INSTALL_PREFIX=/home/tedee/tb3_ws/install/turtlebot3
[0.062s] -- The C compiler identification is GNU 11.4.0
[0.097s] -- The CXX compiler identification is GNU 11.4.0
[0.101s] -- Detecting C compiler ABI info
[0.150s] -- Detecting C compiler ABI info - done
[0.157s] -- Check for working C compiler: /usr/bin/cc - skipped
[0.157s] -- Detecting C compile features
[0.157s] -- Detecting C compile features - done
[0.160s] -- Detecting CXX compiler ABI info
[0.221s] -- Detecting CXX compiler ABI info - done
[0.226s] -- Check for working CXX compiler: /usr/bin/c++ - skipped
[0.226s] -- Detecting CXX compile features
[0.227s] -- Detecting CXX compile features - done
[0.228s] -- Found ament_cmake: 1.3.11 (/opt/ros/humble/share/ament_cmake/cmake)
[0.335s] -- Found Python3: /usr/bin/python3 (found version "3.10.12") found components: Interpreter 
[0.373s] -- Override CMake install command with custom implementation using symlinks instead of copying resources
[0.432s] -- Configuring done
[0.433s] -- Generating done
[0.434s] -- Build files have been written to: /home/tedee/tb3_ws/build/turtlebot3
[0.437s] Invoked command in '/home/tedee/tb3_ws/build/turtlebot3' returned '0': AMENT_PREFIX_PATH=/home/tedee/tb3_ws/install/turtlebot3_bringup:/home/tedee/tb3_ws/install/turtlebot3_node:/home/tedee/tb3_ws/install/turtlebot3_example:/home/tedee/tb3_ws/install/turtlebot3_teleop:/home/tedee/tb3_ws/install/turtlebot3_navigation2:/home/tedee/tb3_ws/install/turtlebot3_msgs:/home/tedee/tb3_ws/install/turtlebot3_description:/home/tedee/tb3_ws/install/turtlebot3_cartographer:${AMENT_PREFIX_PATH} CMAKE_PREFIX_PATH=/home/tedee/tb3_ws/install/turtlebot3_bringup:/home/tedee/tb3_ws/install/turtlebot3_node:/home/tedee/tb3_ws/install/turtlebot3_navigation2:/home/tedee/tb3_ws/install/turtlebot3_msgs:/home/tedee/tb3_ws/install/turtlebot3_description:/home/tedee/tb3_ws/install/turtlebot3_cartographer:/opt/ros/humble LD_LIBRARY_PATH=/home/tedee/tb3_ws/install/turtlebot3_msgs/lib:${LD_LIBRARY_PATH} PYTHONPATH=/home/tedee/tb3_ws/build/turtlebot3_example:/home/tedee/tb3_ws/install/turtlebot3_example/lib/python3.10/site-packages:/home/tedee/tb3_ws/build/turtlebot3_teleop:/home/tedee/tb3_ws/install/turtlebot3_teleop/lib/python3.10/site-packages:/home/tedee/tb3_ws/install/turtlebot3_msgs/local/lib/python3.10/dist-packages:${PYTHONPATH} /usr/bin/cmake /home/tedee/tb3_ws/src/turtlebot3/turtlebot3 -DAMENT_CMAKE_SYMLINK_INSTALL=1 -DCMAKE_INSTALL_PREFIX=/home/tedee/tb3_ws/install/turtlebot3
[0.438s] Invoking command in '/home/tedee/tb3_ws/build/turtlebot3': AMENT_PREFIX_PATH=/home/tedee/tb3_ws/install/turtlebot3_bringup:/home/tedee/tb3_ws/install/turtlebot3_node:/home/tedee/tb3_ws/install/turtlebot3_example:/home/tedee/tb3_ws/install/turtlebot3_teleop:/home/tedee/tb3_ws/install/turtlebot3_navigation2:/home/tedee/tb3_ws/install/turtlebot3_msgs:/home/tedee/tb3_ws/install/turtlebot3_description:/home/tedee/tb3_ws/install/turtlebot3_cartographer:${AMENT_PREFIX_PATH} CMAKE_PREFIX_PATH=/home/tedee/tb3_ws/install/turtlebot3_bringup:/home/tedee/tb3_ws/install/turtlebot3_node:/home/tedee/tb3_ws/install/turtlebot3_navigation2:/home/tedee/tb3_ws/install/turtlebot3_msgs:/home/tedee/tb3_ws/install/turtlebot3_description:/home/tedee/tb3_ws/install/turtlebot3_cartographer:/opt/ros/humble LD_LIBRARY_PATH=/home/tedee/tb3_ws/install/turtlebot3_msgs/lib:${LD_LIBRARY_PATH} PYTHONPATH=/home/tedee/tb3_ws/build/turtlebot3_example:/home/tedee/tb3_ws/install/turtlebot3_example/lib/python3.10/site-packages:/home/tedee/tb3_ws/build/turtlebot3_teleop:/home/tedee/tb3_ws/install/turtlebot3_teleop/lib/python3.10/site-packages:/home/tedee/tb3_ws/install/turtlebot3_msgs/local/lib/python3.10/dist-packages:${PYTHONPATH} /usr/bin/cmake --build /home/tedee/tb3_ws/build/turtlebot3 -- -j20 -l20
[0.466s] Invoked command in '/home/tedee/tb3_ws/build/turtlebot3' returned '0': AMENT_PREFIX_PATH=/home/tedee/tb3_ws/install/turtlebot3_bringup:/home/tedee/tb3_ws/install/turtlebot3_node:/home/tedee/tb3_ws/install/turtlebot3_example:/home/tedee/tb3_ws/install/turtlebot3_teleop:/home/tedee/tb3_ws/install/turtlebot3_navigation2:/home/tedee/tb3_ws/install/turtlebot3_msgs:/home/tedee/tb3_ws/install/turtlebot3_description:/home/tedee/tb3_ws/install/turtlebot3_cartographer:${AMENT_PREFIX_PATH} CMAKE_PREFIX_PATH=/home/tedee/tb3_ws/install/turtlebot3_bringup:/home/tedee/tb3_ws/install/turtlebot3_node:/home/tedee/tb3_ws/install/turtlebot3_navigation2:/home/tedee/tb3_ws/install/turtlebot3_msgs:/home/tedee/tb3_ws/install/turtlebot3_description:/home/tedee/tb3_ws/install/turtlebot3_cartographer:/opt/ros/humble LD_LIBRARY_PATH=/home/tedee/tb3_ws/install/turtlebot3_msgs/lib:${LD_LIBRARY_PATH} PYTHONPATH=/home/tedee/tb3_ws/build/turtlebot3_example:/home/tedee/tb3_ws/install/turtlebot3_example/lib/python3.10/site-packages:/home/tedee/tb3_ws/build/turtlebot3_teleop:/home/tedee/tb3_ws/install/turtlebot3_teleop/lib/python3.10/site-packages:/home/tedee/tb3_ws/install/turtlebot3_msgs/local/lib/python3.10/dist-packages:${PYTHONPATH} /usr/bin/cmake --build /home/tedee/tb3_ws/build/turtlebot3 -- -j20 -l20
[0.468s] Invoking command in '/home/tedee/tb3_ws/build/turtlebot3': AMENT_PREFIX_PATH=/home/tedee/tb3_ws/install/turtlebot3_bringup:/home/tedee/tb3_ws/install/turtlebot3_node:/home/tedee/tb3_ws/install/turtlebot3_example:/home/tedee/tb3_ws/install/turtlebot3_teleop:/home/tedee/tb3_ws/install/turtlebot3_navigation2:/home/tedee/tb3_ws/install/turtlebot3_msgs:/home/tedee/tb3_ws/install/turtlebot3_description:/home/tedee/tb3_ws/install/turtlebot3_cartographer:${AMENT_PREFIX_PATH} CMAKE_PREFIX_PATH=/home/tedee/tb3_ws/install/turtlebot3_bringup:/home/tedee/tb3_ws/install/turtlebot3_node:/home/tedee/tb3_ws/install/turtlebot3_navigation2:/home/tedee/tb3_ws/install/turtlebot3_msgs:/home/tedee/tb3_ws/install/turtlebot3_description:/home/tedee/tb3_ws/install/turtlebot3_cartographer:/opt/ros/humble LD_LIBRARY_PATH=/home/tedee/tb3_ws/install/turtlebot3_msgs/lib:${LD_LIBRARY_PATH} PYTHONPATH=/home/tedee/tb3_ws/build/turtlebot3_example:/home/tedee/tb3_ws/install/turtlebot3_example/lib/python3.10/site-packages:/home/tedee/tb3_ws/build/turtlebot3_teleop:/home/tedee/tb3_ws/install/turtlebot3_teleop/lib/python3.10/site-packages:/home/tedee/tb3_ws/install/turtlebot3_msgs/local/lib/python3.10/dist-packages:${PYTHONPATH} /usr/bin/cmake --install /home/tedee/tb3_ws/build/turtlebot3
[0.478s] -- Install configuration: ""
[0.479s] -- Execute custom install script
[0.479s] -- Symlinking: /home/tedee/tb3_ws/install/turtlebot3/share/ament_index/resource_index/package_run_dependencies/turtlebot3
[0.488s] -- Symlinking: /home/tedee/tb3_ws/install/turtlebot3/share/ament_index/resource_index/parent_prefix_path/turtlebot3
[0.498s] -- Symlinking: /home/tedee/tb3_ws/install/turtlebot3/share/turtlebot3/environment/ament_prefix_path.sh
[0.508s] -- Symlinking: /home/tedee/tb3_ws/install/turtlebot3/share/turtlebot3/environment/ament_prefix_path.dsv
[0.516s] -- Symlinking: /home/tedee/tb3_ws/install/turtlebot3/share/turtlebot3/environment/path.sh
[0.522s] -- Symlinking: /home/tedee/tb3_ws/install/turtlebot3/share/turtlebot3/environment/path.dsv
[0.531s] -- Symlinking: /home/tedee/tb3_ws/install/turtlebot3/share/turtlebot3/local_setup.bash
[0.537s] -- Symlinking: /home/tedee/tb3_ws/install/turtlebot3/share/turtlebot3/local_setup.sh
[0.543s] -- Symlinking: /home/tedee/tb3_ws/install/turtlebot3/share/turtlebot3/local_setup.zsh
[0.552s] -- Symlinking: /home/tedee/tb3_ws/install/turtlebot3/share/turtlebot3/local_setup.dsv
[0.561s] -- Symlinking: /home/tedee/tb3_ws/install/turtlebot3/share/turtlebot3/package.dsv
[0.568s] -- Symlinking: /home/tedee/tb3_ws/install/turtlebot3/share/ament_index/resource_index/packages/turtlebot3
[0.573s] -- Symlinking: /home/tedee/tb3_ws/install/turtlebot3/share/turtlebot3/cmake/turtlebot3Config.cmake
[0.579s] -- Symlinking: /home/tedee/tb3_ws/install/turtlebot3/share/turtlebot3/cmake/turtlebot3Config-version.cmake
[0.585s] -- Symlinking: /home/tedee/tb3_ws/install/turtlebot3/share/turtlebot3/package.xml
[0.591s] Invoked command in '/home/tedee/tb3_ws/build/turtlebot3' returned '0': AMENT_PREFIX_PATH=/home/tedee/tb3_ws/install/turtlebot3_bringup:/home/tedee/tb3_ws/install/turtlebot3_node:/home/tedee/tb3_ws/install/turtlebot3_example:/home/tedee/tb3_ws/install/turtlebot3_teleop:/home/tedee/tb3_ws/install/turtlebot3_navigation2:/home/tedee/tb3_ws/install/turtlebot3_msgs:/home/tedee/tb3_ws/install/turtlebot3_description:/home/tedee/tb3_ws/install/turtlebot3_cartographer:${AMENT_PREFIX_PATH} CMAKE_PREFIX_PATH=/home/tedee/tb3_ws/install/turtlebot3_bringup:/home/tedee/tb3_ws/install/turtlebot3_node:/home/tedee/tb3_ws/install/turtlebot3_navigation2:/home/tedee/tb3_ws/install/turtlebot3_msgs:/home/tedee/tb3_ws/install/turtlebot3_description:/home/tedee/tb3_ws/install/turtlebot3_cartographer:/opt/ros/humble LD_LIBRARY_PATH=/home/tedee/tb3_ws/install/turtlebot3_msgs/lib:${LD_LIBRARY_PATH} PYTHONPATH=/home/tedee/tb3_ws/build/turtlebot3_example:/home/tedee/tb3_ws/install/turtlebot3_example/lib/python3.10/site-packages:/home/tedee/tb3_ws/build/turtlebot3_teleop:/home/tedee/tb3_ws/install/turtlebot3_teleop/lib/python3.10/site-packages:/home/tedee/tb3_ws/install/turtlebot3_msgs/local/lib/python3.10/dist-packages:${PYTHONPATH} /usr/bin/cmake --install /home/tedee/tb3_ws/build/turtlebot3
