[0.020s] Invoking command in '/home/tedee/tb3_ws/build/turtlebot3_cartographer': CMAKE_PREFIX_PATH=${CMAKE_PREFIX_PATH}:/home/tedee/tb3_ws/install/tb3_fsm_patrol:/home/tedee/tb3_ws/install/turtlebot3_teleop:/home/tedee/tb3_ws/install/turtlebot3_example:/opt/ros/humble /usr/bin/cmake /home/tedee/tb3_ws/src/turtlebot3/turtlebot3_cartographer -DCMAKE_INSTALL_PREFIX=/home/tedee/tb3_ws/install/turtlebot3_cartographer
[0.256s] -- Found ament_cmake: 1.3.11 (/opt/ros/humble/share/ament_cmake/cmake)
[0.257s] -- Override CMake install command with custom implementation using symlinks instead of copying resources
[0.257s] -- Configuring done
[0.257s] -- Generating done
[0.258s] -- Build files have been written to: /home/tedee/tb3_ws/build/turtlebot3_cartographer
[0.431s] Invoked command in '/home/tedee/tb3_ws/build/turtlebot3_cartographer' returned '0': CMAKE_PREFIX_PATH=${CMAKE_PREFIX_PATH}:/home/tedee/tb3_ws/install/tb3_fsm_patrol:/home/tedee/tb3_ws/install/turtlebot3_teleop:/home/tedee/tb3_ws/install/turtlebot3_example:/opt/ros/humble /usr/bin/cmake /home/tedee/tb3_ws/src/turtlebot3/turtlebot3_cartographer -DCMAKE_INSTALL_PREFIX=/home/tedee/tb3_ws/install/turtlebot3_cartographer
[0.432s] Invoking command in '/home/tedee/tb3_ws/build/turtlebot3_cartographer': CMAKE_PREFIX_PATH=${CMAKE_PREFIX_PATH}:/home/tedee/tb3_ws/install/tb3_fsm_patrol:/home/tedee/tb3_ws/install/turtlebot3_teleop:/home/tedee/tb3_ws/install/turtlebot3_example:/opt/ros/humble /usr/bin/cmake --build /home/tedee/tb3_ws/build/turtlebot3_cartographer -- -j20 -l20
[0.470s] Invoked command in '/home/tedee/tb3_ws/build/turtlebot3_cartographer' returned '0': CMAKE_PREFIX_PATH=${CMAKE_PREFIX_PATH}:/home/tedee/tb3_ws/install/tb3_fsm_patrol:/home/tedee/tb3_ws/install/turtlebot3_teleop:/home/tedee/tb3_ws/install/turtlebot3_example:/opt/ros/humble /usr/bin/cmake --build /home/tedee/tb3_ws/build/turtlebot3_cartographer -- -j20 -l20
[0.471s] Invoking command in '/home/tedee/tb3_ws/build/turtlebot3_cartographer': CMAKE_PREFIX_PATH=${CMAKE_PREFIX_PATH}:/home/tedee/tb3_ws/install/tb3_fsm_patrol:/home/tedee/tb3_ws/install/turtlebot3_teleop:/home/tedee/tb3_ws/install/turtlebot3_example:/opt/ros/humble /usr/bin/cmake --install /home/tedee/tb3_ws/build/turtlebot3_cartographer
[0.481s] -- Install configuration: ""
[0.481s] -- Execute custom install script
[0.482s] -- Up-to-date symlink: /home/tedee/tb3_ws/install/turtlebot3_cartographer/share/turtlebot3_cartographer/config/turtlebot3_lds_2d.lua
[0.484s] -- Up-to-date symlink: /home/tedee/tb3_ws/install/turtlebot3_cartographer/share/turtlebot3_cartographer/launch/cartographer.launch.py
[0.486s] -- Up-to-date symlink: /home/tedee/tb3_ws/install/turtlebot3_cartographer/share/turtlebot3_cartographer/launch/occupancy_grid.launch.py
[0.486s] -- Up-to-date symlink: /home/tedee/tb3_ws/install/turtlebot3_cartographer/share/turtlebot3_cartographer/rviz/tb3_cartographer.rviz
[0.486s] -- Up-to-date symlink: /home/tedee/tb3_ws/install/turtlebot3_cartographer/share/ament_index/resource_index/package_run_dependencies/turtlebot3_cartographer
[0.486s] -- Up-to-date symlink: /home/tedee/tb3_ws/install/turtlebot3_cartographer/share/ament_index/resource_index/parent_prefix_path/turtlebot3_cartographer
[0.486s] -- Up-to-date symlink: /home/tedee/tb3_ws/install/turtlebot3_cartographer/share/turtlebot3_cartographer/environment/ament_prefix_path.sh
[0.486s] -- Up-to-date symlink: /home/tedee/tb3_ws/install/turtlebot3_cartographer/share/turtlebot3_cartographer/environment/ament_prefix_path.dsv
[0.486s] -- Up-to-date symlink: /home/tedee/tb3_ws/install/turtlebot3_cartographer/share/turtlebot3_cartographer/environment/path.sh
[0.487s] -- Up-to-date symlink: /home/tedee/tb3_ws/install/turtlebot3_cartographer/share/turtlebot3_cartographer/environment/path.dsv
[0.487s] -- Up-to-date symlink: /home/tedee/tb3_ws/install/turtlebot3_cartographer/share/turtlebot3_cartographer/local_setup.bash
[0.487s] -- Up-to-date symlink: /home/tedee/tb3_ws/install/turtlebot3_cartographer/share/turtlebot3_cartographer/local_setup.sh
[0.487s] -- Up-to-date symlink: /home/tedee/tb3_ws/install/turtlebot3_cartographer/share/turtlebot3_cartographer/local_setup.zsh
[0.487s] -- Up-to-date symlink: /home/tedee/tb3_ws/install/turtlebot3_cartographer/share/turtlebot3_cartographer/local_setup.dsv
[0.487s] -- Symlinking: /home/tedee/tb3_ws/install/turtlebot3_cartographer/share/turtlebot3_cartographer/package.dsv
[0.491s] -- Up-to-date symlink: /home/tedee/tb3_ws/install/turtlebot3_cartographer/share/ament_index/resource_index/packages/turtlebot3_cartographer
[0.491s] -- Up-to-date symlink: /home/tedee/tb3_ws/install/turtlebot3_cartographer/share/turtlebot3_cartographer/cmake/turtlebot3_cartographerConfig.cmake
[0.491s] -- Up-to-date symlink: /home/tedee/tb3_ws/install/turtlebot3_cartographer/share/turtlebot3_cartographer/cmake/turtlebot3_cartographerConfig-version.cmake
[0.492s] -- Up-to-date symlink: /home/tedee/tb3_ws/install/turtlebot3_cartographer/share/turtlebot3_cartographer/package.xml
[0.524s] Invoked command in '/home/tedee/tb3_ws/build/turtlebot3_cartographer' returned '0': CMAKE_PREFIX_PATH=${CMAKE_PREFIX_PATH}:/home/tedee/tb3_ws/install/tb3_fsm_patrol:/home/tedee/tb3_ws/install/turtlebot3_teleop:/home/tedee/tb3_ws/install/turtlebot3_example:/opt/ros/humble /usr/bin/cmake --install /home/tedee/tb3_ws/build/turtlebot3_cartographer
