[1.098s] Invoking command in '/home/tedee/tb3_ws/src/turtlebot3/turtlebot3_teleop': PYTHONPATH=/home/tedee/tb3_ws/build/turtlebot3_teleop/prefix_override:/usr/lib/python3/dist-packages/colcon_core/task/python/colcon_distutils_commands:/home/tedee/tb3_ws/install/turtlebot3_teleop/lib/python3.10/site-packages:${PYTHONPATH} /usr/bin/python3 -W ignore:setup.py install is deprecated -W ignore:easy_install command is deprecated setup.py egg_info --egg-base ../../../build/turtlebot3_teleop build --build-base /home/tedee/tb3_ws/build/turtlebot3_teleop/build install --record /home/tedee/tb3_ws/build/turtlebot3_teleop/install.log --single-version-externally-managed install_data
[1.256s] running egg_info
[1.256s] writing ../../../build/turtlebot3_teleop/turtlebot3_teleop.egg-info/PKG-INFO
[1.256s] writing dependency_links to ../../../build/turtlebot3_teleop/turtlebot3_teleop.egg-info/dependency_links.txt
[1.256s] writing entry points to ../../../build/turtlebot3_teleop/turtlebot3_teleop.egg-info/entry_points.txt
[1.256s] writing requirements to ../../../build/turtlebot3_teleop/turtlebot3_teleop.egg-info/requires.txt
[1.256s] writing top-level names to ../../../build/turtlebot3_teleop/turtlebot3_teleop.egg-info/top_level.txt
[1.257s] reading manifest file '../../../build/turtlebot3_teleop/turtlebot3_teleop.egg-info/SOURCES.txt'
[1.258s] writing manifest file '../../../build/turtlebot3_teleop/turtlebot3_teleop.egg-info/SOURCES.txt'
[1.258s] running build
[1.258s] running build_py
[1.259s] running install
[1.259s] running install_lib
[1.260s] running install_data
[1.260s] running install_egg_info
[1.261s] removing '/home/tedee/tb3_ws/install/turtlebot3_teleop/lib/python3.10/site-packages/turtlebot3_teleop-2.3.6-py3.10.egg-info' (and everything under it)
[1.261s] Copying ../../../build/turtlebot3_teleop/turtlebot3_teleop.egg-info to /home/tedee/tb3_ws/install/turtlebot3_teleop/lib/python3.10/site-packages/turtlebot3_teleop-2.3.6-py3.10.egg-info
[1.262s] running install_scripts
[1.274s] Installing teleop_keyboard script to /home/tedee/tb3_ws/install/turtlebot3_teleop/lib/turtlebot3_teleop
[1.275s] writing list of installed files to '/home/tedee/tb3_ws/build/turtlebot3_teleop/install.log'
[1.292s] Invoked command in '/home/tedee/tb3_ws/src/turtlebot3/turtlebot3_teleop' returned '0': PYTHONPATH=/home/tedee/tb3_ws/build/turtlebot3_teleop/prefix_override:/usr/lib/python3/dist-packages/colcon_core/task/python/colcon_distutils_commands:/home/tedee/tb3_ws/install/turtlebot3_teleop/lib/python3.10/site-packages:${PYTHONPATH} /usr/bin/python3 -W ignore:setup.py install is deprecated -W ignore:easy_install command is deprecated setup.py egg_info --egg-base ../../../build/turtlebot3_teleop build --build-base /home/tedee/tb3_ws/build/turtlebot3_teleop/build install --record /home/tedee/tb3_ws/build/turtlebot3_teleop/install.log --single-version-externally-managed install_data
