[0.011s] Invoking command in '/home/tedee/tb3_ws/build/turtlebot3_node': CMAKE_PREFIX_PATH=/home/tedee/tb3_ws/install/turtlebot3_msgs:/home/tedee/tb3_ws/install/turtlebot3:/home/tedee/tb3_ws/install/turtlebot3_simulations:/home/tedee/tb3_ws/install/turtlebot3_bringup:/home/tedee/tb3_ws/install/turtlebot3_node:/home/tedee/tb3_ws/install/turtlebot3_navigation2:/home/tedee/tb3_ws/install/turtlebot3_fake_node:/home/tedee/tb3_ws/install/turtlebot3_manipulation_gazebo:/home/tedee/tb3_ws/install/turtlebot3_gazebo:/home/tedee/tb3_ws/install/turtlebot3_description:/home/tedee/tb3_ws/install/turtlebot3_cartographer:/home/tedee/tb3_ws/install/tb3_fsm_patrol:/home/tedee/tb3_ws/install/turtlebot3_teleop:/home/tedee/tb3_ws/install/turtlebot3_example:/opt/ros/humble LD_LIBRARY_PATH=/home/tedee/tb3_ws/install/turtlebot3_msgs/lib:/usr/local/webots/lib/controller:/usr/lib/x86_64-linux-gnu/gazebo-11/plugins:/opt/ros/humble/opt/rviz_ogre_vendor/lib:/opt/ros/humble/lib/x86_64-linux-gnu:/opt/ros/humble/lib:/usr/lib/x86_64-linux-gnu/gazebo-11/plugins /usr/bin/cmake --build /home/tedee/tb3_ws/build/turtlebot3_node -- -j20 -l20
[0.186s] [ 85%] Built target turtlebot3_node_lib
[0.187s] [100%] Built target turtlebot3_ros
[0.189s] Invoked command in '/home/tedee/tb3_ws/build/turtlebot3_node' returned '0': CMAKE_PREFIX_PATH=/home/tedee/tb3_ws/install/turtlebot3_msgs:/home/tedee/tb3_ws/install/turtlebot3:/home/tedee/tb3_ws/install/turtlebot3_simulations:/home/tedee/tb3_ws/install/turtlebot3_bringup:/home/tedee/tb3_ws/install/turtlebot3_node:/home/tedee/tb3_ws/install/turtlebot3_navigation2:/home/tedee/tb3_ws/install/turtlebot3_fake_node:/home/tedee/tb3_ws/install/turtlebot3_manipulation_gazebo:/home/tedee/tb3_ws/install/turtlebot3_gazebo:/home/tedee/tb3_ws/install/turtlebot3_description:/home/tedee/tb3_ws/install/turtlebot3_cartographer:/home/tedee/tb3_ws/install/tb3_fsm_patrol:/home/tedee/tb3_ws/install/turtlebot3_teleop:/home/tedee/tb3_ws/install/turtlebot3_example:/opt/ros/humble LD_LIBRARY_PATH=/home/tedee/tb3_ws/install/turtlebot3_msgs/lib:/usr/local/webots/lib/controller:/usr/lib/x86_64-linux-gnu/gazebo-11/plugins:/opt/ros/humble/opt/rviz_ogre_vendor/lib:/opt/ros/humble/lib/x86_64-linux-gnu:/opt/ros/humble/lib:/usr/lib/x86_64-linux-gnu/gazebo-11/plugins /usr/bin/cmake --build /home/tedee/tb3_ws/build/turtlebot3_node -- -j20 -l20
[0.190s] Invoking command in '/home/tedee/tb3_ws/build/turtlebot3_node': CMAKE_PREFIX_PATH=/home/tedee/tb3_ws/install/turtlebot3_msgs:/home/tedee/tb3_ws/install/turtlebot3:/home/tedee/tb3_ws/install/turtlebot3_simulations:/home/tedee/tb3_ws/install/turtlebot3_bringup:/home/tedee/tb3_ws/install/turtlebot3_node:/home/tedee/tb3_ws/install/turtlebot3_navigation2:/home/tedee/tb3_ws/install/turtlebot3_fake_node:/home/tedee/tb3_ws/install/turtlebot3_manipulation_gazebo:/home/tedee/tb3_ws/install/turtlebot3_gazebo:/home/tedee/tb3_ws/install/turtlebot3_description:/home/tedee/tb3_ws/install/turtlebot3_cartographer:/home/tedee/tb3_ws/install/tb3_fsm_patrol:/home/tedee/tb3_ws/install/turtlebot3_teleop:/home/tedee/tb3_ws/install/turtlebot3_example:/opt/ros/humble LD_LIBRARY_PATH=/home/tedee/tb3_ws/install/turtlebot3_msgs/lib:/usr/local/webots/lib/controller:/usr/lib/x86_64-linux-gnu/gazebo-11/plugins:/opt/ros/humble/opt/rviz_ogre_vendor/lib:/opt/ros/humble/lib/x86_64-linux-gnu:/opt/ros/humble/lib:/usr/lib/x86_64-linux-gnu/gazebo-11/plugins /usr/bin/cmake --install /home/tedee/tb3_ws/build/turtlebot3_node
[0.196s] -- Install configuration: ""
[0.197s] -- Execute custom install script
[0.197s] -- Up-to-date symlink: /home/tedee/tb3_ws/install/turtlebot3_node/share/turtlebot3_node/param/burger.yaml
[0.197s] -- Up-to-date symlink: /home/tedee/tb3_ws/install/turtlebot3_node/share/turtlebot3_node/param/waffle.yaml
[0.197s] -- Up-to-date symlink: /home/tedee/tb3_ws/install/turtlebot3_node/share/turtlebot3_node/param/waffle_pi.yaml
[0.197s] -- Up-to-date symlink: /home/tedee/tb3_ws/install/turtlebot3_node/lib/turtlebot3_node/turtlebot3_ros
[0.198s] -- Up-to-date symlink: /home/tedee/tb3_ws/install/turtlebot3_node/share/ament_index/resource_index/package_run_dependencies/turtlebot3_node
[0.198s] -- Up-to-date symlink: /home/tedee/tb3_ws/install/turtlebot3_node/share/ament_index/resource_index/parent_prefix_path/turtlebot3_node
[0.198s] -- Up-to-date symlink: /home/tedee/tb3_ws/install/turtlebot3_node/share/turtlebot3_node/environment/ament_prefix_path.sh
[0.198s] -- Up-to-date symlink: /home/tedee/tb3_ws/install/turtlebot3_node/share/turtlebot3_node/environment/ament_prefix_path.dsv
[0.198s] -- Up-to-date symlink: /home/tedee/tb3_ws/install/turtlebot3_node/share/turtlebot3_node/environment/path.sh
[0.198s] -- Up-to-date symlink: /home/tedee/tb3_ws/install/turtlebot3_node/share/turtlebot3_node/environment/path.dsv
[0.198s] -- Up-to-date symlink: /home/tedee/tb3_ws/install/turtlebot3_node/share/turtlebot3_node/local_setup.bash
[0.198s] -- Up-to-date symlink: /home/tedee/tb3_ws/install/turtlebot3_node/share/turtlebot3_node/local_setup.sh
[0.199s] -- Up-to-date symlink: /home/tedee/tb3_ws/install/turtlebot3_node/share/turtlebot3_node/local_setup.zsh
[0.199s] -- Up-to-date symlink: /home/tedee/tb3_ws/install/turtlebot3_node/share/turtlebot3_node/local_setup.dsv
[0.199s] -- Symlinking: /home/tedee/tb3_ws/install/turtlebot3_node/share/turtlebot3_node/package.dsv
[0.206s] -- Up-to-date symlink: /home/tedee/tb3_ws/install/turtlebot3_node/share/ament_index/resource_index/packages/turtlebot3_node
[0.206s] -- Up-to-date symlink: /home/tedee/tb3_ws/install/turtlebot3_node/share/turtlebot3_node/cmake/ament_cmake_export_dependencies-extras.cmake
[0.206s] -- Up-to-date symlink: /home/tedee/tb3_ws/install/turtlebot3_node/share/turtlebot3_node/cmake/ament_cmake_export_include_directories-extras.cmake
[0.206s] -- Up-to-date symlink: /home/tedee/tb3_ws/install/turtlebot3_node/share/turtlebot3_node/cmake/turtlebot3_nodeConfig.cmake
[0.206s] -- Up-to-date symlink: /home/tedee/tb3_ws/install/turtlebot3_node/share/turtlebot3_node/cmake/turtlebot3_nodeConfig-version.cmake
[0.206s] -- Up-to-date symlink: /home/tedee/tb3_ws/install/turtlebot3_node/share/turtlebot3_node/package.xml
[0.208s] Invoked command in '/home/tedee/tb3_ws/build/turtlebot3_node' returned '0': CMAKE_PREFIX_PATH=/home/tedee/tb3_ws/install/turtlebot3_msgs:/home/tedee/tb3_ws/install/turtlebot3:/home/tedee/tb3_ws/install/turtlebot3_simulations:/home/tedee/tb3_ws/install/turtlebot3_bringup:/home/tedee/tb3_ws/install/turtlebot3_node:/home/tedee/tb3_ws/install/turtlebot3_navigation2:/home/tedee/tb3_ws/install/turtlebot3_fake_node:/home/tedee/tb3_ws/install/turtlebot3_manipulation_gazebo:/home/tedee/tb3_ws/install/turtlebot3_gazebo:/home/tedee/tb3_ws/install/turtlebot3_description:/home/tedee/tb3_ws/install/turtlebot3_cartographer:/home/tedee/tb3_ws/install/tb3_fsm_patrol:/home/tedee/tb3_ws/install/turtlebot3_teleop:/home/tedee/tb3_ws/install/turtlebot3_example:/opt/ros/humble LD_LIBRARY_PATH=/home/tedee/tb3_ws/install/turtlebot3_msgs/lib:/usr/local/webots/lib/controller:/usr/lib/x86_64-linux-gnu/gazebo-11/plugins:/opt/ros/humble/opt/rviz_ogre_vendor/lib:/opt/ros/humble/lib/x86_64-linux-gnu:/opt/ros/humble/lib:/usr/lib/x86_64-linux-gnu/gazebo-11/plugins /usr/bin/cmake --install /home/tedee/tb3_ws/build/turtlebot3_node
